{"recorder_version":"9","session":"90ae8344a65e","build":"191.6183.87","bucket":"87","time":1651191632940,"group":{"id":"settings","version":"2"},"event":{"state":true,"data":{"created":1651191632950,"invoked":true},"id":"NotRoamableUiSettings"}}
{"recorder_version":"9","session":"90ae8344a65e","build":"191.6183.87","bucket":"87","time":1651191632948,"group":{"id":"settings","version":"2"},"event":{"state":true,"data":{"created":1651191632960,"invoked":true},"id":"UISettings"}}
{"recorder_version":"9","session":"90ae8344a65e","build":"191.6183.87","bucket":"87","time":1651191632960,"group":{"id":"system.os","version":"1"},"event":{"state":true,"data":{"created":1651191632970,"version":"10.0"},"id":"Windows"}}
{"recorder_version":"9","session":"90ae8344a65e","build":"191.6183.87","bucket":"87","time":1651191632960,"group":{"id":"system.os","version":"1"},"event":{"state":true,"data":{"created":1651191632970},"id":"invoked"}}
{"recorder_version":"9","session":"90ae8344a65e","build":"191.6183.87","bucket":"87","time":1651191632960,"group":{"id":"system.java","version":"1"},"event":{"state":true,"data":{"created":1651191632970,"version":"1.8"},"id":"JetBrains"}}
{"recorder_version":"9","session":"90ae8344a65e","build":"191.6183.87","bucket":"87","time":1651191632960,"group":{"id":"system.java","version":"1"},"event":{"state":true,"data":{"created":1651191632970},"id":"invoked"}}
{"recorder_version":"9","session":"90ae8344a65e","build":"191.6183.87","bucket":"87","time":1651191633615,"group":{"id":"settings","version":"2"},"event":{"state":true,"data":{"created":1651191633615,"invoked":true},"id":"GeneralSettings"}}
{"recorder_version":"9","session":"90ae8344a65e","build":"191.6183.87","bucket":"87","time":1651191635749,"group":{"id":"performance","version":"9"},"event":{"count":1,"data":{"duration_ms":1027,"created":1651191635749},"id":"ui.latency"}}
{"recorder_version":"9","session":"90ae8344a65e","build":"191.6183.87","bucket":"87","time":1651191635749,"group":{"id":"performance","version":"9"},"event":{"count":1,"data":{"duration_ms":1027,"created":1651191635749},"id":"ui.lagging"}}
{"recorder_version":"9","session":"90ae8344a65e","build":"191.6183.87","bucket":"87","time":1651191636081,"group":{"id":"ui.dialogs","version":"9"},"event":{"count":1,"data":{"created":1651191636081,"plugin_type":"PLATFORM","type":"show"},"id":"com.intellij.openapi.progress.util.ProgressDialog$MyDialogWrapper"}}
{"recorder_version":"9","session":"90ae8344a65e","build":"191.6183.87","bucket":"87","time":1651191638875,"group":{"id":"ui.dialogs","version":"9"},"event":{"count":1,"data":{"code":1,"created":1651191638875,"plugin_type":"PLATFORM","type":"close"},"id":"com.intellij.openapi.progress.util.ProgressDialog$MyDialogWrapper"}}
{"recorder_version":"9","session":"90ae8344a65e","build":"191.6183.87","bucket":"87","time":1651191638895,"group":{"id":"lifecycle","version":"9"},"event":{"count":1,"data":{"created":1651191638895,"project":"c938f837cc5573a44f8c28b25263ac61ed2b50ac2c3a837cd72b373b06ece8fa"},"id":"project.opened"}}
{"recorder_version":"9","session":"90ae8344a65e","build":"191.6183.87","bucket":"87","time":1651191639590,"group":{"id":"performance","version":"9"},"event":{"count":1,"data":{"duration_ms":655,"created":1651191639590},"id":"ui.lagging"}}
{"recorder_version":"9","session":"90ae8344a65e","build":"191.6183.87","bucket":"87","time":1651191639648,"group":{"id":"ui.dialogs","version":"9"},"event":{"count":1,"data":{"created":1651191639648,"plugin_type":"PLATFORM","type":"show"},"id":"com.intellij.openapi.progress.util.ProgressDialog$MyDialogWrapper"}}
{"recorder_version":"9","session":"90ae8344a65e","build":"191.6183.87","bucket":"87","time":1651191639982,"group":{"id":"toolwindow","version":"9"},"event":{"count":1,"data":{"os":"Windows","created":1651191639982,"plugin_type":"NOT_LISTED"},"id":"unknown"}}
{"recorder_version":"9","session":"90ae8344a65e","build":"191.6183.87","bucket":"87","time":1651191640103,"group":{"id":"lifecycle","version":"9"},"event":{"count":1,"data":{"internal":true,"eap":false,"created":1651191640103},"id":"ide.start"}}
{"recorder_version":"9","session":"90ae8344a65e","build":"191.6183.87","bucket":"87","time":1651191640345,"group":{"id":"performance","version":"9"},"event":{"count":1,"data":{"duration_ms":396,"created":1651191640345},"id":"ui.lagging"}}
{"recorder_version":"9","session":"90ae8344a65e","build":"191.6183.87","bucket":"87","time":1651191640355,"group":{"id":"lifecycle","version":"9"},"event":{"count":1,"data":{"plugin":"unknown","created":1651191640355,"oom":false,"mapping_failed":false},"id":"ide.error"}}
{"recorder_version":"9","session":"90ae8344a65e","build":"191.6183.87","bucket":"87","time":1651191640424,"group":{"id":"ui.tips","version":"1"},"event":{"count":1,"data":{"created":1651191640426},"id":"shown.automatically"}}
{"recorder_version":"9","session":"90ae8344a65e","build":"191.6183.87","bucket":"87","time":1651191640516,"group":{"id":"ui.dialogs","version":"9"},"event":{"count":1,"data":{"created":1651191640516,"plugin_type":"PLATFORM","type":"show"},"id":"com.intellij.ide.util.TipDialog"}}
{"recorder_version":"9","session":"90ae8344a65e","build":"191.6183.87","bucket":"87","time":1651191640667,"group":{"id":"project.fs","version":"1"},"event":{"state":true,"data":{"os":"Windows","cs-project":false,"created":1651191640667,"project":"c938f837cc5573a44f8c28b25263ac61ed2b50ac2c3a837cd72b373b06ece8fa","cs-implicit":true,"cs-system":false},"id":"case-sensitivity"}}
{"recorder_version":"9","session":"90ae8344a65e","build":"191.6183.87","bucket":"87","time":1651191640667,"group":{"id":"project.fs","version":"1"},"event":{"state":true,"data":{"created":1651191640667},"id":"invoked"}}
{"recorder_version":"9","session":"90ae8344a65e","build":"191.6183.87","bucket":"87","time":1651191640667,"group":{"id":"project.fs","version":"1"},"event":{"state":true,"data":{"pct-non-watched":0,"created":1651191640667,"project":"c938f837cc5573a44f8c28b25263ac61ed2b50ac2c3a837cd72b373b06ece8fa"},"id":"roots-watched"}}
{"recorder_version":"9","session":"90ae8344a65e","build":"191.6183.87","bucket":"87","time":1651191640667,"group":{"id":"project.fs","version":"1"},"event":{"state":true,"data":{"created":1651191640667},"id":"invoked"}}
{"recorder_version":"9","session":"90ae8344a65e","build":"191.6183.87","bucket":"87","time":1651191640762,"group":{"id":"ui.dialogs","version":"9"},"event":{"count":1,"data":{"code":1,"created":1651191640763,"plugin_type":"PLATFORM","type":"close"},"id":"com.intellij.openapi.progress.util.ProgressDialog$MyDialogWrapper"}}
{"recorder_version":"9","session":"90ae8344a65e","build":"191.6183.87","bucket":"87","time":1651191640829,"group":{"id":"lifecycle","version":"9"},"event":{"count":1,"data":{"created":1651191640829,"time_ms":5245,"project":"c938f837cc5573a44f8c28b25263ac61ed2b50ac2c3a837cd72b373b06ece8fa"},"id":"project.opening.finished"}}
