{"recorder_version":"9","session":"06c42b25b449","build":"191.6183.87","bucket":"87","time":1651190967599,"group":{"id":"settings","version":"2"},"event":{"state":true,"data":{"created":1651190967599,"invoked":true},"id":"NotRoamableUiSettings"}}
{"recorder_version":"9","session":"06c42b25b449","build":"191.6183.87","bucket":"87","time":1651190967599,"group":{"id":"system.os","version":"1"},"event":{"state":true,"data":{"created":1651190967607,"version":"10.0"},"id":"Windows"}}
{"recorder_version":"9","session":"06c42b25b449","build":"191.6183.87","bucket":"87","time":1651190967599,"group":{"id":"system.os","version":"1"},"event":{"state":true,"data":{"created":1651190967617},"id":"invoked"}}
{"recorder_version":"9","session":"06c42b25b449","build":"191.6183.87","bucket":"87","time":1651190967599,"group":{"id":"system.java","version":"1"},"event":{"state":true,"data":{"created":1651190967617,"version":"1.8"},"id":"JetBrains"}}
{"recorder_version":"9","session":"06c42b25b449","build":"191.6183.87","bucket":"87","time":1651190967599,"group":{"id":"system.java","version":"1"},"event":{"state":true,"data":{"created":1651190967617},"id":"invoked"}}
{"recorder_version":"9","session":"06c42b25b449","build":"191.6183.87","bucket":"87","time":1651190967599,"group":{"id":"settings","version":"2"},"event":{"state":true,"data":{"created":1651190967619,"invoked":true},"id":"UISettings"}}
{"recorder_version":"9","session":"06c42b25b449","build":"191.6183.87","bucket":"87","time":1651190968258,"group":{"id":"settings","version":"2"},"event":{"state":true,"data":{"created":1651190968258,"invoked":true},"id":"GeneralSettings"}}
{"recorder_version":"9","session":"06c42b25b449","build":"191.6183.87","bucket":"87","time":1651190969541,"group":{"id":"performance","version":"9"},"event":{"count":1,"data":{"duration_ms":403,"created":1651190969541},"id":"ui.latency"}}
{"recorder_version":"9","session":"06c42b25b449","build":"191.6183.87","bucket":"87","time":1651190969541,"group":{"id":"performance","version":"9"},"event":{"count":1,"data":{"duration_ms":403,"created":1651190969541},"id":"ui.lagging"}}
{"recorder_version":"9","session":"06c42b25b449","build":"191.6183.87","bucket":"87","time":1651190969873,"group":{"id":"ui.dialogs","version":"9"},"event":{"count":1,"data":{"created":1651190969873,"plugin_type":"PLATFORM","type":"show"},"id":"com.intellij.openapi.progress.util.ProgressDialog$MyDialogWrapper"}}
{"recorder_version":"9","session":"06c42b25b449","build":"191.6183.87","bucket":"87","time":1651190971093,"group":{"id":"ui.dialogs","version":"9"},"event":{"count":1,"data":{"code":1,"created":1651190971093,"plugin_type":"PLATFORM","type":"close"},"id":"com.intellij.openapi.progress.util.ProgressDialog$MyDialogWrapper"}}
{"recorder_version":"9","session":"06c42b25b449","build":"191.6183.87","bucket":"87","time":1651190971113,"group":{"id":"lifecycle","version":"9"},"event":{"count":1,"data":{"created":1651190971113,"project":"c938f837cc5573a44f8c28b25263ac61ed2b50ac2c3a837cd72b373b06ece8fa"},"id":"project.opened"}}
{"recorder_version":"9","session":"06c42b25b449","build":"191.6183.87","bucket":"87","time":1651190971919,"group":{"id":"performance","version":"9"},"event":{"count":1,"data":{"duration_ms":756,"created":1651190971919},"id":"ui.lagging"}}
{"recorder_version":"9","session":"06c42b25b449","build":"191.6183.87","bucket":"87","time":1651190971959,"group":{"id":"ui.dialogs","version":"9"},"event":{"count":1,"data":{"created":1651190971969,"plugin_type":"PLATFORM","type":"show"},"id":"com.intellij.openapi.progress.util.ProgressDialog$MyDialogWrapper"}}
{"recorder_version":"9","session":"06c42b25b449","build":"191.6183.87","bucket":"87","time":1651190972140,"group":{"id":"toolwindow","version":"9"},"event":{"count":1,"data":{"os":"Windows","created":1651190972140,"plugin_type":"PLATFORM"},"id":"Project"}}
{"recorder_version":"9","session":"06c42b25b449","build":"191.6183.87","bucket":"87","time":1651190972480,"group":{"id":"performance","version":"9"},"event":{"count":1,"data":{"duration_ms":310,"created":1651190972480},"id":"ui.lagging"}}
{"recorder_version":"9","session":"06c42b25b449","build":"191.6183.87","bucket":"87","time":1651190972563,"group":{"id":"lifecycle","version":"9"},"event":{"count":1,"data":{"internal":true,"eap":false,"created":1651190972563},"id":"ide.start"}}
{"recorder_version":"9","session":"06c42b25b449","build":"191.6183.87","bucket":"87","time":1651190972583,"group":{"id":"ui.tips","version":"1"},"event":{"count":1,"data":{"created":1651190972583},"id":"shown.automatically"}}
{"recorder_version":"9","session":"06c42b25b449","build":"191.6183.87","bucket":"87","time":1651190972623,"group":{"id":"ui.dialogs","version":"9"},"event":{"count":1,"data":{"created":1651190972623,"plugin_type":"PLATFORM","type":"show"},"id":"com.intellij.ide.util.TipDialog"}}
{"recorder_version":"9","session":"06c42b25b449","build":"191.6183.87","bucket":"87","time":1651190973117,"group":{"id":"project.fs","version":"1"},"event":{"state":true,"data":{"os":"Windows","cs-project":false,"created":1651190973117,"project":"c938f837cc5573a44f8c28b25263ac61ed2b50ac2c3a837cd72b373b06ece8fa","cs-implicit":true,"cs-system":false},"id":"case-sensitivity"}}
{"recorder_version":"9","session":"06c42b25b449","build":"191.6183.87","bucket":"87","time":1651190973117,"group":{"id":"project.fs","version":"1"},"event":{"state":true,"data":{"created":1651190973117},"id":"invoked"}}
{"recorder_version":"9","session":"06c42b25b449","build":"191.6183.87","bucket":"87","time":1651190973117,"group":{"id":"project.fs","version":"1"},"event":{"state":true,"data":{"pct-non-watched":0,"created":1651190973117,"project":"c938f837cc5573a44f8c28b25263ac61ed2b50ac2c3a837cd72b373b06ece8fa"},"id":"roots-watched"}}
{"recorder_version":"9","session":"06c42b25b449","build":"191.6183.87","bucket":"87","time":1651190973117,"group":{"id":"project.fs","version":"1"},"event":{"state":true,"data":{"created":1651190973117},"id":"invoked"}}
{"recorder_version":"9","session":"06c42b25b449","build":"191.6183.87","bucket":"87","time":1651190973187,"group":{"id":"ui.dialogs","version":"9"},"event":{"count":1,"data":{"code":1,"created":1651190973187,"plugin_type":"PLATFORM","type":"close"},"id":"com.intellij.openapi.progress.util.ProgressDialog$MyDialogWrapper"}}
{"recorder_version":"9","session":"06c42b25b449","build":"191.6183.87","bucket":"87","time":1651190973217,"group":{"id":"lifecycle","version":"9"},"event":{"count":1,"data":{"created":1651190973217,"time_ms":3790,"project":"c938f837cc5573a44f8c28b25263ac61ed2b50ac2c3a837cd72b373b06ece8fa"},"id":"project.opening.finished"}}
{"recorder_version":"9","session":"06c42b25b449","build":"191.6183.87","bucket":"87","time":1651190975912,"group":{"id":"ui.dialogs","version":"9"},"event":{"count":1,"data":{"code":1,"created":1651190975912,"plugin_type":"PLATFORM","type":"close"},"id":"com.intellij.ide.util.TipDialog"}}
{"recorder_version":"9","session":"06c42b25b449","build":"191.6183.87","bucket":"87","time":1651190980254,"group":{"id":"actions","version":"9"},"event":{"count":1,"data":{"context_menu":true,"os":"Windows","created":1651190980254,"plugin_type":"NOT_LISTED","project":"c938f837cc5573a44f8c28b25263ac61ed2b50ac2c3a837cd72b373b06ece8fa","place":"MainMenu"},"id":"third.party"}}
{"recorder_version":"9","session":"06c42b25b449","build":"191.6183.87","bucket":"87","time":1651191069591,"group":{"id":"performance","version":"9"},"event":{"count":1,"data":{"duration_ms":0,"created":1651191069591},"id":"ui.latency"}}
{"recorder_version":"9","session":"06c42b25b449","build":"191.6183.87","bucket":"87","time":1651191100737,"group":{"id":"toolwindow","version":"9"},"event":{"count":1,"data":{"os":"Windows","created":1651191100737,"plugin_type":"PLATFORM"},"id":"Project"}}
{"recorder_version":"9","session":"06c42b25b449","build":"191.6183.87","bucket":"87","time":1651191100959,"group":{"id":"performance","version":"9"},"event":{"count":1,"data":{"duration_ms":143,"created":1651191100959},"id":"ui.lagging"}}
{"recorder_version":"9","session":"06c42b25b449","build":"191.6183.87","bucket":"87","time":1651191102524,"group":{"id":"toolwindow","version":"9"},"event":{"count":1,"data":{"os":"Windows","created":1651191102524,"plugin_type":"PLATFORM"},"id":"Structure"}}
{"recorder_version":"9","session":"06c42b25b449","build":"191.6183.87","bucket":"87","time":1651191103992,"group":{"id":"performance","version":"9"},"event":{"count":1,"data":{"duration_ms":1149,"created":1651191103992},"id":"ui.lagging"}}
{"recorder_version":"9","session":"06c42b25b449","build":"191.6183.87","bucket":"87","time":1651191104007,"group":{"id":"performance","version":"9"},"event":{"count":1,"data":{"duration_ms":162,"created":1651191104007},"id":"ui.lagging"}}
{"recorder_version":"9","session":"06c42b25b449","build":"191.6183.87","bucket":"87","time":1651191104632,"group":{"id":"toolwindow","version":"9"},"event":{"count":1,"data":{"os":"Windows","created":1651191104632,"plugin_type":"PLATFORM"},"id":"Structure"}}
{"recorder_version":"9","session":"06c42b25b449","build":"191.6183.87","bucket":"87","time":1651191118968,"group":{"id":"actions","version":"9"},"event":{"count":1,"data":{"context_menu":true,"os":"Windows","created":1651191118968,"plugin_type":"PLATFORM","project":"c938f837cc5573a44f8c28b25263ac61ed2b50ac2c3a837cd72b373b06ece8fa","place":"MainMenu"},"id":"NewProject"}}
{"recorder_version":"9","session":"06c42b25b449","build":"191.6183.87","bucket":"87","time":1651191120248,"group":{"id":"performance","version":"9"},"event":{"count":1,"data":{"duration_ms":344,"created":1651191120248},"id":"ui.lagging"}}
{"recorder_version":"9","session":"06c42b25b449","build":"191.6183.87","bucket":"87","time":1651191120248,"group":{"id":"ui.dialogs","version":"9"},"event":{"count":1,"data":{"created":1651191120248,"plugin_type":"PLATFORM","type":"show"},"id":"com.intellij.ide.projectWizard.NewProjectWizard"}}
{"recorder_version":"9","session":"06c42b25b449","build":"191.6183.87","bucket":"87","time":1651191121072,"group":{"id":"performance","version":"9"},"event":{"count":1,"data":{"duration_ms":163,"created":1651191121072},"id":"ui.lagging"}}
{"recorder_version":"9","session":"06c42b25b449","build":"191.6183.87","bucket":"87","time":1651191130232,"group":{"id":"ui.dialogs","version":"9"},"event":{"count":1,"data":{"code":1,"created":1651191130232,"plugin_type":"PLATFORM","type":"close"},"id":"com.intellij.ide.projectWizard.NewProjectWizard"}}
{"recorder_version":"9","session":"06c42b25b449","build":"191.6183.87","bucket":"87","time":1651191142653,"group":{"id":"performance","version":"9"},"event":{"count":1,"data":{"duration_ms":595,"created":1651191142653},"id":"ui.lagging"}}
{"recorder_version":"9","session":"06c42b25b449","build":"191.6183.87","bucket":"87","time":1651191145231,"group":{"id":"performance","version":"9"},"event":{"count":1,"data":{"duration_ms":147,"created":1651191145231},"id":"ui.lagging"}}
{"recorder_version":"9","session":"06c42b25b449","build":"191.6183.87","bucket":"87","time":1651191169173,"group":{"id":"actions","version":"9"},"event":{"count":1,"data":{"context_menu":true,"os":"Windows","created":1651191169173,"plugin_type":"PLATFORM","project":"c938f837cc5573a44f8c28b25263ac61ed2b50ac2c3a837cd72b373b06ece8fa","place":"MainMenu"},"id":"ShowSettings"}}
{"recorder_version":"9","session":"06c42b25b449","build":"191.6183.87","bucket":"87","time":1651191172167,"group":{"id":"ui.dialogs","version":"9"},"event":{"count":1,"data":{"created":1651191172167,"plugin_type":"PLATFORM","type":"show"},"id":"com.intellij.openapi.options.newEditor.SettingsDialog"}}
{"recorder_version":"9","session":"06c42b25b449","build":"191.6183.87","bucket":"87","time":1651191172198,"group":{"id":"performance","version":"9"},"event":{"count":1,"data":{"duration_ms":2924,"created":1651191172198},"id":"ui.latency"}}
{"recorder_version":"9","session":"06c42b25b449","build":"191.6183.87","bucket":"87","time":1651191172198,"group":{"id":"performance","version":"9"},"event":{"count":1,"data":{"duration_ms":2924,"created":1651191172218},"id":"ui.lagging"}}
{"recorder_version":"9","session":"06c42b25b449","build":"191.6183.87","bucket":"87","time":1651191172220,"group":{"id":"performance","version":"9"},"event":{"count":1,"data":{"duration_ms":1944,"created":1651191172220},"id":"ui.lagging"}}
{"recorder_version":"9","session":"06c42b25b449","build":"191.6183.87","bucket":"87","time":1651191172220,"group":{"id":"performance","version":"9"},"event":{"count":1,"data":{"duration_ms":942,"created":1651191172220},"id":"ui.lagging"}}
{"recorder_version":"9","session":"06c42b25b449","build":"191.6183.87","bucket":"87","time":1651191196468,"group":{"id":"ui.dialogs","version":"9"},"event":{"count":1,"data":{"code":1,"created":1651191196468,"plugin_type":"PLATFORM","type":"close"},"id":"com.intellij.openapi.options.newEditor.SettingsDialog"}}
{"recorder_version":"9","session":"06c42b25b449","build":"191.6183.87","bucket":"87","time":1651191200945,"group":{"id":"toolwindow","version":"9"},"event":{"count":1,"data":{"os":"Windows","created":1651191200945,"plugin_type":"PLATFORM"},"id":"TODO"}}
{"recorder_version":"9","session":"06c42b25b449","build":"191.6183.87","bucket":"87","time":1651191217868,"group":{"id":"actions","version":"9"},"event":{"count":1,"data":{"context_menu":true,"os":"Windows","created":1651191217868,"plugin_type":"PLATFORM","project":"c938f837cc5573a44f8c28b25263ac61ed2b50ac2c3a837cd72b373b06ece8fa","place":"MainMenu"},"id":"com.intellij.ide.actions.ActivateToolWindowAction"}}
{"recorder_version":"9","session":"06c42b25b449","build":"191.6183.87","bucket":"87","time":1651191217868,"group":{"id":"toolwindow","version":"9"},"event":{"count":1,"data":{"os":"Windows","created":1651191217868,"plugin_type":"NOT_LISTED"},"id":"unknown"}}
{"recorder_version":"9","session":"06c42b25b449","build":"191.6183.87","bucket":"87","time":1651191217990,"group":{"id":"lifecycle","version":"9"},"event":{"count":1,"data":{"plugin":"unknown","created":1651191217990,"oom":false,"mapping_failed":false},"id":"ide.error"}}
{"recorder_version":"9","session":"06c42b25b449","build":"191.6183.87","bucket":"87","time":1651191224038,"group":{"id":"actions","version":"9"},"event":{"count":1,"data":{"context_menu":false,"os":"Windows","created":1651191224038,"plugin_type":"PLATFORM","project":"c938f837cc5573a44f8c28b25263ac61ed2b50ac2c3a837cd72b373b06ece8fa","place":"unknown"},"id":"com.intellij.diagnostic.IdeMessagePanel$4"}}
{"recorder_version":"9","session":"06c42b25b449","build":"191.6183.87","bucket":"87","time":1651191224203,"group":{"id":"ui.dialogs","version":"9"},"event":{"count":1,"data":{"created":1651191224203,"plugin_type":"PLATFORM","type":"show"},"id":"com.intellij.diagnostic.IdeMessagePanel$3"}}
{"recorder_version":"9","session":"06c42b25b449","build":"191.6183.87","bucket":"87","time":1651191269563,"group":{"id":"build.tools.actions","version":"1"},"event":{"count":1,"data":{"created":1651191269563},"id":"registered"}}
{"recorder_version":"9","session":"06c42b25b449","build":"191.6183.87","bucket":"87","time":1651191269563,"group":{"id":"file.types.usage","version":"9"},"event":{"count":1,"data":{"created":1651191269563},"id":"registered"}}
{"recorder_version":"9","session":"06c42b25b449","build":"191.6183.87","bucket":"87","time":1651191269563,"group":{"id":"actions.runAnything","version":"1"},"event":{"count":1,"data":{"created":1651191269563},"id":"registered"}}
{"recorder_version":"9","session":"06c42b25b449","build":"191.6183.87","bucket":"87","time":1651191269563,"group":{"id":"toolwindow","version":"9"},"event":{"count":1,"data":{"created":1651191269563},"id":"registered"}}
{"recorder_version":"9","session":"06c42b25b449","build":"191.6183.87","bucket":"87","time":1651191269563,"group":{"id":"live.templates","version":"9"},"event":{"count":1,"data":{"created":1651191269563},"id":"registered"}}
{"recorder_version":"9","session":"06c42b25b449","build":"191.6183.87","bucket":"87","time":1651191269563,"group":{"id":"ide.self.update","version":"1"},"event":{"count":1,"data":{"created":1651191269563},"id":"registered"}}
{"recorder_version":"9","session":"06c42b25b449","build":"191.6183.87","bucket":"87","time":1651191269563,"group":{"id":"lifecycle","version":"9"},"event":{"count":1,"data":{"created":1651191269563},"id":"registered"}}
{"recorder_version":"9","session":"06c42b25b449","build":"191.6183.87","bucket":"87","time":1651191269563,"group":{"id":"vcs.diff.trigger","version":"1"},"event":{"count":1,"data":{"created":1651191269563},"id":"registered"}}
{"recorder_version":"9","session":"06c42b25b449","build":"191.6183.87","bucket":"87","time":1651191269563,"group":{"id":"vcs.log.trigger","version":"1"},"event":{"count":1,"data":{"created":1651191269563},"id":"registered"}}
{"recorder_version":"9","session":"06c42b25b449","build":"191.6183.87","bucket":"87","time":1651191269563,"group":{"id":"productivity","version":"9"},"event":{"count":1,"data":{"created":1651191269563},"id":"registered"}}
{"recorder_version":"9","session":"06c42b25b449","build":"191.6183.87","bucket":"87","time":1651191269563,"group":{"id":"debugger.breakpoints.usage","version":"1"},"event":{"count":1,"data":{"created":1651191269563},"id":"registered"}}
{"recorder_version":"9","session":"06c42b25b449","build":"191.6183.87","bucket":"87","time":1651191269563,"group":{"id":"build.maven.actions","version":"1"},"event":{"count":1,"data":{"created":1651191269563},"id":"registered"}}
{"recorder_version":"9","session":"06c42b25b449","build":"191.6183.87","bucket":"87","time":1651191269563,"group":{"id":"intentions","version":"9"},"event":{"count":1,"data":{"created":1651191269563},"id":"registered"}}
{"recorder_version":"9","session":"06c42b25b449","build":"191.6183.87","bucket":"87","time":1651191269563,"group":{"id":"ui.dialogs","version":"9"},"event":{"count":1,"data":{"created":1651191269563},"id":"registered"}}
{"recorder_version":"9","session":"06c42b25b449","build":"191.6183.87","bucket":"87","time":1651191269563,"group":{"id":"vcs.back.forward.trigger","version":"1"},"event":{"count":1,"data":{"created":1651191269563},"id":"registered"}}
{"recorder_version":"9","session":"06c42b25b449","build":"191.6183.87","bucket":"87","time":1651191269563,"group":{"id":"toolbar","version":"9"},"event":{"count":1,"data":{"created":1651191269563},"id":"registered"}}
{"recorder_version":"9","session":"06c42b25b449","build":"191.6183.87","bucket":"87","time":1651191269563,"group":{"id":"build.gradle.actions","version":"1"},"event":{"count":1,"data":{"created":1651191269563},"id":"registered"}}
{"recorder_version":"9","session":"06c42b25b449","build":"191.6183.87","bucket":"87","time":1651191269563,"group":{"id":"performance","version":"9"},"event":{"count":1,"data":{"created":1651191269563},"id":"registered"}}
{"recorder_version":"9","session":"06c42b25b449","build":"191.6183.87","bucket":"87","time":1651191269563,"group":{"id":"searchEverywhere","version":"1"},"event":{"count":1,"data":{"created":1651191269563},"id":"registered"}}
{"recorder_version":"9","session":"06c42b25b449","build":"191.6183.87","bucket":"87","time":1651191269563,"group":{"id":"ui.tips","version":"1"},"event":{"count":1,"data":{"created":1651191269563},"id":"registered"}}
{"recorder_version":"9","session":"06c42b25b449","build":"191.6183.87","bucket":"87","time":1651191269563,"group":{"id":"import.old.config","version":"1"},"event":{"count":1,"data":{"created":1651191269563},"id":"registered"}}
{"recorder_version":"9","session":"06c42b25b449","build":"191.6183.87","bucket":"87","time":1651191269563,"group":{"id":"json.schema","version":"1"},"event":{"count":1,"data":{"created":1651191269563},"id":"registered"}}
{"recorder_version":"9","session":"06c42b25b449","build":"191.6183.87","bucket":"87","time":1651191269563,"group":{"id":"terminalShell","version":"1"},"event":{"count":1,"data":{"created":1651191269563},"id":"registered"}}
{"recorder_version":"9","session":"06c42b25b449","build":"191.6183.87","bucket":"87","time":1651191269563,"group":{"id":"completion.postfix","version":"9"},"event":{"count":1,"data":{"created":1651191269565},"id":"registered"}}
{"recorder_version":"9","session":"06c42b25b449","build":"191.6183.87","bucket":"87","time":1651191269563,"group":{"id":"actions","version":"9"},"event":{"count":1,"data":{"created":1651191269565},"id":"registered"}}
{"recorder_version":"9","session":"06c42b25b449","build":"191.6183.87","bucket":"87","time":1651191269563,"group":{"id":"run.configuration.exec","version":"9"},"event":{"count":1,"data":{"created":1651191269565},"id":"registered"}}
{"recorder_version":"9","session":"06c42b25b449","build":"191.6183.87","bucket":"87","time":1651191273023,"group":{"id":"performance","version":"9"},"event":{"count":1,"data":{"duration_ms":0,"created":1651191273023},"id":"ui.latency"}}
{"recorder_version":"9","session":"06c42b25b449","build":"191.6183.87","bucket":"87","time":1651191373735,"group":{"id":"performance","version":"9"},"event":{"count":1,"data":{"duration_ms":0,"created":1651191373735},"id":"ui.latency"}}
