{"recorder_version":"9","session":"a3d4fc315317","build":"191.6183.87","bucket":"87","time":1651192240392,"group":{"id":"settings","version":"2"},"event":{"state":true,"data":{"created":1651192240392,"invoked":true},"id":"NotRoamableUiSettings"}}
{"recorder_version":"9","session":"a3d4fc315317","build":"191.6183.87","bucket":"87","time":1651192240407,"group":{"id":"system.os","version":"1"},"event":{"state":true,"data":{"created":1651192240407,"version":"10.0"},"id":"Windows"}}
{"recorder_version":"9","session":"a3d4fc315317","build":"191.6183.87","bucket":"87","time":1651192240407,"group":{"id":"system.os","version":"1"},"event":{"state":true,"data":{"created":1651192240454},"id":"invoked"}}
{"recorder_version":"9","session":"a3d4fc315317","build":"191.6183.87","bucket":"87","time":1651192240407,"group":{"id":"system.java","version":"1"},"event":{"state":true,"data":{"created":1651192240454,"version":"1.8"},"id":"JetBrains"}}
{"recorder_version":"9","session":"a3d4fc315317","build":"191.6183.87","bucket":"87","time":1651192240407,"group":{"id":"system.java","version":"1"},"event":{"state":true,"data":{"created":1651192240454},"id":"invoked"}}
{"recorder_version":"9","session":"a3d4fc315317","build":"191.6183.87","bucket":"87","time":1651192240407,"group":{"id":"settings","version":"2"},"event":{"state":true,"data":{"created":1651192240454,"invoked":true},"id":"UISettings"}}
{"recorder_version":"9","session":"a3d4fc315317","build":"191.6183.87","bucket":"87","time":1651192243413,"group":{"id":"settings","version":"2"},"event":{"state":true,"data":{"created":1651192243413,"invoked":true},"id":"GeneralSettings"}}
{"recorder_version":"9","session":"a3d4fc315317","build":"191.6183.87","bucket":"87","time":1651192249225,"group":{"id":"performance","version":"9"},"event":{"count":1,"data":{"duration_ms":5732,"created":1651192249225},"id":"ui.latency"}}
{"recorder_version":"9","session":"a3d4fc315317","build":"191.6183.87","bucket":"87","time":1651192249225,"group":{"id":"performance","version":"9"},"event":{"count":1,"data":{"duration_ms":5732,"created":1651192249226},"id":"ui.lagging"}}
{"recorder_version":"9","session":"a3d4fc315317","build":"191.6183.87","bucket":"87","time":1651192249250,"group":{"id":"performance","version":"9"},"event":{"count":1,"data":{"duration_ms":4688,"created":1651192249250},"id":"ui.lagging"}}
{"recorder_version":"9","session":"a3d4fc315317","build":"191.6183.87","bucket":"87","time":1651192249250,"group":{"id":"performance","version":"9"},"event":{"count":1,"data":{"duration_ms":3682,"created":1651192249251},"id":"ui.lagging"}}
{"recorder_version":"9","session":"a3d4fc315317","build":"191.6183.87","bucket":"87","time":1651192249250,"group":{"id":"performance","version":"9"},"event":{"count":1,"data":{"duration_ms":2679,"created":1651192249251},"id":"ui.lagging"}}
{"recorder_version":"9","session":"a3d4fc315317","build":"191.6183.87","bucket":"87","time":1651192249250,"group":{"id":"performance","version":"9"},"event":{"count":1,"data":{"duration_ms":1677,"created":1651192249251},"id":"ui.lagging"}}
{"recorder_version":"9","session":"a3d4fc315317","build":"191.6183.87","bucket":"87","time":1651192249253,"group":{"id":"performance","version":"9"},"event":{"count":1,"data":{"duration_ms":678,"created":1651192249254},"id":"ui.lagging"}}
{"recorder_version":"9","session":"a3d4fc315317","build":"191.6183.87","bucket":"87","time":1651192249623,"group":{"id":"lifecycle","version":"9"},"event":{"count":1,"data":{"created":1651192249623,"duration_grouped":"7","duration_s":7},"id":"ide.freeze"}}
{"recorder_version":"9","session":"a3d4fc315317","build":"191.6183.87","bucket":"87","time":1651192249701,"group":{"id":"ui.dialogs","version":"9"},"event":{"count":1,"data":{"created":1651192249701,"plugin_type":"PLATFORM","type":"show"},"id":"com.intellij.openapi.progress.util.ProgressDialog$MyDialogWrapper"}}
{"recorder_version":"9","session":"a3d4fc315317","build":"191.6183.87","bucket":"87","time":1651192249924,"group":{"id":"performance","version":"9"},"event":{"count":1,"data":{"duration_ms":308,"created":1651192249924},"id":"ui.lagging"}}
{"recorder_version":"9","session":"a3d4fc315317","build":"191.6183.87","bucket":"87","time":1651192256978,"group":{"id":"ui.dialogs","version":"9"},"event":{"count":1,"data":{"code":1,"created":1651192256978,"plugin_type":"PLATFORM","type":"close"},"id":"com.intellij.openapi.progress.util.ProgressDialog$MyDialogWrapper"}}
{"recorder_version":"9","session":"a3d4fc315317","build":"191.6183.87","bucket":"87","time":1651192256991,"group":{"id":"lifecycle","version":"9"},"event":{"count":1,"data":{"created":1651192256991,"project":"c938f837cc5573a44f8c28b25263ac61ed2b50ac2c3a837cd72b373b06ece8fa"},"id":"project.opened"}}
{"recorder_version":"9","session":"a3d4fc315317","build":"191.6183.87","bucket":"87","time":1651192259084,"group":{"id":"performance","version":"9"},"event":{"count":1,"data":{"duration_ms":1386,"created":1651192259084},"id":"ui.lagging"}}
{"recorder_version":"9","session":"a3d4fc315317","build":"191.6183.87","bucket":"87","time":1651192259084,"group":{"id":"performance","version":"9"},"event":{"count":1,"data":{"duration_ms":385,"created":1651192259084},"id":"ui.lagging"}}
{"recorder_version":"9","session":"a3d4fc315317","build":"191.6183.87","bucket":"87","time":1651192259193,"group":{"id":"ui.dialogs","version":"9"},"event":{"count":1,"data":{"created":1651192259193,"plugin_type":"PLATFORM","type":"show"},"id":"com.intellij.openapi.progress.util.ProgressDialog$MyDialogWrapper"}}
{"recorder_version":"9","session":"a3d4fc315317","build":"191.6183.87","bucket":"87","time":1651192259608,"group":{"id":"toolwindow","version":"9"},"event":{"count":1,"data":{"os":"Windows","created":1651192259608,"plugin_type":"PLATFORM"},"id":"Project"}}
{"recorder_version":"9","session":"a3d4fc315317","build":"191.6183.87","bucket":"87","time":1651192260270,"group":{"id":"lifecycle","version":"9"},"event":{"count":1,"data":{"internal":true,"eap":false,"created":1651192260270},"id":"ide.start"}}
{"recorder_version":"9","session":"a3d4fc315317","build":"191.6183.87","bucket":"87","time":1651192260786,"group":{"id":"performance","version":"9"},"event":{"count":1,"data":{"duration_ms":1078,"created":1651192260786},"id":"ui.lagging"}}
{"recorder_version":"9","session":"a3d4fc315317","build":"191.6183.87","bucket":"87","time":1651192260871,"group":{"id":"performance","version":"9"},"event":{"count":1,"data":{"duration_ms":156,"created":1651192260879},"id":"ui.lagging"}}
{"recorder_version":"9","session":"a3d4fc315317","build":"191.6183.87","bucket":"87","time":1651192260918,"group":{"id":"ui.tips","version":"1"},"event":{"count":1,"data":{"created":1651192260918},"id":"shown.automatically"}}
{"recorder_version":"9","session":"a3d4fc315317","build":"191.6183.87","bucket":"87","time":1651192261052,"group":{"id":"ui.dialogs","version":"9"},"event":{"count":1,"data":{"created":1651192261052,"plugin_type":"PLATFORM","type":"show"},"id":"com.intellij.ide.util.TipDialog"}}
{"recorder_version":"9","session":"a3d4fc315317","build":"191.6183.87","bucket":"87","time":1651192261113,"group":{"id":"project.fs","version":"1"},"event":{"state":true,"data":{"os":"Windows","cs-project":false,"created":1651192261113,"project":"c938f837cc5573a44f8c28b25263ac61ed2b50ac2c3a837cd72b373b06ece8fa","cs-implicit":true,"cs-system":false},"id":"case-sensitivity"}}
{"recorder_version":"9","session":"a3d4fc315317","build":"191.6183.87","bucket":"87","time":1651192261113,"group":{"id":"project.fs","version":"1"},"event":{"state":true,"data":{"created":1651192261113},"id":"invoked"}}
{"recorder_version":"9","session":"a3d4fc315317","build":"191.6183.87","bucket":"87","time":1651192261123,"group":{"id":"project.fs","version":"1"},"event":{"state":true,"data":{"pct-non-watched":0,"created":1651192261123,"project":"c938f837cc5573a44f8c28b25263ac61ed2b50ac2c3a837cd72b373b06ece8fa"},"id":"roots-watched"}}
{"recorder_version":"9","session":"a3d4fc315317","build":"191.6183.87","bucket":"87","time":1651192261123,"group":{"id":"project.fs","version":"1"},"event":{"state":true,"data":{"created":1651192261123},"id":"invoked"}}
{"recorder_version":"9","session":"a3d4fc315317","build":"191.6183.87","bucket":"87","time":1651192261274,"group":{"id":"ui.dialogs","version":"9"},"event":{"count":1,"data":{"code":1,"created":1651192261274,"plugin_type":"PLATFORM","type":"close"},"id":"com.intellij.openapi.progress.util.ProgressDialog$MyDialogWrapper"}}
{"recorder_version":"9","session":"a3d4fc315317","build":"191.6183.87","bucket":"87","time":1651192261409,"group":{"id":"lifecycle","version":"9"},"event":{"count":1,"data":{"created":1651192261409,"time_ms":12481,"project":"c938f837cc5573a44f8c28b25263ac61ed2b50ac2c3a837cd72b373b06ece8fa"},"id":"project.opening.finished"}}
{"recorder_version":"9","session":"a3d4fc315317","build":"191.6183.87","bucket":"87","time":1651192263585,"group":{"id":"performance","version":"9"},"event":{"count":1,"data":{"duration_ms":858,"created":1651192263595},"id":"ui.lagging"}}
{"recorder_version":"9","session":"a3d4fc315317","build":"191.6183.87","bucket":"87","time":1651192263736,"group":{"id":"ui.dialogs","version":"9"},"event":{"count":1,"data":{"code":1,"created":1651192263736,"plugin_type":"PLATFORM","type":"close"},"id":"com.intellij.ide.util.TipDialog"}}
{"recorder_version":"9","session":"a3d4fc315317","build":"191.6183.87","bucket":"87","time":1651192297888,"group":{"id":"actions","version":"9"},"event":{"count":1,"data":{"context_menu":true,"os":"Windows","created":1651192297888,"plugin_type":"PLATFORM","project":"c938f837cc5573a44f8c28b25263ac61ed2b50ac2c3a837cd72b373b06ece8fa","place":"MainMenu"},"id":"com.intellij.ide.actions.ActivateToolWindowAction"}}
{"recorder_version":"9","session":"a3d4fc315317","build":"191.6183.87","bucket":"87","time":1651192297888,"group":{"id":"toolwindow","version":"9"},"event":{"count":1,"data":{"os":"Windows","created":1651192297888,"plugin_type":"NOT_LISTED"},"id":"unknown"}}
{"recorder_version":"9","session":"a3d4fc315317","build":"191.6183.87","bucket":"87","time":1651192297953,"group":{"id":"toolwindow","version":"9"},"event":{"count":1,"data":{"os":"Windows","created":1651192297957,"plugin_type":"PLATFORM"},"id":"Project"}}
