{"recorder_version":"9","session":"3f0434a3d1a6","build":"191.6183.87","bucket":"87","time":1651190048649,"group":{"id":"settings","version":"2"},"event":{"state":true,"data":{"created":1651190048649,"invoked":true},"id":"NotRoamableUiSettings"}}
{"recorder_version":"9","session":"3f0434a3d1a6","build":"191.6183.87","bucket":"87","time":1651190048657,"group":{"id":"settings","version":"2"},"event":{"state":true,"data":{"created":1651190048659,"invoked":true},"id":"UISettings"}}
{"recorder_version":"9","session":"3f0434a3d1a6","build":"191.6183.87","bucket":"87","time":1651190048657,"group":{"id":"system.os","version":"1"},"event":{"state":true,"data":{"created":1651190048669,"version":"10.0"},"id":"Windows"}}
{"recorder_version":"9","session":"3f0434a3d1a6","build":"191.6183.87","bucket":"87","time":1651190048657,"group":{"id":"system.os","version":"1"},"event":{"state":true,"data":{"created":1651190048669},"id":"invoked"}}
{"recorder_version":"9","session":"3f0434a3d1a6","build":"191.6183.87","bucket":"87","time":1651190048657,"group":{"id":"system.java","version":"1"},"event":{"state":true,"data":{"created":1651190048669,"version":"1.8"},"id":"JetBrains"}}
{"recorder_version":"9","session":"3f0434a3d1a6","build":"191.6183.87","bucket":"87","time":1651190048657,"group":{"id":"system.java","version":"1"},"event":{"state":true,"data":{"created":1651190048669},"id":"invoked"}}
{"recorder_version":"9","session":"3f0434a3d1a6","build":"191.6183.87","bucket":"87","time":1651190049703,"group":{"id":"settings","version":"2"},"event":{"state":true,"data":{"created":1651190049703,"invoked":true},"id":"GeneralSettings"}}
{"recorder_version":"9","session":"3f0434a3d1a6","build":"191.6183.87","bucket":"87","time":1651190050861,"group":{"id":"performance","version":"9"},"event":{"count":1,"data":{"duration_ms":321,"created":1651190050861},"id":"ui.latency"}}
{"recorder_version":"9","session":"3f0434a3d1a6","build":"191.6183.87","bucket":"87","time":1651190050861,"group":{"id":"performance","version":"9"},"event":{"count":1,"data":{"duration_ms":321,"created":1651190050861},"id":"ui.lagging"}}
{"recorder_version":"9","session":"3f0434a3d1a6","build":"191.6183.87","bucket":"87","time":1651190051203,"group":{"id":"ui.dialogs","version":"9"},"event":{"count":1,"data":{"created":1651190051203,"plugin_type":"PLATFORM","type":"show"},"id":"com.intellij.openapi.progress.util.ProgressDialog$MyDialogWrapper"}}
{"recorder_version":"9","session":"3f0434a3d1a6","build":"191.6183.87","bucket":"87","time":1651190052370,"group":{"id":"ui.dialogs","version":"9"},"event":{"count":1,"data":{"code":1,"created":1651190052370,"plugin_type":"PLATFORM","type":"close"},"id":"com.intellij.openapi.progress.util.ProgressDialog$MyDialogWrapper"}}
{"recorder_version":"9","session":"3f0434a3d1a6","build":"191.6183.87","bucket":"87","time":1651190052382,"group":{"id":"lifecycle","version":"9"},"event":{"count":1,"data":{"created":1651190052382,"project":"c938f837cc5573a44f8c28b25263ac61ed2b50ac2c3a837cd72b373b06ece8fa"},"id":"project.opened"}}
{"recorder_version":"9","session":"3f0434a3d1a6","build":"191.6183.87","bucket":"87","time":1651190053027,"group":{"id":"performance","version":"9"},"event":{"count":1,"data":{"duration_ms":475,"created":1651190053027},"id":"ui.lagging"}}
{"recorder_version":"9","session":"3f0434a3d1a6","build":"191.6183.87","bucket":"87","time":1651190053057,"group":{"id":"ui.dialogs","version":"9"},"event":{"count":1,"data":{"created":1651190053057,"plugin_type":"PLATFORM","type":"show"},"id":"com.intellij.openapi.progress.util.ProgressDialog$MyDialogWrapper"}}
{"recorder_version":"9","session":"3f0434a3d1a6","build":"191.6183.87","bucket":"87","time":1651190053219,"group":{"id":"toolwindow","version":"9"},"event":{"count":1,"data":{"os":"Windows","created":1651190053229,"plugin_type":"PLATFORM"},"id":"Project"}}
{"recorder_version":"9","session":"3f0434a3d1a6","build":"191.6183.87","bucket":"87","time":1651190053525,"group":{"id":"ui.tips","version":"1"},"event":{"count":1,"data":{"created":1651190053525},"id":"shown.automatically"}}
{"recorder_version":"9","session":"3f0434a3d1a6","build":"191.6183.87","bucket":"87","time":1651190053565,"group":{"id":"ui.dialogs","version":"9"},"event":{"count":1,"data":{"created":1651190053565,"plugin_type":"PLATFORM","type":"show"},"id":"com.intellij.ide.util.TipDialog"}}
{"recorder_version":"9","session":"3f0434a3d1a6","build":"191.6183.87","bucket":"87","time":1651190053614,"group":{"id":"lifecycle","version":"9"},"event":{"count":1,"data":{"internal":true,"eap":false,"created":1651190053614},"id":"ide.start"}}
{"recorder_version":"9","session":"3f0434a3d1a6","build":"191.6183.87","bucket":"87","time":1651190053928,"group":{"id":"performance","version":"9"},"event":{"count":1,"data":{"duration_ms":355,"created":1651190053929},"id":"ui.lagging"}}
{"recorder_version":"9","session":"3f0434a3d1a6","build":"191.6183.87","bucket":"87","time":1651190053946,"group":{"id":"project.fs","version":"1"},"event":{"state":true,"data":{"os":"Windows","cs-project":false,"created":1651190053946,"project":"c938f837cc5573a44f8c28b25263ac61ed2b50ac2c3a837cd72b373b06ece8fa","cs-implicit":true,"cs-system":false},"id":"case-sensitivity"}}
{"recorder_version":"9","session":"3f0434a3d1a6","build":"191.6183.87","bucket":"87","time":1651190053946,"group":{"id":"project.fs","version":"1"},"event":{"state":true,"data":{"created":1651190053947},"id":"invoked"}}
{"recorder_version":"9","session":"3f0434a3d1a6","build":"191.6183.87","bucket":"87","time":1651190053947,"group":{"id":"project.fs","version":"1"},"event":{"state":true,"data":{"pct-non-watched":0,"created":1651190053947,"project":"c938f837cc5573a44f8c28b25263ac61ed2b50ac2c3a837cd72b373b06ece8fa"},"id":"roots-watched"}}
{"recorder_version":"9","session":"3f0434a3d1a6","build":"191.6183.87","bucket":"87","time":1651190053947,"group":{"id":"project.fs","version":"1"},"event":{"state":true,"data":{"created":1651190053947},"id":"invoked"}}
{"recorder_version":"9","session":"3f0434a3d1a6","build":"191.6183.87","bucket":"87","time":1651190054022,"group":{"id":"ui.dialogs","version":"9"},"event":{"count":1,"data":{"code":1,"created":1651190054030,"plugin_type":"PLATFORM","type":"close"},"id":"com.intellij.openapi.progress.util.ProgressDialog$MyDialogWrapper"}}
{"recorder_version":"9","session":"3f0434a3d1a6","build":"191.6183.87","bucket":"87","time":1651190054093,"group":{"id":"lifecycle","version":"9"},"event":{"count":1,"data":{"created":1651190054093,"time_ms":3346,"project":"c938f837cc5573a44f8c28b25263ac61ed2b50ac2c3a837cd72b373b06ece8fa"},"id":"project.opening.finished"}}
{"recorder_version":"9","session":"3f0434a3d1a6","build":"191.6183.87","bucket":"87","time":1651190056524,"group":{"id":"performance","version":"9"},"event":{"count":1,"data":{"duration_ms":914,"created":1651190056524},"id":"ui.lagging"}}
{"recorder_version":"9","session":"3f0434a3d1a6","build":"191.6183.87","bucket":"87","time":1651190056526,"group":{"id":"ui.dialogs","version":"9"},"event":{"count":1,"data":{"code":1,"created":1651190056526,"plugin_type":"PLATFORM","type":"close"},"id":"com.intellij.ide.util.TipDialog"}}
{"recorder_version":"9","session":"3f0434a3d1a6","build":"191.6183.87","bucket":"87","time":1651190056765,"group":{"id":"performance","version":"9"},"event":{"count":1,"data":{"duration_ms":141,"created":1651190056767},"id":"ui.lagging"}}
{"recorder_version":"9","session":"3f0434a3d1a6","build":"191.6183.87","bucket":"87","time":1651190060780,"group":{"id":"performance","version":"9"},"event":{"count":1,"data":{"duration_ms":129,"created":1651190060780},"id":"ui.lagging"}}
{"recorder_version":"9","session":"3f0434a3d1a6","build":"191.6183.87","bucket":"87","time":1651190063611,"group":{"id":"actions","version":"9"},"event":{"count":5,"data":{"context_menu":true,"os":"Windows","last":1651190076023,"created":1651190063611,"plugin_type":"NOT_LISTED","project":"c938f837cc5573a44f8c28b25263ac61ed2b50ac2c3a837cd72b373b06ece8fa","place":"MainMenu"},"id":"third.party"}}
{"recorder_version":"9","session":"3f0434a3d1a6","build":"191.6183.87","bucket":"87","time":1651190077676,"group":{"id":"ui.dialogs","version":"9"},"event":{"count":1,"data":{"created":1651190077677,"plugin_type":"PLATFORM","type":"show"},"id":"com.intellij.openapi.ui.messages.MessageDialog"}}
{"recorder_version":"9","session":"3f0434a3d1a6","build":"191.6183.87","bucket":"87","time":1651190079071,"group":{"id":"lifecycle","version":"9"},"event":{"count":1,"data":{"restart":false,"created":1651190079073},"id":"ide.close"}}
{"recorder_version":"9","session":"3f0434a3d1a6","build":"191.6183.87","bucket":"87","time":1651190079454,"group":{"id":"lifecycle","version":"9"},"event":{"count":1,"data":{"created":1651190079454,"project":"c938f837cc5573a44f8c28b25263ac61ed2b50ac2c3a837cd72b373b06ece8fa"},"id":"project.closed"}}
