{"recorder_version":"9","session":"59924885ec4e","build":"191.6183.87","bucket":"87","time":1651187243602,"group":{"id":"settings","version":"2"},"event":{"state":true,"data":{"created":1651187243610,"invoked":true},"id":"NotRoamableUiSettings"}}
{"recorder_version":"9","session":"59924885ec4e","build":"191.6183.87","bucket":"87","time":1651187243602,"group":{"id":"settings","version":"2"},"event":{"state":true,"data":{"created":1651187243621,"invoked":true},"id":"UISettings"}}
{"recorder_version":"9","session":"59924885ec4e","build":"191.6183.87","bucket":"87","time":1651187243612,"group":{"id":"system.os","version":"1"},"event":{"state":true,"data":{"created":1651187243631,"version":"10.0"},"id":"Windows"}}
{"recorder_version":"9","session":"59924885ec4e","build":"191.6183.87","bucket":"87","time":1651187243621,"group":{"id":"system.os","version":"1"},"event":{"state":true,"data":{"created":1651187243631},"id":"invoked"}}
{"recorder_version":"9","session":"59924885ec4e","build":"191.6183.87","bucket":"87","time":1651187243621,"group":{"id":"system.java","version":"1"},"event":{"state":true,"data":{"created":1651187243633,"version":"1.8"},"id":"JetBrains"}}
{"recorder_version":"9","session":"59924885ec4e","build":"191.6183.87","bucket":"87","time":1651187243621,"group":{"id":"system.java","version":"1"},"event":{"state":true,"data":{"created":1651187243633},"id":"invoked"}}
{"recorder_version":"9","session":"59924885ec4e","build":"191.6183.87","bucket":"87","time":1651187244245,"group":{"id":"settings","version":"2"},"event":{"state":true,"data":{"created":1651187244245,"invoked":true},"id":"GeneralSettings"}}
{"recorder_version":"9","session":"59924885ec4e","build":"191.6183.87","bucket":"87","time":1651187245445,"group":{"id":"performance","version":"9"},"event":{"count":1,"data":{"duration_ms":302,"created":1651187245445},"id":"ui.latency"}}
{"recorder_version":"9","session":"59924885ec4e","build":"191.6183.87","bucket":"87","time":1651187245445,"group":{"id":"performance","version":"9"},"event":{"count":1,"data":{"duration_ms":302,"created":1651187245445},"id":"ui.lagging"}}
{"recorder_version":"9","session":"59924885ec4e","build":"191.6183.87","bucket":"87","time":1651187245779,"group":{"id":"ui.dialogs","version":"9"},"event":{"count":1,"data":{"created":1651187245779,"plugin_type":"PLATFORM","type":"show"},"id":"com.intellij.openapi.progress.util.ProgressDialog$MyDialogWrapper"}}
{"recorder_version":"9","session":"59924885ec4e","build":"191.6183.87","bucket":"87","time":1651187246932,"group":{"id":"ui.dialogs","version":"9"},"event":{"count":1,"data":{"code":1,"created":1651187246932,"plugin_type":"PLATFORM","type":"close"},"id":"com.intellij.openapi.progress.util.ProgressDialog$MyDialogWrapper"}}
{"recorder_version":"9","session":"59924885ec4e","build":"191.6183.87","bucket":"87","time":1651187246962,"group":{"id":"lifecycle","version":"9"},"event":{"count":1,"data":{"plugin":"unknown","created":1651187246962,"oom":false,"mapping_failed":false},"id":"ide.error"}}
{"recorder_version":"9","session":"59924885ec4e","build":"191.6183.87","bucket":"87","time":1651187246970,"group":{"id":"lifecycle","version":"9"},"event":{"count":1,"data":{"created":1651187246970,"project":"c938f837cc5573a44f8c28b25263ac61ed2b50ac2c3a837cd72b373b06ece8fa"},"id":"project.opened"}}
{"recorder_version":"9","session":"59924885ec4e","build":"191.6183.87","bucket":"87","time":1651187247697,"group":{"id":"performance","version":"9"},"event":{"count":1,"data":{"duration_ms":532,"created":1651187247697},"id":"ui.lagging"}}
{"recorder_version":"9","session":"59924885ec4e","build":"191.6183.87","bucket":"87","time":1651187247739,"group":{"id":"ui.dialogs","version":"9"},"event":{"count":1,"data":{"created":1651187247739,"plugin_type":"PLATFORM","type":"show"},"id":"com.intellij.openapi.progress.util.ProgressDialog$MyDialogWrapper"}}
{"recorder_version":"9","session":"59924885ec4e","build":"191.6183.87","bucket":"87","time":1651187247921,"group":{"id":"toolwindow","version":"9"},"event":{"count":1,"data":{"os":"Windows","created":1651187247921,"plugin_type":"PLATFORM"},"id":"Project"}}
{"recorder_version":"9","session":"59924885ec4e","build":"191.6183.87","bucket":"87","time":1651187248293,"group":{"id":"ui.tips","version":"1"},"event":{"count":1,"data":{"created":1651187248295},"id":"shown.automatically"}}
{"recorder_version":"9","session":"59924885ec4e","build":"191.6183.87","bucket":"87","time":1651187248366,"group":{"id":"ui.dialogs","version":"9"},"event":{"count":1,"data":{"created":1651187248366,"plugin_type":"PLATFORM","type":"show"},"id":"com.intellij.ide.util.TipDialog"}}
{"recorder_version":"9","session":"59924885ec4e","build":"191.6183.87","bucket":"87","time":1651187248497,"group":{"id":"lifecycle","version":"9"},"event":{"count":1,"data":{"internal":true,"eap":false,"created":1651187248497},"id":"ide.start"}}
{"recorder_version":"9","session":"59924885ec4e","build":"191.6183.87","bucket":"87","time":1651187249104,"group":{"id":"project.fs","version":"1"},"event":{"state":true,"data":{"os":"Windows","cs-project":false,"created":1651187249122,"project":"c938f837cc5573a44f8c28b25263ac61ed2b50ac2c3a837cd72b373b06ece8fa","cs-implicit":true,"cs-system":false},"id":"case-sensitivity"}}
{"recorder_version":"9","session":"59924885ec4e","build":"191.6183.87","bucket":"87","time":1651187249104,"group":{"id":"project.fs","version":"1"},"event":{"state":true,"data":{"created":1651187249124},"id":"invoked"}}
{"recorder_version":"9","session":"59924885ec4e","build":"191.6183.87","bucket":"87","time":1651187249124,"group":{"id":"project.fs","version":"1"},"event":{"state":true,"data":{"pct-non-watched":0,"created":1651187249124,"project":"c938f837cc5573a44f8c28b25263ac61ed2b50ac2c3a837cd72b373b06ece8fa"},"id":"roots-watched"}}
{"recorder_version":"9","session":"59924885ec4e","build":"191.6183.87","bucket":"87","time":1651187249124,"group":{"id":"project.fs","version":"1"},"event":{"state":true,"data":{"created":1651187249124},"id":"invoked"}}
{"recorder_version":"9","session":"59924885ec4e","build":"191.6183.87","bucket":"87","time":1651187249195,"group":{"id":"ui.dialogs","version":"9"},"event":{"count":1,"data":{"code":1,"created":1651187249195,"plugin_type":"PLATFORM","type":"close"},"id":"com.intellij.openapi.progress.util.ProgressDialog$MyDialogWrapper"}}
{"recorder_version":"9","session":"59924885ec4e","build":"191.6183.87","bucket":"87","time":1651187249256,"group":{"id":"lifecycle","version":"9"},"event":{"count":1,"data":{"created":1651187249256,"time_ms":3922,"project":"c938f837cc5573a44f8c28b25263ac61ed2b50ac2c3a837cd72b373b06ece8fa"},"id":"project.opening.finished"}}
{"recorder_version":"9","session":"59924885ec4e","build":"191.6183.87","bucket":"87","time":1651187251597,"group":{"id":"performance","version":"9"},"event":{"count":1,"data":{"duration_ms":394,"created":1651187251597},"id":"ui.lagging"}}
{"recorder_version":"9","session":"59924885ec4e","build":"191.6183.87","bucket":"87","time":1651187262926,"group":{"id":"ui.dialogs","version":"9"},"event":{"count":1,"data":{"code":1,"created":1651187262926,"plugin_type":"PLATFORM","type":"close"},"id":"com.intellij.ide.util.TipDialog"}}
{"recorder_version":"9","session":"59924885ec4e","build":"191.6183.87","bucket":"87","time":1651187271537,"group":{"id":"ui.dialogs","version":"9"},"event":{"count":1,"data":{"created":1651187271537,"plugin_type":"PLATFORM","type":"show"},"id":"com.intellij.openapi.ui.messages.MessageDialog"}}
{"recorder_version":"9","session":"59924885ec4e","build":"191.6183.87","bucket":"87","time":1651187274008,"group":{"id":"lifecycle","version":"9"},"event":{"count":1,"data":{"restart":false,"created":1651187274016},"id":"ide.close"}}
{"recorder_version":"9","session":"59924885ec4e","build":"191.6183.87","bucket":"87","time":1651187274499,"group":{"id":"lifecycle","version":"9"},"event":{"count":1,"data":{"created":1651187274499,"project":"c938f837cc5573a44f8c28b25263ac61ed2b50ac2c3a837cd72b373b06ece8fa"},"id":"project.closed"}}
