{"recorder_version":"9","session":"9192e544c292","build":"191.6183.87","bucket":"87","time":1651187986147,"group":{"id":"settings","version":"2"},"event":{"state":true,"data":{"created":1651187986147,"invoked":true},"id":"NotRoamableUiSettings"}}
{"recorder_version":"9","session":"9192e544c292","build":"191.6183.87","bucket":"87","time":1651187986155,"group":{"id":"settings","version":"2"},"event":{"state":true,"data":{"created":1651187986157,"invoked":true},"id":"UISettings"}}
{"recorder_version":"9","session":"9192e544c292","build":"191.6183.87","bucket":"87","time":1651187986157,"group":{"id":"system.os","version":"1"},"event":{"state":true,"data":{"created":1651187986167,"version":"10.0"},"id":"Windows"}}
{"recorder_version":"9","session":"9192e544c292","build":"191.6183.87","bucket":"87","time":1651187986157,"group":{"id":"system.os","version":"1"},"event":{"state":true,"data":{"created":1651187986167},"id":"invoked"}}
{"recorder_version":"9","session":"9192e544c292","build":"191.6183.87","bucket":"87","time":1651187986157,"group":{"id":"system.java","version":"1"},"event":{"state":true,"data":{"created":1651187986167,"version":"1.8"},"id":"JetBrains"}}
{"recorder_version":"9","session":"9192e544c292","build":"191.6183.87","bucket":"87","time":1651187986157,"group":{"id":"system.java","version":"1"},"event":{"state":true,"data":{"created":1651187986167},"id":"invoked"}}
{"recorder_version":"9","session":"9192e544c292","build":"191.6183.87","bucket":"87","time":1651187987248,"group":{"id":"settings","version":"2"},"event":{"state":true,"data":{"created":1651187987248,"invoked":true},"id":"GeneralSettings"}}
{"recorder_version":"9","session":"9192e544c292","build":"191.6183.87","bucket":"87","time":1651187988460,"group":{"id":"performance","version":"9"},"event":{"count":1,"data":{"duration_ms":593,"created":1651187988460},"id":"ui.latency"}}
{"recorder_version":"9","session":"9192e544c292","build":"191.6183.87","bucket":"87","time":1651187988460,"group":{"id":"performance","version":"9"},"event":{"count":1,"data":{"duration_ms":593,"created":1651187988462},"id":"ui.lagging"}}
{"recorder_version":"9","session":"9192e544c292","build":"191.6183.87","bucket":"87","time":1651187988837,"group":{"id":"ui.dialogs","version":"9"},"event":{"count":1,"data":{"created":1651187988837,"plugin_type":"PLATFORM","type":"show"},"id":"com.intellij.openapi.progress.util.ProgressDialog$MyDialogWrapper"}}
{"recorder_version":"9","session":"9192e544c292","build":"191.6183.87","bucket":"87","time":1651187989029,"group":{"id":"performance","version":"9"},"event":{"count":1,"data":{"duration_ms":131,"created":1651187989029},"id":"ui.lagging"}}
{"recorder_version":"9","session":"9192e544c292","build":"191.6183.87","bucket":"87","time":1651187990853,"group":{"id":"ui.dialogs","version":"9"},"event":{"count":1,"data":{"code":1,"created":1651187990853,"plugin_type":"PLATFORM","type":"close"},"id":"com.intellij.openapi.progress.util.ProgressDialog$MyDialogWrapper"}}
{"recorder_version":"9","session":"9192e544c292","build":"191.6183.87","bucket":"87","time":1651187990873,"group":{"id":"lifecycle","version":"9"},"event":{"count":1,"data":{"created":1651187990873,"project":"c938f837cc5573a44f8c28b25263ac61ed2b50ac2c3a837cd72b373b06ece8fa"},"id":"project.opened"}}
{"recorder_version":"9","session":"9192e544c292","build":"191.6183.87","bucket":"87","time":1651187991618,"group":{"id":"performance","version":"9"},"event":{"count":1,"data":{"duration_ms":707,"created":1651187991618},"id":"ui.lagging"}}
{"recorder_version":"9","session":"9192e544c292","build":"191.6183.87","bucket":"87","time":1651187991686,"group":{"id":"ui.dialogs","version":"9"},"event":{"count":1,"data":{"created":1651187991688,"plugin_type":"PLATFORM","type":"show"},"id":"com.intellij.openapi.progress.util.ProgressDialog$MyDialogWrapper"}}
{"recorder_version":"9","session":"9192e544c292","build":"191.6183.87","bucket":"87","time":1651187991899,"group":{"id":"toolwindow","version":"9"},"event":{"count":1,"data":{"os":"Windows","created":1651187991899,"plugin_type":"PLATFORM"},"id":"Project"}}
{"recorder_version":"9","session":"9192e544c292","build":"191.6183.87","bucket":"87","time":1651187992565,"group":{"id":"lifecycle","version":"9"},"event":{"count":1,"data":{"internal":true,"eap":false,"created":1651187992565},"id":"ide.start"}}
{"recorder_version":"9","session":"9192e544c292","build":"191.6183.87","bucket":"87","time":1651187992625,"group":{"id":"performance","version":"9"},"event":{"count":1,"data":{"duration_ms":705,"created":1651187992625},"id":"ui.lagging"}}
{"recorder_version":"9","session":"9192e544c292","build":"191.6183.87","bucket":"87","time":1651187993138,"group":{"id":"ui.tips","version":"1"},"event":{"count":1,"data":{"created":1651187993138},"id":"shown.automatically"}}
{"recorder_version":"9","session":"9192e544c292","build":"191.6183.87","bucket":"87","time":1651187993178,"group":{"id":"ui.dialogs","version":"9"},"event":{"count":1,"data":{"created":1651187993178,"plugin_type":"PLATFORM","type":"show"},"id":"com.intellij.ide.util.TipDialog"}}
{"recorder_version":"9","session":"9192e544c292","build":"191.6183.87","bucket":"87","time":1651187993239,"group":{"id":"performance","version":"9"},"event":{"count":1,"data":{"duration_ms":304,"created":1651187993239},"id":"ui.lagging"}}
{"recorder_version":"9","session":"9192e544c292","build":"191.6183.87","bucket":"87","time":1651187993325,"group":{"id":"project.fs","version":"1"},"event":{"state":true,"data":{"os":"Windows","cs-project":false,"created":1651187993325,"project":"c938f837cc5573a44f8c28b25263ac61ed2b50ac2c3a837cd72b373b06ece8fa","cs-implicit":true,"cs-system":false},"id":"case-sensitivity"}}
{"recorder_version":"9","session":"9192e544c292","build":"191.6183.87","bucket":"87","time":1651187993325,"group":{"id":"project.fs","version":"1"},"event":{"state":true,"data":{"created":1651187993325},"id":"invoked"}}
{"recorder_version":"9","session":"9192e544c292","build":"191.6183.87","bucket":"87","time":1651187993328,"group":{"id":"project.fs","version":"1"},"event":{"state":true,"data":{"pct-non-watched":0,"created":1651187993328,"project":"c938f837cc5573a44f8c28b25263ac61ed2b50ac2c3a837cd72b373b06ece8fa"},"id":"roots-watched"}}
{"recorder_version":"9","session":"9192e544c292","build":"191.6183.87","bucket":"87","time":1651187993328,"group":{"id":"project.fs","version":"1"},"event":{"state":true,"data":{"created":1651187993328},"id":"invoked"}}
{"recorder_version":"9","session":"9192e544c292","build":"191.6183.87","bucket":"87","time":1651187993477,"group":{"id":"ui.dialogs","version":"9"},"event":{"count":1,"data":{"code":1,"created":1651187993479,"plugin_type":"PLATFORM","type":"close"},"id":"com.intellij.openapi.progress.util.ProgressDialog$MyDialogWrapper"}}
{"recorder_version":"9","session":"9192e544c292","build":"191.6183.87","bucket":"87","time":1651187993549,"group":{"id":"lifecycle","version":"9"},"event":{"count":1,"data":{"created":1651187993549,"time_ms":5250,"project":"c938f837cc5573a44f8c28b25263ac61ed2b50ac2c3a837cd72b373b06ece8fa"},"id":"project.opening.finished"}}
{"recorder_version":"9","session":"9192e544c292","build":"191.6183.87","bucket":"87","time":1651187995538,"group":{"id":"ui.dialogs","version":"9"},"event":{"count":1,"data":{"code":1,"created":1651187995538,"plugin_type":"PLATFORM","type":"close"},"id":"com.intellij.ide.util.TipDialog"}}
{"recorder_version":"9","session":"9192e544c292","build":"191.6183.87","bucket":"87","time":1651187997092,"group":{"id":"performance","version":"9"},"event":{"count":1,"data":{"duration_ms":111,"created":1651187997095},"id":"ui.lagging"}}
{"recorder_version":"9","session":"9192e544c292","build":"191.6183.87","bucket":"87","time":1651188001409,"group":{"id":"actions","version":"9"},"event":{"count":1,"data":{"context_menu":true,"os":"Windows","created":1651188001409,"plugin_type":"NOT_LISTED","project":"c938f837cc5573a44f8c28b25263ac61ed2b50ac2c3a837cd72b373b06ece8fa","place":"MainMenu"},"id":"third.party"}}
{"recorder_version":"9","session":"9192e544c292","build":"191.6183.87","bucket":"87","time":1651188006732,"group":{"id":"ui.dialogs","version":"9"},"event":{"count":1,"data":{"created":1651188006732,"plugin_type":"PLATFORM","type":"show"},"id":"com.intellij.openapi.ui.messages.MessageDialog"}}
{"recorder_version":"9","session":"9192e544c292","build":"191.6183.87","bucket":"87","time":1651188008176,"group":{"id":"lifecycle","version":"9"},"event":{"count":1,"data":{"restart":false,"created":1651188008176},"id":"ide.close"}}
{"recorder_version":"9","session":"9192e544c292","build":"191.6183.87","bucket":"87","time":1651188009242,"group":{"id":"lifecycle","version":"9"},"event":{"count":1,"data":{"created":1651188009242,"project":"c938f837cc5573a44f8c28b25263ac61ed2b50ac2c3a837cd72b373b06ece8fa"},"id":"project.closed"}}
