{"recorder_version":"9","session":"5ce9ce08d898","build":"191.6183.87","bucket":"87","time":1651192517326,"group":{"id":"settings","version":"2"},"event":{"state":true,"data":{"created":1651192517327,"invoked":true},"id":"NotRoamableUiSettings"}}
{"recorder_version":"9","session":"5ce9ce08d898","build":"191.6183.87","bucket":"87","time":1651192517329,"group":{"id":"settings","version":"2"},"event":{"state":true,"data":{"created":1651192517333,"invoked":true},"id":"UISettings"}}
{"recorder_version":"9","session":"5ce9ce08d898","build":"191.6183.87","bucket":"87","time":1651192517330,"group":{"id":"system.os","version":"1"},"event":{"state":true,"data":{"created":1651192517341,"version":"10.0"},"id":"Windows"}}
{"recorder_version":"9","session":"5ce9ce08d898","build":"191.6183.87","bucket":"87","time":1651192517330,"group":{"id":"system.os","version":"1"},"event":{"state":true,"data":{"created":1651192517341},"id":"invoked"}}
{"recorder_version":"9","session":"5ce9ce08d898","build":"191.6183.87","bucket":"87","time":1651192517330,"group":{"id":"system.java","version":"1"},"event":{"state":true,"data":{"created":1651192517341,"version":"1.8"},"id":"JetBrains"}}
{"recorder_version":"9","session":"5ce9ce08d898","build":"191.6183.87","bucket":"87","time":1651192517330,"group":{"id":"system.java","version":"1"},"event":{"state":true,"data":{"created":1651192517341},"id":"invoked"}}
{"recorder_version":"9","session":"5ce9ce08d898","build":"191.6183.87","bucket":"87","time":1651192517984,"group":{"id":"settings","version":"2"},"event":{"state":true,"data":{"created":1651192517984,"invoked":true},"id":"GeneralSettings"}}
{"recorder_version":"9","session":"5ce9ce08d898","build":"191.6183.87","bucket":"87","time":1651192519292,"group":{"id":"performance","version":"9"},"event":{"count":1,"data":{"duration_ms":464,"created":1651192519292},"id":"ui.latency"}}
{"recorder_version":"9","session":"5ce9ce08d898","build":"191.6183.87","bucket":"87","time":1651192519292,"group":{"id":"performance","version":"9"},"event":{"count":1,"data":{"duration_ms":464,"created":1651192519293},"id":"ui.lagging"}}
{"recorder_version":"9","session":"5ce9ce08d898","build":"191.6183.87","bucket":"87","time":1651192519627,"group":{"id":"ui.dialogs","version":"9"},"event":{"count":1,"data":{"created":1651192519627,"plugin_type":"PLATFORM","type":"show"},"id":"com.intellij.openapi.progress.util.ProgressDialog$MyDialogWrapper"}}
{"recorder_version":"9","session":"5ce9ce08d898","build":"191.6183.87","bucket":"87","time":1651192520804,"group":{"id":"ui.dialogs","version":"9"},"event":{"count":1,"data":{"code":1,"created":1651192520804,"plugin_type":"PLATFORM","type":"close"},"id":"com.intellij.openapi.progress.util.ProgressDialog$MyDialogWrapper"}}
{"recorder_version":"9","session":"5ce9ce08d898","build":"191.6183.87","bucket":"87","time":1651192520821,"group":{"id":"lifecycle","version":"9"},"event":{"count":1,"data":{"created":1651192520821,"project":"c938f837cc5573a44f8c28b25263ac61ed2b50ac2c3a837cd72b373b06ece8fa"},"id":"project.opened"}}
{"recorder_version":"9","session":"5ce9ce08d898","build":"191.6183.87","bucket":"87","time":1651192521505,"group":{"id":"performance","version":"9"},"event":{"count":1,"data":{"duration_ms":672,"created":1651192521505},"id":"ui.lagging"}}
{"recorder_version":"9","session":"5ce9ce08d898","build":"191.6183.87","bucket":"87","time":1651192521564,"group":{"id":"ui.dialogs","version":"9"},"event":{"count":1,"data":{"created":1651192521564,"plugin_type":"PLATFORM","type":"show"},"id":"com.intellij.openapi.progress.util.ProgressDialog$MyDialogWrapper"}}
{"recorder_version":"9","session":"5ce9ce08d898","build":"191.6183.87","bucket":"87","time":1651192521720,"group":{"id":"toolwindow","version":"9"},"event":{"count":1,"data":{"os":"Windows","created":1651192521721,"plugin_type":"PLATFORM"},"id":"Project"}}
{"recorder_version":"9","session":"5ce9ce08d898","build":"191.6183.87","bucket":"87","time":1651192521975,"group":{"id":"lifecycle","version":"9"},"event":{"count":1,"data":{"internal":true,"eap":false,"created":1651192521975},"id":"ide.start"}}
{"recorder_version":"9","session":"5ce9ce08d898","build":"191.6183.87","bucket":"87","time":1651192522226,"group":{"id":"performance","version":"9"},"event":{"count":1,"data":{"duration_ms":390,"created":1651192522226},"id":"ui.lagging"}}
{"recorder_version":"9","session":"5ce9ce08d898","build":"191.6183.87","bucket":"87","time":1651192522283,"group":{"id":"project.fs","version":"1"},"event":{"state":true,"data":{"os":"Windows","cs-project":false,"created":1651192522283,"project":"c938f837cc5573a44f8c28b25263ac61ed2b50ac2c3a837cd72b373b06ece8fa","cs-implicit":true,"cs-system":false},"id":"case-sensitivity"}}
{"recorder_version":"9","session":"5ce9ce08d898","build":"191.6183.87","bucket":"87","time":1651192522283,"group":{"id":"project.fs","version":"1"},"event":{"state":true,"data":{"created":1651192522284},"id":"invoked"}}
{"recorder_version":"9","session":"5ce9ce08d898","build":"191.6183.87","bucket":"87","time":1651192522284,"group":{"id":"project.fs","version":"1"},"event":{"state":true,"data":{"pct-non-watched":0,"created":1651192522284,"project":"c938f837cc5573a44f8c28b25263ac61ed2b50ac2c3a837cd72b373b06ece8fa"},"id":"roots-watched"}}
{"recorder_version":"9","session":"5ce9ce08d898","build":"191.6183.87","bucket":"87","time":1651192522284,"group":{"id":"project.fs","version":"1"},"event":{"state":true,"data":{"created":1651192522285},"id":"invoked"}}
{"recorder_version":"9","session":"5ce9ce08d898","build":"191.6183.87","bucket":"87","time":1651192522351,"group":{"id":"ui.tips","version":"1"},"event":{"count":1,"data":{"created":1651192522351},"id":"shown.automatically"}}
{"recorder_version":"9","session":"5ce9ce08d898","build":"191.6183.87","bucket":"87","time":1651192522503,"group":{"id":"ui.dialogs","version":"9"},"event":{"count":1,"data":{"created":1651192522503,"plugin_type":"PLATFORM","type":"show"},"id":"com.intellij.ide.util.TipDialog"}}
{"recorder_version":"9","session":"5ce9ce08d898","build":"191.6183.87","bucket":"87","time":1651192522575,"group":{"id":"ui.dialogs","version":"9"},"event":{"count":1,"data":{"code":1,"created":1651192522575,"plugin_type":"PLATFORM","type":"close"},"id":"com.intellij.openapi.progress.util.ProgressDialog$MyDialogWrapper"}}
{"recorder_version":"9","session":"5ce9ce08d898","build":"191.6183.87","bucket":"87","time":1651192522668,"group":{"id":"lifecycle","version":"9"},"event":{"count":1,"data":{"created":1651192522674,"time_ms":3474,"project":"c938f837cc5573a44f8c28b25263ac61ed2b50ac2c3a837cd72b373b06ece8fa"},"id":"project.opening.finished"}}
{"recorder_version":"9","session":"5ce9ce08d898","build":"191.6183.87","bucket":"87","time":1651192525501,"group":{"id":"performance","version":"9"},"event":{"count":1,"data":{"duration_ms":644,"created":1651192525501},"id":"ui.lagging"}}
{"recorder_version":"9","session":"5ce9ce08d898","build":"191.6183.87","bucket":"87","time":1651192548129,"group":{"id":"ui.dialogs","version":"9"},"event":{"count":1,"data":{"code":1,"created":1651192548130,"plugin_type":"PLATFORM","type":"close"},"id":"com.intellij.ide.util.TipDialog"}}
{"recorder_version":"9","session":"5ce9ce08d898","build":"191.6183.87","bucket":"87","time":1651192557785,"group":{"id":"actions","version":"9"},"event":{"count":1,"data":{"context_menu":true,"os":"Windows","created":1651192557785,"plugin_type":"PLATFORM","project":"c938f837cc5573a44f8c28b25263ac61ed2b50ac2c3a837cd72b373b06ece8fa","place":"MainMenu"},"id":"com.intellij.ide.actions.ActivateToolWindowAction"}}
{"recorder_version":"9","session":"5ce9ce08d898","build":"191.6183.87","bucket":"87","time":1651192557789,"group":{"id":"toolwindow","version":"9"},"event":{"count":1,"data":{"os":"Windows","created":1651192557789,"plugin_type":"NOT_LISTED"},"id":"unknown"}}
{"recorder_version":"9","session":"5ce9ce08d898","build":"191.6183.87","bucket":"87","time":1651192576708,"group":{"id":"toolwindow","version":"9"},"event":{"count":1,"data":{"os":"Windows","created":1651192576708,"plugin_type":"PLATFORM"},"id":"Project"}}
{"recorder_version":"9","session":"5ce9ce08d898","build":"191.6183.87","bucket":"87","time":1651192582384,"group":{"id":"performance","version":"9"},"event":{"count":1,"data":{"duration_ms":3361,"created":1651192582384},"id":"ui.lagging"}}
{"recorder_version":"9","session":"5ce9ce08d898","build":"191.6183.87","bucket":"87","time":1651192582384,"group":{"id":"performance","version":"9"},"event":{"count":1,"data":{"duration_ms":2358,"created":1651192582384},"id":"ui.lagging"}}
{"recorder_version":"9","session":"5ce9ce08d898","build":"191.6183.87","bucket":"87","time":1651192582384,"group":{"id":"performance","version":"9"},"event":{"count":1,"data":{"duration_ms":1351,"created":1651192582384},"id":"ui.lagging"}}
{"recorder_version":"9","session":"5ce9ce08d898","build":"191.6183.87","bucket":"87","time":1651192582384,"group":{"id":"performance","version":"9"},"event":{"count":1,"data":{"duration_ms":344,"created":1651192582384},"id":"ui.lagging"}}
{"recorder_version":"9","session":"5ce9ce08d898","build":"191.6183.87","bucket":"87","time":1651192585404,"group":{"id":"actions","version":"9"},"event":{"count":1,"data":{"context_menu":true,"os":"Windows","created":1651192585404,"plugin_type":"PLATFORM","project":"c938f837cc5573a44f8c28b25263ac61ed2b50ac2c3a837cd72b373b06ece8fa","place":"ProjectViewPopup"},"id":"NewClass"}}
{"recorder_version":"9","session":"5ce9ce08d898","build":"191.6183.87","bucket":"87","time":1651192585442,"group":{"id":"ui.dialogs","version":"9"},"event":{"count":1,"data":{"created":1651192585442,"plugin_type":"PLATFORM","type":"show"},"id":"com.intellij.ide.actions.CreateFileFromTemplateDialog"}}
{"recorder_version":"9","session":"5ce9ce08d898","build":"191.6183.87","bucket":"87","time":1651192586960,"group":{"id":"actions","version":"9"},"event":{"count":1,"data":{"os":"Windows","created":1651192586960,"input_event":"Enter"},"id":"DialogOkAction"}}
{"recorder_version":"9","session":"5ce9ce08d898","build":"191.6183.87","bucket":"87","time":1651192588696,"group":{"id":"ui.dialogs","version":"9"},"event":{"count":1,"data":{"code":0,"created":1651192588696,"plugin_type":"PLATFORM","type":"close"},"id":"com.intellij.ide.fileTemplates.ui.CreateFromTemplateDialog"}}
{"recorder_version":"9","session":"5ce9ce08d898","build":"191.6183.87","bucket":"87","time":1651192588711,"group":{"id":"ui.dialogs","version":"9"},"event":{"count":1,"data":{"code":0,"created":1651192588711,"plugin_type":"PLATFORM","type":"close"},"id":"com.intellij.ide.actions.CreateFileFromTemplateDialog"}}
{"recorder_version":"9","session":"5ce9ce08d898","build":"191.6183.87","bucket":"87","time":1651192590114,"group":{"id":"file.types.usage","version":"9"},"event":{"count":1,"data":{"created":1651192590114,"plugin_type":"PLATFORM","project":"c938f837cc5573a44f8c28b25263ac61ed2b50ac2c3a837cd72b373b06ece8fa","type":"open"},"id":"JAVA"}}
{"recorder_version":"9","session":"5ce9ce08d898","build":"191.6183.87","bucket":"87","time":1651192590615,"group":{"id":"performance","version":"9"},"event":{"count":1,"data":{"duration_ms":3539,"created":1651192590615},"id":"ui.lagging"}}
{"recorder_version":"9","session":"5ce9ce08d898","build":"191.6183.87","bucket":"87","time":1651192590615,"group":{"id":"performance","version":"9"},"event":{"count":1,"data":{"duration_ms":2539,"created":1651192590615},"id":"ui.lagging"}}
{"recorder_version":"9","session":"5ce9ce08d898","build":"191.6183.87","bucket":"87","time":1651192590615,"group":{"id":"performance","version":"9"},"event":{"count":1,"data":{"duration_ms":1534,"created":1651192590615},"id":"ui.lagging"}}
{"recorder_version":"9","session":"5ce9ce08d898","build":"191.6183.87","bucket":"87","time":1651192590615,"group":{"id":"performance","version":"9"},"event":{"count":1,"data":{"duration_ms":516,"created":1651192590615},"id":"ui.lagging"}}
{"recorder_version":"9","session":"5ce9ce08d898","build":"191.6183.87","bucket":"87","time":1651192591254,"group":{"id":"performance","version":"9"},"event":{"count":1,"data":{"duration_ms":153,"created":1651192591254},"id":"ui.lagging"}}
{"recorder_version":"9","session":"5ce9ce08d898","build":"191.6183.87","bucket":"87","time":1651192593212,"group":{"id":"performance","version":"9"},"event":{"count":1,"data":{"duration_ms":107,"created":1651192593212},"id":"ui.lagging"}}
{"recorder_version":"9","session":"5ce9ce08d898","build":"191.6183.87","bucket":"87","time":1651192595121,"group":{"id":"actions","version":"9"},"event":{"count":1,"data":{"context_menu":true,"os":"Windows","created":1651192595121,"plugin_type":"PLATFORM","project":"c938f837cc5573a44f8c28b25263ac61ed2b50ac2c3a837cd72b373b06ece8fa","place":"ProjectViewPopup"},"id":"NewClass"}}
{"recorder_version":"9","session":"5ce9ce08d898","build":"191.6183.87","bucket":"87","time":1651192595131,"group":{"id":"ui.dialogs","version":"9"},"event":{"count":1,"data":{"created":1651192595131,"plugin_type":"PLATFORM","type":"show"},"id":"com.intellij.ide.actions.CreateFileFromTemplateDialog"}}
{"recorder_version":"9","session":"5ce9ce08d898","build":"191.6183.87","bucket":"87","time":1651192598235,"group":{"id":"ui.dialogs","version":"9"},"event":{"count":1,"data":{"code":0,"created":1651192598235,"plugin_type":"PLATFORM","type":"close"},"id":"com.intellij.ide.fileTemplates.ui.CreateFromTemplateDialog"}}
{"recorder_version":"9","session":"5ce9ce08d898","build":"191.6183.87","bucket":"87","time":1651192598235,"group":{"id":"ui.dialogs","version":"9"},"event":{"count":1,"data":{"code":0,"created":1651192598235,"plugin_type":"PLATFORM","type":"close"},"id":"com.intellij.ide.actions.CreateFileFromTemplateDialog"}}
{"recorder_version":"9","session":"5ce9ce08d898","build":"191.6183.87","bucket":"87","time":1651192598283,"group":{"id":"file.types.usage","version":"9"},"event":{"count":1,"data":{"created":1651192598283,"plugin_type":"PLATFORM","project":"c938f837cc5573a44f8c28b25263ac61ed2b50ac2c3a837cd72b373b06ece8fa","type":"open"},"id":"JAVA"}}
{"recorder_version":"9","session":"5ce9ce08d898","build":"191.6183.87","bucket":"87","time":1651192598335,"group":{"id":"performance","version":"9"},"event":{"count":1,"data":{"duration_ms":185,"created":1651192598335},"id":"ui.lagging"}}
