{"recorder_version":"9","session":"c94816f1a1d7","build":"191.6183.87","bucket":"87","time":1651186760212,"group":{"id":"settings","version":"2"},"event":{"state":true,"data":{"created":1651186760212,"invoked":true},"id":"NotRoamableUiSettings"}}
{"recorder_version":"9","session":"c94816f1a1d7","build":"191.6183.87","bucket":"87","time":1651186760220,"group":{"id":"settings","version":"2"},"event":{"state":true,"data":{"created":1651186760236,"invoked":true},"id":"UISettings"}}
{"recorder_version":"9","session":"c94816f1a1d7","build":"191.6183.87","bucket":"87","time":1651186760228,"group":{"id":"system.os","version":"1"},"event":{"state":true,"data":{"created":1651186760244,"version":"10.0"},"id":"Windows"}}
{"recorder_version":"9","session":"c94816f1a1d7","build":"191.6183.87","bucket":"87","time":1651186760228,"group":{"id":"system.os","version":"1"},"event":{"state":true,"data":{"created":1651186760252},"id":"invoked"}}
{"recorder_version":"9","session":"c94816f1a1d7","build":"191.6183.87","bucket":"87","time":1651186760228,"group":{"id":"system.java","version":"1"},"event":{"state":true,"data":{"created":1651186760252,"version":"1.8"},"id":"JetBrains"}}
{"recorder_version":"9","session":"c94816f1a1d7","build":"191.6183.87","bucket":"87","time":1651186760228,"group":{"id":"system.java","version":"1"},"event":{"state":true,"data":{"created":1651186760252},"id":"invoked"}}
{"recorder_version":"9","session":"c94816f1a1d7","build":"191.6183.87","bucket":"87","time":1651186761043,"group":{"id":"settings","version":"2"},"event":{"state":true,"data":{"created":1651186761051,"invoked":true},"id":"GeneralSettings"}}
{"recorder_version":"9","session":"c94816f1a1d7","build":"191.6183.87","bucket":"87","time":1651186762306,"group":{"id":"performance","version":"9"},"event":{"count":1,"data":{"duration_ms":455,"created":1651186762306},"id":"ui.latency"}}
{"recorder_version":"9","session":"c94816f1a1d7","build":"191.6183.87","bucket":"87","time":1651186762306,"group":{"id":"performance","version":"9"},"event":{"count":1,"data":{"duration_ms":455,"created":1651186762306},"id":"ui.lagging"}}
{"recorder_version":"9","session":"c94816f1a1d7","build":"191.6183.87","bucket":"87","time":1651186762639,"group":{"id":"ui.dialogs","version":"9"},"event":{"count":1,"data":{"created":1651186762639,"plugin_type":"PLATFORM","type":"show"},"id":"com.intellij.openapi.progress.util.ProgressDialog$MyDialogWrapper"}}
{"recorder_version":"9","session":"c94816f1a1d7","build":"191.6183.87","bucket":"87","time":1651186763927,"group":{"id":"lifecycle","version":"9"},"event":{"count":1,"data":{"plugin":"unknown","created":1651186763927,"oom":false,"mapping_failed":false},"id":"ide.error"}}
{"recorder_version":"9","session":"c94816f1a1d7","build":"191.6183.87","bucket":"87","time":1651186763948,"group":{"id":"ui.dialogs","version":"9"},"event":{"count":1,"data":{"code":1,"created":1651186763948,"plugin_type":"PLATFORM","type":"close"},"id":"com.intellij.openapi.progress.util.ProgressDialog$MyDialogWrapper"}}
{"recorder_version":"9","session":"c94816f1a1d7","build":"191.6183.87","bucket":"87","time":1651186763960,"group":{"id":"lifecycle","version":"9"},"event":{"count":1,"data":{"created":1651186763970,"project":"c938f837cc5573a44f8c28b25263ac61ed2b50ac2c3a837cd72b373b06ece8fa"},"id":"project.opened"}}
{"recorder_version":"9","session":"c94816f1a1d7","build":"191.6183.87","bucket":"87","time":1651186764866,"group":{"id":"ui.dialogs","version":"9"},"event":{"count":1,"data":{"created":1651186764866,"plugin_type":"PLATFORM","type":"show"},"id":"com.intellij.openapi.progress.util.ProgressDialog$MyDialogWrapper"}}
{"recorder_version":"9","session":"c94816f1a1d7","build":"191.6183.87","bucket":"87","time":1651186765018,"group":{"id":"toolwindow","version":"9"},"event":{"count":1,"data":{"os":"Windows","created":1651186765018,"plugin_type":"PLATFORM"},"id":"Project"}}
{"recorder_version":"9","session":"c94816f1a1d7","build":"191.6183.87","bucket":"87","time":1651186765311,"group":{"id":"ui.tips","version":"1"},"event":{"count":1,"data":{"created":1651186765311},"id":"shown.automatically"}}
{"recorder_version":"9","session":"c94816f1a1d7","build":"191.6183.87","bucket":"87","time":1651186766505,"group":{"id":"ui.dialogs","version":"9"},"event":{"count":1,"data":{"created":1651186766505,"plugin_type":"PLATFORM","type":"show"},"id":"com.intellij.ide.util.TipDialog"}}
{"recorder_version":"9","session":"c94816f1a1d7","build":"191.6183.87","bucket":"87","time":1651186766543,"group":{"id":"lifecycle","version":"9"},"event":{"count":1,"data":{"internal":true,"eap":false,"created":1651186766558},"id":"ide.start"}}
{"recorder_version":"9","session":"c94816f1a1d7","build":"191.6183.87","bucket":"87","time":1651186766564,"group":{"id":"performance","version":"9"},"event":{"count":1,"data":{"duration_ms":675,"created":1651186766588},"id":"ui.lagging"}}
{"recorder_version":"9","session":"c94816f1a1d7","build":"191.6183.87","bucket":"87","time":1651186767115,"group":{"id":"performance","version":"9"},"event":{"count":1,"data":{"duration_ms":201,"created":1651186767115},"id":"ui.lagging"}}
{"recorder_version":"9","session":"c94816f1a1d7","build":"191.6183.87","bucket":"87","time":1651186767257,"group":{"id":"project.fs","version":"1"},"event":{"state":true,"data":{"os":"Windows","cs-project":false,"created":1651186767257,"project":"c938f837cc5573a44f8c28b25263ac61ed2b50ac2c3a837cd72b373b06ece8fa","cs-implicit":true,"cs-system":false},"id":"case-sensitivity"}}
{"recorder_version":"9","session":"c94816f1a1d7","build":"191.6183.87","bucket":"87","time":1651186767257,"group":{"id":"project.fs","version":"1"},"event":{"state":true,"data":{"created":1651186767257},"id":"invoked"}}
{"recorder_version":"9","session":"c94816f1a1d7","build":"191.6183.87","bucket":"87","time":1651186767267,"group":{"id":"project.fs","version":"1"},"event":{"state":true,"data":{"pct-non-watched":0,"created":1651186767267,"project":"c938f837cc5573a44f8c28b25263ac61ed2b50ac2c3a837cd72b373b06ece8fa"},"id":"roots-watched"}}
{"recorder_version":"9","session":"c94816f1a1d7","build":"191.6183.87","bucket":"87","time":1651186767267,"group":{"id":"project.fs","version":"1"},"event":{"state":true,"data":{"created":1651186767267},"id":"invoked"}}
{"recorder_version":"9","session":"c94816f1a1d7","build":"191.6183.87","bucket":"87","time":1651186767414,"group":{"id":"ui.dialogs","version":"9"},"event":{"count":1,"data":{"code":1,"created":1651186767422,"plugin_type":"PLATFORM","type":"close"},"id":"com.intellij.openapi.progress.util.ProgressDialog$MyDialogWrapper"}}
{"recorder_version":"9","session":"c94816f1a1d7","build":"191.6183.87","bucket":"87","time":1651186767434,"group":{"id":"lifecycle","version":"9"},"event":{"count":1,"data":{"created":1651186767434,"time_ms":5231,"project":"c938f837cc5573a44f8c28b25263ac61ed2b50ac2c3a837cd72b373b06ece8fa"},"id":"project.opening.finished"}}
{"recorder_version":"9","session":"c94816f1a1d7","build":"191.6183.87","bucket":"87","time":1651186768626,"group":{"id":"ui.dialogs","version":"9"},"event":{"count":1,"data":{"code":1,"created":1651186768626,"plugin_type":"PLATFORM","type":"close"},"id":"com.intellij.ide.util.TipDialog"}}
{"recorder_version":"9","session":"c94816f1a1d7","build":"191.6183.87","bucket":"87","time":1651186805522,"group":{"id":"ui.dialogs","version":"9"},"event":{"count":1,"data":{"created":1651186805522,"plugin_type":"PLATFORM","type":"show"},"id":"com.intellij.openapi.ui.messages.MessageDialog"}}
{"recorder_version":"9","session":"c94816f1a1d7","build":"191.6183.87","bucket":"87","time":1651186806832,"group":{"id":"lifecycle","version":"9"},"event":{"count":1,"data":{"restart":false,"created":1651186806832},"id":"ide.close"}}
{"recorder_version":"9","session":"c94816f1a1d7","build":"191.6183.87","bucket":"87","time":1651186807156,"group":{"id":"lifecycle","version":"9"},"event":{"count":1,"data":{"created":1651186807156,"project":"c938f837cc5573a44f8c28b25263ac61ed2b50ac2c3a837cd72b373b06ece8fa"},"id":"project.closed"}}
