{"recorder_version":"9","session":"f90559196fc1","build":"191.6183.87","bucket":"87","time":1651187027882,"group":{"id":"settings","version":"2"},"event":{"state":true,"data":{"created":1651187027884,"invoked":true},"id":"NotRoamableUiSettings"}}
{"recorder_version":"9","session":"f90559196fc1","build":"191.6183.87","bucket":"87","time":1651187027884,"group":{"id":"settings","version":"2"},"event":{"state":true,"data":{"created":1651187027894,"invoked":true},"id":"UISettings"}}
{"recorder_version":"9","session":"f90559196fc1","build":"191.6183.87","bucket":"87","time":1651187027884,"group":{"id":"system.os","version":"1"},"event":{"state":true,"data":{"created":1651187027902,"version":"10.0"},"id":"Windows"}}
{"recorder_version":"9","session":"f90559196fc1","build":"191.6183.87","bucket":"87","time":1651187027884,"group":{"id":"system.os","version":"1"},"event":{"state":true,"data":{"created":1651187027904},"id":"invoked"}}
{"recorder_version":"9","session":"f90559196fc1","build":"191.6183.87","bucket":"87","time":1651187027884,"group":{"id":"system.java","version":"1"},"event":{"state":true,"data":{"created":1651187027904,"version":"1.8"},"id":"JetBrains"}}
{"recorder_version":"9","session":"f90559196fc1","build":"191.6183.87","bucket":"87","time":1651187027884,"group":{"id":"system.java","version":"1"},"event":{"state":true,"data":{"created":1651187027904},"id":"invoked"}}
{"recorder_version":"9","session":"f90559196fc1","build":"191.6183.87","bucket":"87","time":1651187028536,"group":{"id":"settings","version":"2"},"event":{"state":true,"data":{"created":1651187028536,"invoked":true},"id":"GeneralSettings"}}
{"recorder_version":"9","session":"f90559196fc1","build":"191.6183.87","bucket":"87","time":1651187029888,"group":{"id":"performance","version":"9"},"event":{"count":1,"data":{"duration_ms":505,"created":1651187029888},"id":"ui.latency"}}
{"recorder_version":"9","session":"f90559196fc1","build":"191.6183.87","bucket":"87","time":1651187029888,"group":{"id":"performance","version":"9"},"event":{"count":1,"data":{"duration_ms":505,"created":1651187029888},"id":"ui.lagging"}}
{"recorder_version":"9","session":"f90559196fc1","build":"191.6183.87","bucket":"87","time":1651187030210,"group":{"id":"ui.dialogs","version":"9"},"event":{"count":1,"data":{"created":1651187030210,"plugin_type":"PLATFORM","type":"show"},"id":"com.intellij.openapi.progress.util.ProgressDialog$MyDialogWrapper"}}
{"recorder_version":"9","session":"f90559196fc1","build":"191.6183.87","bucket":"87","time":1651187031312,"group":{"id":"ui.dialogs","version":"9"},"event":{"count":1,"data":{"code":1,"created":1651187031312,"plugin_type":"PLATFORM","type":"close"},"id":"com.intellij.openapi.progress.util.ProgressDialog$MyDialogWrapper"}}
{"recorder_version":"9","session":"f90559196fc1","build":"191.6183.87","bucket":"87","time":1651187031330,"group":{"id":"lifecycle","version":"9"},"event":{"count":1,"data":{"created":1651187031330,"project":"c938f837cc5573a44f8c28b25263ac61ed2b50ac2c3a837cd72b373b06ece8fa"},"id":"project.opened"}}
{"recorder_version":"9","session":"f90559196fc1","build":"191.6183.87","bucket":"87","time":1651187032035,"group":{"id":"lifecycle","version":"9"},"event":{"count":1,"data":{"plugin":"unknown","created":1651187032035,"oom":false,"mapping_failed":false},"id":"ide.error"}}
{"recorder_version":"9","session":"f90559196fc1","build":"191.6183.87","bucket":"87","time":1651187032035,"group":{"id":"performance","version":"9"},"event":{"count":1,"data":{"duration_ms":645,"created":1651187032037},"id":"ui.lagging"}}
{"recorder_version":"9","session":"f90559196fc1","build":"191.6183.87","bucket":"87","time":1651187032096,"group":{"id":"ui.dialogs","version":"9"},"event":{"count":1,"data":{"created":1651187032098,"plugin_type":"PLATFORM","type":"show"},"id":"com.intellij.openapi.progress.util.ProgressDialog$MyDialogWrapper"}}
{"recorder_version":"9","session":"f90559196fc1","build":"191.6183.87","bucket":"87","time":1651187032220,"group":{"id":"toolwindow","version":"9"},"event":{"count":1,"data":{"os":"Windows","created":1651187032220,"plugin_type":"PLATFORM"},"id":"Project"}}
{"recorder_version":"9","session":"f90559196fc1","build":"191.6183.87","bucket":"87","time":1651187032494,"group":{"id":"performance","version":"9"},"event":{"count":1,"data":{"duration_ms":101,"created":1651187032494},"id":"ui.lagging"}}
{"recorder_version":"9","session":"f90559196fc1","build":"191.6183.87","bucket":"87","time":1651187032546,"group":{"id":"ui.tips","version":"1"},"event":{"count":1,"data":{"created":1651187032546},"id":"shown.automatically"}}
{"recorder_version":"9","session":"f90559196fc1","build":"191.6183.87","bucket":"87","time":1651187033162,"group":{"id":"ui.dialogs","version":"9"},"event":{"count":1,"data":{"created":1651187033162,"plugin_type":"PLATFORM","type":"show"},"id":"com.intellij.ide.util.TipDialog"}}
{"recorder_version":"9","session":"f90559196fc1","build":"191.6183.87","bucket":"87","time":1651187033210,"group":{"id":"lifecycle","version":"9"},"event":{"count":1,"data":{"internal":true,"eap":false,"created":1651187033210},"id":"ide.start"}}
{"recorder_version":"9","session":"f90559196fc1","build":"191.6183.87","bucket":"87","time":1651187033835,"group":{"id":"performance","version":"9"},"event":{"count":1,"data":{"duration_ms":428,"created":1651187033835},"id":"ui.lagging"}}
{"recorder_version":"9","session":"f90559196fc1","build":"191.6183.87","bucket":"87","time":1651187033895,"group":{"id":"project.fs","version":"1"},"event":{"state":true,"data":{"os":"Windows","cs-project":false,"created":1651187033895,"project":"c938f837cc5573a44f8c28b25263ac61ed2b50ac2c3a837cd72b373b06ece8fa","cs-implicit":true,"cs-system":false},"id":"case-sensitivity"}}
{"recorder_version":"9","session":"f90559196fc1","build":"191.6183.87","bucket":"87","time":1651187033895,"group":{"id":"project.fs","version":"1"},"event":{"state":true,"data":{"created":1651187033895},"id":"invoked"}}
{"recorder_version":"9","session":"f90559196fc1","build":"191.6183.87","bucket":"87","time":1651187033903,"group":{"id":"project.fs","version":"1"},"event":{"state":true,"data":{"pct-non-watched":0,"created":1651187033903,"project":"c938f837cc5573a44f8c28b25263ac61ed2b50ac2c3a837cd72b373b06ece8fa"},"id":"roots-watched"}}
{"recorder_version":"9","session":"f90559196fc1","build":"191.6183.87","bucket":"87","time":1651187033903,"group":{"id":"project.fs","version":"1"},"event":{"state":true,"data":{"created":1651187033906},"id":"invoked"}}
{"recorder_version":"9","session":"f90559196fc1","build":"191.6183.87","bucket":"87","time":1651187033946,"group":{"id":"ui.dialogs","version":"9"},"event":{"count":1,"data":{"code":1,"created":1651187033946,"plugin_type":"PLATFORM","type":"close"},"id":"com.intellij.openapi.progress.util.ProgressDialog$MyDialogWrapper"}}
{"recorder_version":"9","session":"f90559196fc1","build":"191.6183.87","bucket":"87","time":1651187034027,"group":{"id":"lifecycle","version":"9"},"event":{"count":1,"data":{"created":1651187034027,"time_ms":4277,"project":"c938f837cc5573a44f8c28b25263ac61ed2b50ac2c3a837cd72b373b06ece8fa"},"id":"project.opening.finished"}}
{"recorder_version":"9","session":"f90559196fc1","build":"191.6183.87","bucket":"87","time":1651187035254,"group":{"id":"ui.dialogs","version":"9"},"event":{"count":1,"data":{"code":1,"created":1651187035254,"plugin_type":"PLATFORM","type":"close"},"id":"com.intellij.ide.util.TipDialog"}}
{"recorder_version":"9","session":"f90559196fc1","build":"191.6183.87","bucket":"87","time":1651187037094,"group":{"id":"performance","version":"9"},"event":{"count":1,"data":{"duration_ms":646,"created":1651187037094},"id":"ui.lagging"}}
{"recorder_version":"9","session":"f90559196fc1","build":"191.6183.87","bucket":"87","time":1651187130088,"group":{"id":"performance","version":"9"},"event":{"count":1,"data":{"duration_ms":0,"created":1651187130088},"id":"ui.latency"}}
