{"recorder_version":"9","session":"8923b84bd635","build":"191.6183.87","bucket":"87","time":1651187768826,"group":{"id":"settings","version":"2"},"event":{"state":true,"data":{"created":1651187768828,"invoked":true},"id":"NotRoamableUiSettings"}}
{"recorder_version":"9","session":"8923b84bd635","build":"191.6183.87","bucket":"87","time":1651187768828,"group":{"id":"settings","version":"2"},"event":{"state":true,"data":{"created":1651187768838,"invoked":true},"id":"UISettings"}}
{"recorder_version":"9","session":"8923b84bd635","build":"191.6183.87","bucket":"87","time":1651187768836,"group":{"id":"system.os","version":"1"},"event":{"state":true,"data":{"created":1651187768846,"version":"10.0"},"id":"Windows"}}
{"recorder_version":"9","session":"8923b84bd635","build":"191.6183.87","bucket":"87","time":1651187768836,"group":{"id":"system.os","version":"1"},"event":{"state":true,"data":{"created":1651187768846},"id":"invoked"}}
{"recorder_version":"9","session":"8923b84bd635","build":"191.6183.87","bucket":"87","time":1651187768836,"group":{"id":"system.java","version":"1"},"event":{"state":true,"data":{"created":1651187768878,"version":"1.8"},"id":"JetBrains"}}
{"recorder_version":"9","session":"8923b84bd635","build":"191.6183.87","bucket":"87","time":1651187768836,"group":{"id":"system.java","version":"1"},"event":{"state":true,"data":{"created":1651187768878},"id":"invoked"}}
{"recorder_version":"9","session":"8923b84bd635","build":"191.6183.87","bucket":"87","time":1651187769530,"group":{"id":"settings","version":"2"},"event":{"state":true,"data":{"created":1651187769530,"invoked":true},"id":"GeneralSettings"}}
{"recorder_version":"9","session":"8923b84bd635","build":"191.6183.87","bucket":"87","time":1651187771076,"group":{"id":"performance","version":"9"},"event":{"count":1,"data":{"duration_ms":714,"created":1651187771076},"id":"ui.latency"}}
{"recorder_version":"9","session":"8923b84bd635","build":"191.6183.87","bucket":"87","time":1651187771076,"group":{"id":"performance","version":"9"},"event":{"count":1,"data":{"duration_ms":714,"created":1651187771078},"id":"ui.lagging"}}
{"recorder_version":"9","session":"8923b84bd635","build":"191.6183.87","bucket":"87","time":1651187771400,"group":{"id":"ui.dialogs","version":"9"},"event":{"count":1,"data":{"created":1651187771400,"plugin_type":"PLATFORM","type":"show"},"id":"com.intellij.openapi.progress.util.ProgressDialog$MyDialogWrapper"}}
{"recorder_version":"9","session":"8923b84bd635","build":"191.6183.87","bucket":"87","time":1651187772948,"group":{"id":"ui.dialogs","version":"9"},"event":{"count":1,"data":{"code":1,"created":1651187772948,"plugin_type":"PLATFORM","type":"close"},"id":"com.intellij.openapi.progress.util.ProgressDialog$MyDialogWrapper"}}
{"recorder_version":"9","session":"8923b84bd635","build":"191.6183.87","bucket":"87","time":1651187772955,"group":{"id":"lifecycle","version":"9"},"event":{"count":1,"data":{"created":1651187772964,"project":"c938f837cc5573a44f8c28b25263ac61ed2b50ac2c3a837cd72b373b06ece8fa"},"id":"project.opened"}}
{"recorder_version":"9","session":"8923b84bd635","build":"191.6183.87","bucket":"87","time":1651187774007,"group":{"id":"performance","version":"9"},"event":{"count":1,"data":{"duration_ms":519,"created":1651187774007},"id":"ui.lagging"}}
{"recorder_version":"9","session":"8923b84bd635","build":"191.6183.87","bucket":"87","time":1651187774037,"group":{"id":"ui.dialogs","version":"9"},"event":{"count":1,"data":{"created":1651187774037,"plugin_type":"PLATFORM","type":"show"},"id":"com.intellij.openapi.progress.util.ProgressDialog$MyDialogWrapper"}}
{"recorder_version":"9","session":"8923b84bd635","build":"191.6183.87","bucket":"87","time":1651187774335,"group":{"id":"lifecycle","version":"9"},"event":{"count":1,"data":{"plugin":"unknown","created":1651187774335,"oom":false,"mapping_failed":false},"id":"ide.error"}}
{"recorder_version":"9","session":"8923b84bd635","build":"191.6183.87","bucket":"87","time":1651187774402,"group":{"id":"toolwindow","version":"9"},"event":{"count":1,"data":{"os":"Windows","created":1651187774411,"plugin_type":"PLATFORM"},"id":"Project"}}
{"recorder_version":"9","session":"8923b84bd635","build":"191.6183.87","bucket":"87","time":1651187774685,"group":{"id":"performance","version":"9"},"event":{"count":1,"data":{"duration_ms":180,"created":1651187774685},"id":"ui.lagging"}}
{"recorder_version":"9","session":"8923b84bd635","build":"191.6183.87","bucket":"87","time":1651187774754,"group":{"id":"lifecycle","version":"9"},"event":{"count":1,"data":{"internal":true,"eap":false,"created":1651187774754},"id":"ide.start"}}
{"recorder_version":"9","session":"8923b84bd635","build":"191.6183.87","bucket":"87","time":1651187775023,"group":{"id":"ui.tips","version":"1"},"event":{"count":1,"data":{"created":1651187775028},"id":"shown.automatically"}}
{"recorder_version":"9","session":"8923b84bd635","build":"191.6183.87","bucket":"87","time":1651187775095,"group":{"id":"ui.dialogs","version":"9"},"event":{"count":1,"data":{"created":1651187775095,"plugin_type":"PLATFORM","type":"show"},"id":"com.intellij.ide.util.TipDialog"}}
{"recorder_version":"9","session":"8923b84bd635","build":"191.6183.87","bucket":"87","time":1651187775646,"group":{"id":"project.fs","version":"1"},"event":{"state":true,"data":{"os":"Windows","cs-project":false,"created":1651187775646,"project":"c938f837cc5573a44f8c28b25263ac61ed2b50ac2c3a837cd72b373b06ece8fa","cs-implicit":true,"cs-system":false},"id":"case-sensitivity"}}
{"recorder_version":"9","session":"8923b84bd635","build":"191.6183.87","bucket":"87","time":1651187775646,"group":{"id":"project.fs","version":"1"},"event":{"state":true,"data":{"created":1651187775648},"id":"invoked"}}
{"recorder_version":"9","session":"8923b84bd635","build":"191.6183.87","bucket":"87","time":1651187775648,"group":{"id":"project.fs","version":"1"},"event":{"state":true,"data":{"pct-non-watched":0,"created":1651187775648,"project":"c938f837cc5573a44f8c28b25263ac61ed2b50ac2c3a837cd72b373b06ece8fa"},"id":"roots-watched"}}
{"recorder_version":"9","session":"8923b84bd635","build":"191.6183.87","bucket":"87","time":1651187775648,"group":{"id":"project.fs","version":"1"},"event":{"state":true,"data":{"created":1651187775648},"id":"invoked"}}
{"recorder_version":"9","session":"8923b84bd635","build":"191.6183.87","bucket":"87","time":1651187775740,"group":{"id":"ui.dialogs","version":"9"},"event":{"count":1,"data":{"code":1,"created":1651187775740,"plugin_type":"PLATFORM","type":"close"},"id":"com.intellij.openapi.progress.util.ProgressDialog$MyDialogWrapper"}}
{"recorder_version":"9","session":"8923b84bd635","build":"191.6183.87","bucket":"87","time":1651187775809,"group":{"id":"lifecycle","version":"9"},"event":{"count":1,"data":{"created":1651187775809,"time_ms":4846,"project":"c938f837cc5573a44f8c28b25263ac61ed2b50ac2c3a837cd72b373b06ece8fa"},"id":"project.opening.finished"}}
{"recorder_version":"9","session":"8923b84bd635","build":"191.6183.87","bucket":"87","time":1651187778841,"group":{"id":"ui.dialogs","version":"9"},"event":{"count":1,"data":{"code":1,"created":1651187778861,"plugin_type":"PLATFORM","type":"close"},"id":"com.intellij.ide.util.TipDialog"}}
{"recorder_version":"9","session":"8923b84bd635","build":"191.6183.87","bucket":"87","time":1651187778909,"group":{"id":"performance","version":"9"},"event":{"count":1,"data":{"duration_ms":331,"created":1651187778912},"id":"ui.lagging"}}
{"recorder_version":"9","session":"8923b84bd635","build":"191.6183.87","bucket":"87","time":1651187784743,"group":{"id":"ui.dialogs","version":"9"},"event":{"count":1,"data":{"created":1651187784743,"plugin_type":"PLATFORM","type":"show"},"id":"com.intellij.openapi.ui.messages.MessageDialog"}}
{"recorder_version":"9","session":"8923b84bd635","build":"191.6183.87","bucket":"87","time":1651187786351,"group":{"id":"lifecycle","version":"9"},"event":{"count":1,"data":{"restart":false,"created":1651187786351},"id":"ide.close"}}
{"recorder_version":"9","session":"8923b84bd635","build":"191.6183.87","bucket":"87","time":1651187787413,"group":{"id":"lifecycle","version":"9"},"event":{"count":1,"data":{"created":1651187787415,"project":"c938f837cc5573a44f8c28b25263ac61ed2b50ac2c3a837cd72b373b06ece8fa"},"id":"project.closed"}}
