{"recorder_version":"9","session":"4159d1c8db58","build":"191.6183.87","bucket":"87","time":1651185725200,"group":{"id":"settings","version":"2"},"event":{"state":true,"data":{"created":1651185725200,"invoked":true},"id":"NotRoamableUiSettings"}}
{"recorder_version":"9","session":"4159d1c8db58","build":"191.6183.87","bucket":"87","time":1651185725224,"group":{"id":"settings","version":"2"},"event":{"state":true,"data":{"created":1651185725224,"invoked":true},"id":"UISettings"}}
{"recorder_version":"9","session":"4159d1c8db58","build":"191.6183.87","bucket":"87","time":1651185725256,"group":{"id":"system.os","version":"1"},"event":{"state":true,"data":{"created":1651185725264,"version":"10.0"},"id":"Windows"}}
{"recorder_version":"9","session":"4159d1c8db58","build":"191.6183.87","bucket":"87","time":1651185725256,"group":{"id":"system.os","version":"1"},"event":{"state":true,"data":{"created":1651185725264},"id":"invoked"}}
{"recorder_version":"9","session":"4159d1c8db58","build":"191.6183.87","bucket":"87","time":1651185725256,"group":{"id":"system.java","version":"1"},"event":{"state":true,"data":{"created":1651185725264,"version":"1.8"},"id":"JetBrains"}}
{"recorder_version":"9","session":"4159d1c8db58","build":"191.6183.87","bucket":"87","time":1651185725256,"group":{"id":"system.java","version":"1"},"event":{"state":true,"data":{"created":1651185725264},"id":"invoked"}}
{"recorder_version":"9","session":"4159d1c8db58","build":"191.6183.87","bucket":"87","time":1651185730734,"group":{"id":"settings","version":"2"},"event":{"state":true,"data":{"created":1651185730734,"invoked":true},"id":"GeneralSettings"}}
{"recorder_version":"9","session":"4159d1c8db58","build":"191.6183.87","bucket":"87","time":1651185741324,"group":{"id":"lifecycle","version":"9"},"event":{"count":1,"data":{"internal":true,"eap":false,"created":1651185741324},"id":"ide.start"}}
{"recorder_version":"9","session":"4159d1c8db58","build":"191.6183.87","bucket":"87","time":1651185741332,"group":{"id":"performance","version":"9"},"event":{"count":1,"data":{"duration_ms":11368,"created":1651185741332},"id":"ui.latency"}}
{"recorder_version":"9","session":"4159d1c8db58","build":"191.6183.87","bucket":"87","time":1651185741332,"group":{"id":"performance","version":"9"},"event":{"count":1,"data":{"duration_ms":11368,"created":1651185741332},"id":"ui.lagging"}}
{"recorder_version":"9","session":"4159d1c8db58","build":"191.6183.87","bucket":"87","time":1651185741332,"group":{"id":"performance","version":"9"},"event":{"count":1,"data":{"duration_ms":10308,"created":1651185741340},"id":"ui.lagging"}}
{"recorder_version":"9","session":"4159d1c8db58","build":"191.6183.87","bucket":"87","time":1651185742396,"group":{"id":"performance","version":"9"},"event":{"count":1,"data":{"duration_ms":10347,"created":1651185742396},"id":"ui.lagging"}}
{"recorder_version":"9","session":"4159d1c8db58","build":"191.6183.87","bucket":"87","time":1651185742396,"group":{"id":"performance","version":"9"},"event":{"count":1,"data":{"duration_ms":9297,"created":1651185742396},"id":"ui.lagging"}}
{"recorder_version":"9","session":"4159d1c8db58","build":"191.6183.87","bucket":"87","time":1651185742396,"group":{"id":"performance","version":"9"},"event":{"count":1,"data":{"duration_ms":8287,"created":1651185742396},"id":"ui.lagging"}}
{"recorder_version":"9","session":"4159d1c8db58","build":"191.6183.87","bucket":"87","time":1651185742396,"group":{"id":"performance","version":"9"},"event":{"count":1,"data":{"duration_ms":7276,"created":1651185742396},"id":"ui.lagging"}}
{"recorder_version":"9","session":"4159d1c8db58","build":"191.6183.87","bucket":"87","time":1651185742396,"group":{"id":"performance","version":"9"},"event":{"count":1,"data":{"duration_ms":6238,"created":1651185742396},"id":"ui.lagging"}}
{"recorder_version":"9","session":"4159d1c8db58","build":"191.6183.87","bucket":"87","time":1651185742396,"group":{"id":"performance","version":"9"},"event":{"count":1,"data":{"duration_ms":5159,"created":1651185742396},"id":"ui.lagging"}}
{"recorder_version":"9","session":"4159d1c8db58","build":"191.6183.87","bucket":"87","time":1651185742396,"group":{"id":"performance","version":"9"},"event":{"count":1,"data":{"duration_ms":4153,"created":1651185742396},"id":"ui.lagging"}}
{"recorder_version":"9","session":"4159d1c8db58","build":"191.6183.87","bucket":"87","time":1651185742396,"group":{"id":"performance","version":"9"},"event":{"count":1,"data":{"duration_ms":3146,"created":1651185742396},"id":"ui.lagging"}}
{"recorder_version":"9","session":"4159d1c8db58","build":"191.6183.87","bucket":"87","time":1651185742396,"group":{"id":"performance","version":"9"},"event":{"count":1,"data":{"duration_ms":2143,"created":1651185742396},"id":"ui.lagging"}}
{"recorder_version":"9","session":"4159d1c8db58","build":"191.6183.87","bucket":"87","time":1651185742396,"group":{"id":"performance","version":"9"},"event":{"count":1,"data":{"duration_ms":1136,"created":1651185742396},"id":"ui.lagging"}}
{"recorder_version":"9","session":"4159d1c8db58","build":"191.6183.87","bucket":"87","time":1651185742396,"group":{"id":"performance","version":"9"},"event":{"count":1,"data":{"duration_ms":130,"created":1651185742396},"id":"ui.lagging"}}
