{"recorder_version":"9","session":"96f1d9af5b6e","build":"191.6183.87","bucket":"87","time":1651186045478,"group":{"id":"settings","version":"2"},"event":{"state":true,"data":{"created":1651186045478,"invoked":true},"id":"NotRoamableUiSettings"}}
{"recorder_version":"9","session":"96f1d9af5b6e","build":"191.6183.87","bucket":"87","time":1651186045478,"group":{"id":"settings","version":"2"},"event":{"state":true,"data":{"created":1651186045493,"invoked":true},"id":"UISettings"}}
{"recorder_version":"9","session":"96f1d9af5b6e","build":"191.6183.87","bucket":"87","time":1651186045478,"group":{"id":"system.os","version":"1"},"event":{"state":true,"data":{"created":1651186045509,"version":"10.0"},"id":"Windows"}}
{"recorder_version":"9","session":"96f1d9af5b6e","build":"191.6183.87","bucket":"87","time":1651186045478,"group":{"id":"system.os","version":"1"},"event":{"state":true,"data":{"created":1651186045509},"id":"invoked"}}
{"recorder_version":"9","session":"96f1d9af5b6e","build":"191.6183.87","bucket":"87","time":1651186045478,"group":{"id":"system.java","version":"1"},"event":{"state":true,"data":{"created":1651186045509,"version":"1.8"},"id":"JetBrains"}}
{"recorder_version":"9","session":"96f1d9af5b6e","build":"191.6183.87","bucket":"87","time":1651186045478,"group":{"id":"system.java","version":"1"},"event":{"state":true,"data":{"created":1651186045509},"id":"invoked"}}
{"recorder_version":"9","session":"96f1d9af5b6e","build":"191.6183.87","bucket":"87","time":1651186049418,"group":{"id":"settings","version":"2"},"event":{"state":true,"data":{"created":1651186049418,"invoked":true},"id":"GeneralSettings"}}
{"recorder_version":"9","session":"96f1d9af5b6e","build":"191.6183.87","bucket":"87","time":1651186060078,"group":{"id":"performance","version":"9"},"event":{"count":1,"data":{"duration_ms":11054,"created":1651186060078},"id":"ui.latency"}}
{"recorder_version":"9","session":"96f1d9af5b6e","build":"191.6183.87","bucket":"87","time":1651186060078,"group":{"id":"performance","version":"9"},"event":{"count":1,"data":{"duration_ms":11054,"created":1651186060078},"id":"ui.lagging"}}
{"recorder_version":"9","session":"96f1d9af5b6e","build":"191.6183.87","bucket":"87","time":1651186060225,"group":{"id":"performance","version":"9"},"event":{"count":1,"data":{"duration_ms":10206,"created":1651186060225},"id":"ui.lagging"}}
{"recorder_version":"9","session":"96f1d9af5b6e","build":"191.6183.87","bucket":"87","time":1651186060225,"group":{"id":"performance","version":"9"},"event":{"count":1,"data":{"duration_ms":9204,"created":1651186060225},"id":"ui.lagging"}}
{"recorder_version":"9","session":"96f1d9af5b6e","build":"191.6183.87","bucket":"87","time":1651186060225,"group":{"id":"performance","version":"9"},"event":{"count":1,"data":{"duration_ms":8193,"created":1651186060225},"id":"ui.lagging"}}
{"recorder_version":"9","session":"96f1d9af5b6e","build":"191.6183.87","bucket":"87","time":1651186060225,"group":{"id":"performance","version":"9"},"event":{"count":1,"data":{"duration_ms":7176,"created":1651186060225},"id":"ui.lagging"}}
{"recorder_version":"9","session":"96f1d9af5b6e","build":"191.6183.87","bucket":"87","time":1651186060225,"group":{"id":"performance","version":"9"},"event":{"count":1,"data":{"duration_ms":6173,"created":1651186060225},"id":"ui.lagging"}}
{"recorder_version":"9","session":"96f1d9af5b6e","build":"191.6183.87","bucket":"87","time":1651186060225,"group":{"id":"performance","version":"9"},"event":{"count":1,"data":{"duration_ms":5055,"created":1651186060225},"id":"ui.lagging"}}
{"recorder_version":"9","session":"96f1d9af5b6e","build":"191.6183.87","bucket":"87","time":1651186060225,"group":{"id":"performance","version":"9"},"event":{"count":1,"data":{"duration_ms":4047,"created":1651186060225},"id":"ui.lagging"}}
{"recorder_version":"9","session":"96f1d9af5b6e","build":"191.6183.87","bucket":"87","time":1651186060225,"group":{"id":"performance","version":"9"},"event":{"count":1,"data":{"duration_ms":3037,"created":1651186060225},"id":"ui.lagging"}}
{"recorder_version":"9","session":"96f1d9af5b6e","build":"191.6183.87","bucket":"87","time":1651186060225,"group":{"id":"performance","version":"9"},"event":{"count":1,"data":{"duration_ms":2035,"created":1651186060225},"id":"ui.lagging"}}
{"recorder_version":"9","session":"96f1d9af5b6e","build":"191.6183.87","bucket":"87","time":1651186060225,"group":{"id":"performance","version":"9"},"event":{"count":1,"data":{"duration_ms":1033,"created":1651186060225},"id":"ui.lagging"}}
{"recorder_version":"9","session":"96f1d9af5b6e","build":"191.6183.87","bucket":"87","time":1651186060897,"group":{"id":"ui.dialogs","version":"9"},"event":{"count":1,"data":{"created":1651186060897,"plugin_type":"PLATFORM","type":"show"},"id":"com.intellij.openapi.progress.util.ProgressDialog$MyDialogWrapper"}}
{"recorder_version":"9","session":"96f1d9af5b6e","build":"191.6183.87","bucket":"87","time":1651186061279,"group":{"id":"lifecycle","version":"9"},"event":{"count":1,"data":{"created":1651186061279,"duration_grouped":"10+","duration_s":13},"id":"ide.freeze"}}
{"recorder_version":"9","session":"96f1d9af5b6e","build":"191.6183.87","bucket":"87","time":1651186061427,"group":{"id":"performance","version":"9"},"event":{"count":1,"data":{"duration_ms":216,"created":1651186061427},"id":"ui.lagging"}}
{"recorder_version":"9","session":"96f1d9af5b6e","build":"191.6183.87","bucket":"87","time":1651186079351,"group":{"id":"ui.dialogs","version":"9"},"event":{"count":1,"data":{"code":1,"created":1651186079351,"plugin_type":"PLATFORM","type":"close"},"id":"com.intellij.openapi.progress.util.ProgressDialog$MyDialogWrapper"}}
{"recorder_version":"9","session":"96f1d9af5b6e","build":"191.6183.87","bucket":"87","time":1651186079400,"group":{"id":"lifecycle","version":"9"},"event":{"count":1,"data":{"created":1651186079400,"project":"c938f837cc5573a44f8c28b25263ac61ed2b50ac2c3a837cd72b373b06ece8fa"},"id":"project.opened"}}
{"recorder_version":"9","session":"96f1d9af5b6e","build":"191.6183.87","bucket":"87","time":1651186083893,"group":{"id":"performance","version":"9"},"event":{"count":1,"data":{"duration_ms":4447,"created":1651186083893},"id":"ui.lagging"}}
{"recorder_version":"9","session":"96f1d9af5b6e","build":"191.6183.87","bucket":"87","time":1651186084044,"group":{"id":"performance","version":"9"},"event":{"count":1,"data":{"duration_ms":3596,"created":1651186084044},"id":"ui.lagging"}}
{"recorder_version":"9","session":"96f1d9af5b6e","build":"191.6183.87","bucket":"87","time":1651186084052,"group":{"id":"performance","version":"9"},"event":{"count":1,"data":{"duration_ms":2578,"created":1651186084052},"id":"ui.lagging"}}
{"recorder_version":"9","session":"96f1d9af5b6e","build":"191.6183.87","bucket":"87","time":1651186084052,"group":{"id":"performance","version":"9"},"event":{"count":1,"data":{"duration_ms":1581,"created":1651186084052},"id":"ui.lagging"}}
{"recorder_version":"9","session":"96f1d9af5b6e","build":"191.6183.87","bucket":"87","time":1651186084052,"group":{"id":"performance","version":"9"},"event":{"count":1,"data":{"duration_ms":578,"created":1651186084052},"id":"ui.lagging"}}
{"recorder_version":"9","session":"96f1d9af5b6e","build":"191.6183.87","bucket":"87","time":1651186084216,"group":{"id":"ui.dialogs","version":"9"},"event":{"count":1,"data":{"created":1651186084216,"plugin_type":"PLATFORM","type":"show"},"id":"com.intellij.openapi.progress.util.ProgressDialog$MyDialogWrapper"}}
{"recorder_version":"9","session":"96f1d9af5b6e","build":"191.6183.87","bucket":"87","time":1651186084447,"group":{"id":"lifecycle","version":"9"},"event":{"count":1,"data":{"plugin":"unknown","created":1651186084447,"oom":false,"mapping_failed":false},"id":"ide.error"}}
{"recorder_version":"9","session":"96f1d9af5b6e","build":"191.6183.87","bucket":"87","time":1651186084779,"group":{"id":"performance","version":"9"},"event":{"count":1,"data":{"duration_ms":294,"created":1651186084779},"id":"ui.lagging"}}
{"recorder_version":"9","session":"96f1d9af5b6e","build":"191.6183.87","bucket":"87","time":1651186085185,"group":{"id":"toolwindow","version":"9"},"event":{"count":1,"data":{"os":"Windows","created":1651186085185,"plugin_type":"PLATFORM"},"id":"Project"}}
{"recorder_version":"9","session":"96f1d9af5b6e","build":"191.6183.87","bucket":"87","time":1651186085611,"group":{"id":"lifecycle","version":"9"},"event":{"count":1,"data":{"internal":true,"eap":false,"created":1651186085611},"id":"ide.start"}}
{"recorder_version":"9","session":"96f1d9af5b6e","build":"191.6183.87","bucket":"87","time":1651186086644,"group":{"id":"ui.tips","version":"1"},"event":{"count":1,"data":{"created":1651186086644},"id":"shown.automatically"}}
{"recorder_version":"9","session":"96f1d9af5b6e","build":"191.6183.87","bucket":"87","time":1651186086874,"group":{"id":"ui.dialogs","version":"9"},"event":{"count":1,"data":{"created":1651186086874,"plugin_type":"PLATFORM","type":"show"},"id":"com.intellij.ide.util.TipDialog"}}
{"recorder_version":"9","session":"96f1d9af5b6e","build":"191.6183.87","bucket":"87","time":1651186087133,"group":{"id":"performance","version":"9"},"event":{"count":1,"data":{"duration_ms":634,"created":1651186087141},"id":"ui.lagging"}}
{"recorder_version":"9","session":"96f1d9af5b6e","build":"191.6183.87","bucket":"87","time":1651186087262,"group":{"id":"project.fs","version":"1"},"event":{"state":true,"data":{"os":"Windows","cs-project":false,"created":1651186087262,"project":"c938f837cc5573a44f8c28b25263ac61ed2b50ac2c3a837cd72b373b06ece8fa","cs-implicit":true,"cs-system":false},"id":"case-sensitivity"}}
{"recorder_version":"9","session":"96f1d9af5b6e","build":"191.6183.87","bucket":"87","time":1651186087262,"group":{"id":"project.fs","version":"1"},"event":{"state":true,"data":{"created":1651186087264},"id":"invoked"}}
{"recorder_version":"9","session":"96f1d9af5b6e","build":"191.6183.87","bucket":"87","time":1651186087264,"group":{"id":"project.fs","version":"1"},"event":{"state":true,"data":{"pct-non-watched":0,"created":1651186087264,"project":"c938f837cc5573a44f8c28b25263ac61ed2b50ac2c3a837cd72b373b06ece8fa"},"id":"roots-watched"}}
{"recorder_version":"9","session":"96f1d9af5b6e","build":"191.6183.87","bucket":"87","time":1651186087264,"group":{"id":"project.fs","version":"1"},"event":{"state":true,"data":{"created":1651186087264},"id":"invoked"}}
{"recorder_version":"9","session":"96f1d9af5b6e","build":"191.6183.87","bucket":"87","time":1651186087445,"group":{"id":"ui.dialogs","version":"9"},"event":{"count":1,"data":{"code":1,"created":1651186087445,"plugin_type":"PLATFORM","type":"close"},"id":"com.intellij.openapi.progress.util.ProgressDialog$MyDialogWrapper"}}
{"recorder_version":"9","session":"96f1d9af5b6e","build":"191.6183.87","bucket":"87","time":1651186087486,"group":{"id":"lifecycle","version":"9"},"event":{"count":1,"data":{"created":1651186087486,"time_ms":27939,"project":"c938f837cc5573a44f8c28b25263ac61ed2b50ac2c3a837cd72b373b06ece8fa"},"id":"project.opening.finished"}}
{"recorder_version":"9","session":"96f1d9af5b6e","build":"191.6183.87","bucket":"87","time":1651186090817,"group":{"id":"performance","version":"9"},"event":{"count":1,"data":{"duration_ms":1228,"created":1651186090817},"id":"ui.lagging"}}
{"recorder_version":"9","session":"96f1d9af5b6e","build":"191.6183.87","bucket":"87","time":1651186090817,"group":{"id":"performance","version":"9"},"event":{"count":1,"data":{"duration_ms":181,"created":1651186090817},"id":"ui.lagging"}}
{"recorder_version":"9","session":"96f1d9af5b6e","build":"191.6183.87","bucket":"87","time":1651186109165,"group":{"id":"ui.dialogs","version":"9"},"event":{"count":1,"data":{"code":1,"created":1651186109165,"plugin_type":"PLATFORM","type":"close"},"id":"com.intellij.ide.util.TipDialog"}}
{"recorder_version":"9","session":"96f1d9af5b6e","build":"191.6183.87","bucket":"87","time":1651186160078,"group":{"id":"performance","version":"9"},"event":{"count":1,"data":{"duration_ms":0,"created":1651186160078},"id":"ui.latency"}}
{"recorder_version":"9","session":"96f1d9af5b6e","build":"191.6183.87","bucket":"87","time":1651186260705,"group":{"id":"performance","version":"9"},"event":{"count":1,"data":{"duration_ms":0,"created":1651186260705},"id":"ui.latency"}}
{"recorder_version":"9","session":"96f1d9af5b6e","build":"191.6183.87","bucket":"87","time":1651186360090,"group":{"id":"build.tools.actions","version":"1"},"event":{"count":1,"data":{"created":1651186360090},"id":"registered"}}
{"recorder_version":"9","session":"96f1d9af5b6e","build":"191.6183.87","bucket":"87","time":1651186360090,"group":{"id":"file.types.usage","version":"9"},"event":{"count":1,"data":{"created":1651186360090},"id":"registered"}}
{"recorder_version":"9","session":"96f1d9af5b6e","build":"191.6183.87","bucket":"87","time":1651186360090,"group":{"id":"actions.runAnything","version":"1"},"event":{"count":1,"data":{"created":1651186360090},"id":"registered"}}
{"recorder_version":"9","session":"96f1d9af5b6e","build":"191.6183.87","bucket":"87","time":1651186360090,"group":{"id":"toolwindow","version":"9"},"event":{"count":1,"data":{"created":1651186360090},"id":"registered"}}
{"recorder_version":"9","session":"96f1d9af5b6e","build":"191.6183.87","bucket":"87","time":1651186360090,"group":{"id":"live.templates","version":"9"},"event":{"count":1,"data":{"created":1651186360090},"id":"registered"}}
{"recorder_version":"9","session":"96f1d9af5b6e","build":"191.6183.87","bucket":"87","time":1651186360090,"group":{"id":"ide.self.update","version":"1"},"event":{"count":1,"data":{"created":1651186360090},"id":"registered"}}
{"recorder_version":"9","session":"96f1d9af5b6e","build":"191.6183.87","bucket":"87","time":1651186360090,"group":{"id":"lifecycle","version":"9"},"event":{"count":1,"data":{"created":1651186360090},"id":"registered"}}
{"recorder_version":"9","session":"96f1d9af5b6e","build":"191.6183.87","bucket":"87","time":1651186360090,"group":{"id":"vcs.diff.trigger","version":"1"},"event":{"count":1,"data":{"created":1651186360090},"id":"registered"}}
{"recorder_version":"9","session":"96f1d9af5b6e","build":"191.6183.87","bucket":"87","time":1651186360090,"group":{"id":"vcs.log.trigger","version":"1"},"event":{"count":1,"data":{"created":1651186360090},"id":"registered"}}
{"recorder_version":"9","session":"96f1d9af5b6e","build":"191.6183.87","bucket":"87","time":1651186360090,"group":{"id":"productivity","version":"9"},"event":{"count":1,"data":{"created":1651186360090},"id":"registered"}}
{"recorder_version":"9","session":"96f1d9af5b6e","build":"191.6183.87","bucket":"87","time":1651186360090,"group":{"id":"debugger.breakpoints.usage","version":"1"},"event":{"count":1,"data":{"created":1651186360090},"id":"registered"}}
{"recorder_version":"9","session":"96f1d9af5b6e","build":"191.6183.87","bucket":"87","time":1651186360090,"group":{"id":"build.maven.actions","version":"1"},"event":{"count":1,"data":{"created":1651186360090},"id":"registered"}}
{"recorder_version":"9","session":"96f1d9af5b6e","build":"191.6183.87","bucket":"87","time":1651186360090,"group":{"id":"intentions","version":"9"},"event":{"count":1,"data":{"created":1651186360090},"id":"registered"}}
{"recorder_version":"9","session":"96f1d9af5b6e","build":"191.6183.87","bucket":"87","time":1651186360090,"group":{"id":"ui.dialogs","version":"9"},"event":{"count":1,"data":{"created":1651186360090},"id":"registered"}}
{"recorder_version":"9","session":"96f1d9af5b6e","build":"191.6183.87","bucket":"87","time":1651186360090,"group":{"id":"vcs.back.forward.trigger","version":"1"},"event":{"count":1,"data":{"created":1651186360090},"id":"registered"}}
{"recorder_version":"9","session":"96f1d9af5b6e","build":"191.6183.87","bucket":"87","time":1651186360090,"group":{"id":"toolbar","version":"9"},"event":{"count":1,"data":{"created":1651186360090},"id":"registered"}}
{"recorder_version":"9","session":"96f1d9af5b6e","build":"191.6183.87","bucket":"87","time":1651186360090,"group":{"id":"build.gradle.actions","version":"1"},"event":{"count":1,"data":{"created":1651186360090},"id":"registered"}}
{"recorder_version":"9","session":"96f1d9af5b6e","build":"191.6183.87","bucket":"87","time":1651186360090,"group":{"id":"performance","version":"9"},"event":{"count":1,"data":{"created":1651186360092},"id":"registered"}}
{"recorder_version":"9","session":"96f1d9af5b6e","build":"191.6183.87","bucket":"87","time":1651186360090,"group":{"id":"searchEverywhere","version":"1"},"event":{"count":1,"data":{"created":1651186360092},"id":"registered"}}
{"recorder_version":"9","session":"96f1d9af5b6e","build":"191.6183.87","bucket":"87","time":1651186360090,"group":{"id":"ui.tips","version":"1"},"event":{"count":1,"data":{"created":1651186360092},"id":"registered"}}
{"recorder_version":"9","session":"96f1d9af5b6e","build":"191.6183.87","bucket":"87","time":1651186360090,"group":{"id":"import.old.config","version":"1"},"event":{"count":1,"data":{"created":1651186360092},"id":"registered"}}
{"recorder_version":"9","session":"96f1d9af5b6e","build":"191.6183.87","bucket":"87","time":1651186360090,"group":{"id":"json.schema","version":"1"},"event":{"count":1,"data":{"created":1651186360092},"id":"registered"}}
{"recorder_version":"9","session":"96f1d9af5b6e","build":"191.6183.87","bucket":"87","time":1651186360090,"group":{"id":"terminalShell","version":"1"},"event":{"count":1,"data":{"created":1651186360092},"id":"registered"}}
{"recorder_version":"9","session":"96f1d9af5b6e","build":"191.6183.87","bucket":"87","time":1651186360090,"group":{"id":"completion.postfix","version":"9"},"event":{"count":1,"data":{"created":1651186360092},"id":"registered"}}
{"recorder_version":"9","session":"96f1d9af5b6e","build":"191.6183.87","bucket":"87","time":1651186360090,"group":{"id":"actions","version":"9"},"event":{"count":1,"data":{"created":1651186360092},"id":"registered"}}
{"recorder_version":"9","session":"96f1d9af5b6e","build":"191.6183.87","bucket":"87","time":1651186360090,"group":{"id":"run.configuration.exec","version":"9"},"event":{"count":1,"data":{"created":1651186360092},"id":"registered"}}
{"recorder_version":"9","session":"96f1d9af5b6e","build":"191.6183.87","bucket":"87","time":1651186361281,"group":{"id":"performance","version":"9"},"event":{"count":1,"data":{"duration_ms":0,"created":1651186361281},"id":"ui.latency"}}
{"recorder_version":"9","session":"96f1d9af5b6e","build":"191.6183.87","bucket":"87","time":1651186382601,"group":{"id":"ui.dialogs","version":"9"},"event":{"count":1,"data":{"created":1651186382601,"plugin_type":"PLATFORM","type":"show"},"id":"com.intellij.openapi.ui.messages.MessageDialog"}}
{"recorder_version":"9","session":"96f1d9af5b6e","build":"191.6183.87","bucket":"87","time":1651186384187,"group":{"id":"lifecycle","version":"9"},"event":{"count":1,"data":{"restart":false,"created":1651186384187},"id":"ide.close"}}
{"recorder_version":"9","session":"96f1d9af5b6e","build":"191.6183.87","bucket":"87","time":1651186384350,"group":{"id":"lifecycle","version":"9"},"event":{"count":1,"data":{"created":1651186384365,"project":"c938f837cc5573a44f8c28b25263ac61ed2b50ac2c3a837cd72b373b06ece8fa"},"id":"project.closed"}}
