{"recorder_version":"9","session":"f998231a62a4","build":"191.6183.87","bucket":"87","time":1651187661093,"group":{"id":"settings","version":"2"},"event":{"state":true,"data":{"created":1651187661093,"invoked":true},"id":"NotRoamableUiSettings"}}
{"recorder_version":"9","session":"f998231a62a4","build":"191.6183.87","bucket":"87","time":1651187661093,"group":{"id":"settings","version":"2"},"event":{"state":true,"data":{"created":1651187661104,"invoked":true},"id":"UISettings"}}
{"recorder_version":"9","session":"f998231a62a4","build":"191.6183.87","bucket":"87","time":1651187661104,"group":{"id":"system.os","version":"1"},"event":{"state":true,"data":{"created":1651187661114,"version":"10.0"},"id":"Windows"}}
{"recorder_version":"9","session":"f998231a62a4","build":"191.6183.87","bucket":"87","time":1651187661104,"group":{"id":"system.os","version":"1"},"event":{"state":true,"data":{"created":1651187661114},"id":"invoked"}}
{"recorder_version":"9","session":"f998231a62a4","build":"191.6183.87","bucket":"87","time":1651187661104,"group":{"id":"system.java","version":"1"},"event":{"state":true,"data":{"created":1651187661114,"version":"1.8"},"id":"JetBrains"}}
{"recorder_version":"9","session":"f998231a62a4","build":"191.6183.87","bucket":"87","time":1651187661104,"group":{"id":"system.java","version":"1"},"event":{"state":true,"data":{"created":1651187661114},"id":"invoked"}}
{"recorder_version":"9","session":"f998231a62a4","build":"191.6183.87","bucket":"87","time":1651187661757,"group":{"id":"settings","version":"2"},"event":{"state":true,"data":{"created":1651187661757,"invoked":true},"id":"GeneralSettings"}}
{"recorder_version":"9","session":"f998231a62a4","build":"191.6183.87","bucket":"87","time":1651187663192,"group":{"id":"performance","version":"9"},"event":{"count":1,"data":{"duration_ms":558,"created":1651187663200},"id":"ui.latency"}}
{"recorder_version":"9","session":"f998231a62a4","build":"191.6183.87","bucket":"87","time":1651187663192,"group":{"id":"performance","version":"9"},"event":{"count":1,"data":{"duration_ms":558,"created":1651187663202},"id":"ui.lagging"}}
{"recorder_version":"9","session":"f998231a62a4","build":"191.6183.87","bucket":"87","time":1651187663534,"group":{"id":"ui.dialogs","version":"9"},"event":{"count":1,"data":{"created":1651187663534,"plugin_type":"PLATFORM","type":"show"},"id":"com.intellij.openapi.progress.util.ProgressDialog$MyDialogWrapper"}}
{"recorder_version":"9","session":"f998231a62a4","build":"191.6183.87","bucket":"87","time":1651187664973,"group":{"id":"ui.dialogs","version":"9"},"event":{"count":1,"data":{"code":1,"created":1651187664973,"plugin_type":"PLATFORM","type":"close"},"id":"com.intellij.openapi.progress.util.ProgressDialog$MyDialogWrapper"}}
{"recorder_version":"9","session":"f998231a62a4","build":"191.6183.87","bucket":"87","time":1651187664985,"group":{"id":"lifecycle","version":"9"},"event":{"count":1,"data":{"created":1651187664985,"project":"c938f837cc5573a44f8c28b25263ac61ed2b50ac2c3a837cd72b373b06ece8fa"},"id":"project.opened"}}
{"recorder_version":"9","session":"f998231a62a4","build":"191.6183.87","bucket":"87","time":1651187666015,"group":{"id":"performance","version":"9"},"event":{"count":1,"data":{"duration_ms":336,"created":1651187666025},"id":"ui.lagging"}}
{"recorder_version":"9","session":"f998231a62a4","build":"191.6183.87","bucket":"87","time":1651187666055,"group":{"id":"ui.dialogs","version":"9"},"event":{"count":1,"data":{"created":1651187666055,"plugin_type":"PLATFORM","type":"show"},"id":"com.intellij.openapi.progress.util.ProgressDialog$MyDialogWrapper"}}
{"recorder_version":"9","session":"f998231a62a4","build":"191.6183.87","bucket":"87","time":1651187666432,"group":{"id":"toolwindow","version":"9"},"event":{"count":1,"data":{"os":"Windows","created":1651187666432,"plugin_type":"PLATFORM"},"id":"Project"}}
{"recorder_version":"9","session":"f998231a62a4","build":"191.6183.87","bucket":"87","time":1651187666718,"group":{"id":"lifecycle","version":"9"},"event":{"count":1,"data":{"internal":true,"eap":false,"created":1651187666718},"id":"ide.start"}}
{"recorder_version":"9","session":"f998231a62a4","build":"191.6183.87","bucket":"87","time":1651187666977,"group":{"id":"lifecycle","version":"9"},"event":{"count":1,"data":{"plugin":"unknown","created":1651187666979,"oom":false,"mapping_failed":false},"id":"ide.error"}}
{"recorder_version":"9","session":"f998231a62a4","build":"191.6183.87","bucket":"87","time":1651187666999,"group":{"id":"performance","version":"9"},"event":{"count":1,"data":{"duration_ms":295,"created":1651187666999},"id":"ui.lagging"}}
{"recorder_version":"9","session":"f998231a62a4","build":"191.6183.87","bucket":"87","time":1651187667101,"group":{"id":"project.fs","version":"1"},"event":{"state":true,"data":{"os":"Windows","cs-project":false,"created":1651187667101,"project":"c938f837cc5573a44f8c28b25263ac61ed2b50ac2c3a837cd72b373b06ece8fa","cs-implicit":true,"cs-system":false},"id":"case-sensitivity"}}
{"recorder_version":"9","session":"f998231a62a4","build":"191.6183.87","bucket":"87","time":1651187667101,"group":{"id":"project.fs","version":"1"},"event":{"state":true,"data":{"created":1651187667101},"id":"invoked"}}
{"recorder_version":"9","session":"f998231a62a4","build":"191.6183.87","bucket":"87","time":1651187667109,"group":{"id":"project.fs","version":"1"},"event":{"state":true,"data":{"pct-non-watched":0,"created":1651187667109,"project":"c938f837cc5573a44f8c28b25263ac61ed2b50ac2c3a837cd72b373b06ece8fa"},"id":"roots-watched"}}
{"recorder_version":"9","session":"f998231a62a4","build":"191.6183.87","bucket":"87","time":1651187667109,"group":{"id":"project.fs","version":"1"},"event":{"state":true,"data":{"created":1651187667109},"id":"invoked"}}
{"recorder_version":"9","session":"f998231a62a4","build":"191.6183.87","bucket":"87","time":1651187667152,"group":{"id":"ui.tips","version":"1"},"event":{"count":1,"data":{"created":1651187667152},"id":"shown.automatically"}}
{"recorder_version":"9","session":"f998231a62a4","build":"191.6183.87","bucket":"87","time":1651187667183,"group":{"id":"ui.dialogs","version":"9"},"event":{"count":1,"data":{"created":1651187667183,"plugin_type":"PLATFORM","type":"show"},"id":"com.intellij.ide.util.TipDialog"}}
{"recorder_version":"9","session":"f998231a62a4","build":"191.6183.87","bucket":"87","time":1651187667348,"group":{"id":"ui.dialogs","version":"9"},"event":{"count":1,"data":{"code":1,"created":1651187667348,"plugin_type":"PLATFORM","type":"close"},"id":"com.intellij.openapi.progress.util.ProgressDialog$MyDialogWrapper"}}
{"recorder_version":"9","session":"f998231a62a4","build":"191.6183.87","bucket":"87","time":1651187667501,"group":{"id":"lifecycle","version":"9"},"event":{"count":1,"data":{"created":1651187667511,"time_ms":4430,"project":"c938f837cc5573a44f8c28b25263ac61ed2b50ac2c3a837cd72b373b06ece8fa"},"id":"project.opening.finished"}}
{"recorder_version":"9","session":"f998231a62a4","build":"191.6183.87","bucket":"87","time":1651187669721,"group":{"id":"ui.dialogs","version":"9"},"event":{"count":1,"data":{"code":1,"created":1651187669742,"plugin_type":"PLATFORM","type":"close"},"id":"com.intellij.ide.util.TipDialog"}}
{"recorder_version":"9","session":"f998231a62a4","build":"191.6183.87","bucket":"87","time":1651187671745,"group":{"id":"performance","version":"9"},"event":{"count":1,"data":{"duration_ms":997,"created":1651187671745},"id":"ui.lagging"}}
{"recorder_version":"9","session":"f998231a62a4","build":"191.6183.87","bucket":"87","time":1651187676970,"group":{"id":"ui.dialogs","version":"9"},"event":{"count":1,"data":{"created":1651187676970,"plugin_type":"PLATFORM","type":"show"},"id":"com.intellij.openapi.ui.messages.MessageDialog"}}
{"recorder_version":"9","session":"f998231a62a4","build":"191.6183.87","bucket":"87","time":1651187678849,"group":{"id":"lifecycle","version":"9"},"event":{"count":1,"data":{"restart":false,"created":1651187678849},"id":"ide.close"}}
{"recorder_version":"9","session":"f998231a62a4","build":"191.6183.87","bucket":"87","time":1651187679254,"group":{"id":"lifecycle","version":"9"},"event":{"count":1,"data":{"created":1651187679254,"project":"c938f837cc5573a44f8c28b25263ac61ed2b50ac2c3a837cd72b373b06ece8fa"},"id":"project.closed"}}
