{"recorder_version":"9","session":"571f41407320","build":"191.6183.87","bucket":"87","time":1651186821858,"group":{"id":"settings","version":"2"},"event":{"state":true,"data":{"created":1651186821860,"invoked":true},"id":"NotRoamableUiSettings"}}
{"recorder_version":"9","session":"571f41407320","build":"191.6183.87","bucket":"87","time":1651186821860,"group":{"id":"settings","version":"2"},"event":{"state":true,"data":{"created":1651186821870,"invoked":true},"id":"UISettings"}}
{"recorder_version":"9","session":"571f41407320","build":"191.6183.87","bucket":"87","time":1651186821880,"group":{"id":"system.os","version":"1"},"event":{"state":true,"data":{"created":1651186821880,"version":"10.0"},"id":"Windows"}}
{"recorder_version":"9","session":"571f41407320","build":"191.6183.87","bucket":"87","time":1651186821880,"group":{"id":"system.os","version":"1"},"event":{"state":true,"data":{"created":1651186821880},"id":"invoked"}}
{"recorder_version":"9","session":"571f41407320","build":"191.6183.87","bucket":"87","time":1651186821880,"group":{"id":"system.java","version":"1"},"event":{"state":true,"data":{"created":1651186822139,"version":"1.8"},"id":"JetBrains"}}
{"recorder_version":"9","session":"571f41407320","build":"191.6183.87","bucket":"87","time":1651186821880,"group":{"id":"system.java","version":"1"},"event":{"state":true,"data":{"created":1651186822141},"id":"invoked"}}
{"recorder_version":"9","session":"571f41407320","build":"191.6183.87","bucket":"87","time":1651186822533,"group":{"id":"settings","version":"2"},"event":{"state":true,"data":{"created":1651186822533,"invoked":true},"id":"GeneralSettings"}}
{"recorder_version":"9","session":"571f41407320","build":"191.6183.87","bucket":"87","time":1651186823713,"group":{"id":"performance","version":"9"},"event":{"count":1,"data":{"duration_ms":346,"created":1651186823713},"id":"ui.latency"}}
{"recorder_version":"9","session":"571f41407320","build":"191.6183.87","bucket":"87","time":1651186823713,"group":{"id":"performance","version":"9"},"event":{"count":1,"data":{"duration_ms":346,"created":1651186823713},"id":"ui.lagging"}}
{"recorder_version":"9","session":"571f41407320","build":"191.6183.87","bucket":"87","time":1651186824044,"group":{"id":"ui.dialogs","version":"9"},"event":{"count":1,"data":{"created":1651186824044,"plugin_type":"PLATFORM","type":"show"},"id":"com.intellij.openapi.progress.util.ProgressDialog$MyDialogWrapper"}}
{"recorder_version":"9","session":"571f41407320","build":"191.6183.87","bucket":"87","time":1651186825236,"group":{"id":"lifecycle","version":"9"},"event":{"count":1,"data":{"plugin":"unknown","created":1651186825236,"oom":false,"mapping_failed":false},"id":"ide.error"}}
{"recorder_version":"9","session":"571f41407320","build":"191.6183.87","bucket":"87","time":1651186825259,"group":{"id":"ui.dialogs","version":"9"},"event":{"count":1,"data":{"code":1,"created":1651186825259,"plugin_type":"PLATFORM","type":"close"},"id":"com.intellij.openapi.progress.util.ProgressDialog$MyDialogWrapper"}}
{"recorder_version":"9","session":"571f41407320","build":"191.6183.87","bucket":"87","time":1651186825277,"group":{"id":"lifecycle","version":"9"},"event":{"count":1,"data":{"created":1651186825277,"project":"c938f837cc5573a44f8c28b25263ac61ed2b50ac2c3a837cd72b373b06ece8fa"},"id":"project.opened"}}
{"recorder_version":"9","session":"571f41407320","build":"191.6183.87","bucket":"87","time":1651186825959,"group":{"id":"performance","version":"9"},"event":{"count":1,"data":{"duration_ms":567,"created":1651186825959},"id":"ui.lagging"}}
{"recorder_version":"9","session":"571f41407320","build":"191.6183.87","bucket":"87","time":1651186825999,"group":{"id":"ui.dialogs","version":"9"},"event":{"count":1,"data":{"created":1651186825999,"plugin_type":"PLATFORM","type":"show"},"id":"com.intellij.openapi.progress.util.ProgressDialog$MyDialogWrapper"}}
{"recorder_version":"9","session":"571f41407320","build":"191.6183.87","bucket":"87","time":1651186826130,"group":{"id":"toolwindow","version":"9"},"event":{"count":1,"data":{"os":"Windows","created":1651186826130,"plugin_type":"PLATFORM"},"id":"Project"}}
{"recorder_version":"9","session":"571f41407320","build":"191.6183.87","bucket":"87","time":1651186826442,"group":{"id":"ui.tips","version":"1"},"event":{"count":1,"data":{"created":1651186826452},"id":"shown.automatically"}}
{"recorder_version":"9","session":"571f41407320","build":"191.6183.87","bucket":"87","time":1651186826513,"group":{"id":"ui.dialogs","version":"9"},"event":{"count":1,"data":{"created":1651186826513,"plugin_type":"PLATFORM","type":"show"},"id":"com.intellij.ide.util.TipDialog"}}
{"recorder_version":"9","session":"571f41407320","build":"191.6183.87","bucket":"87","time":1651186826583,"group":{"id":"lifecycle","version":"9"},"event":{"count":1,"data":{"internal":true,"eap":false,"created":1651186826583},"id":"ide.start"}}
{"recorder_version":"9","session":"571f41407320","build":"191.6183.87","bucket":"87","time":1651186826937,"group":{"id":"project.fs","version":"1"},"event":{"state":true,"data":{"os":"Windows","cs-project":false,"created":1651186826937,"project":"c938f837cc5573a44f8c28b25263ac61ed2b50ac2c3a837cd72b373b06ece8fa","cs-implicit":true,"cs-system":false},"id":"case-sensitivity"}}
{"recorder_version":"9","session":"571f41407320","build":"191.6183.87","bucket":"87","time":1651186826937,"group":{"id":"project.fs","version":"1"},"event":{"state":true,"data":{"created":1651186826937},"id":"invoked"}}
{"recorder_version":"9","session":"571f41407320","build":"191.6183.87","bucket":"87","time":1651186826937,"group":{"id":"project.fs","version":"1"},"event":{"state":true,"data":{"pct-non-watched":0,"created":1651186826937,"project":"c938f837cc5573a44f8c28b25263ac61ed2b50ac2c3a837cd72b373b06ece8fa"},"id":"roots-watched"}}
{"recorder_version":"9","session":"571f41407320","build":"191.6183.87","bucket":"87","time":1651186826937,"group":{"id":"project.fs","version":"1"},"event":{"state":true,"data":{"created":1651186826937},"id":"invoked"}}
{"recorder_version":"9","session":"571f41407320","build":"191.6183.87","bucket":"87","time":1651186827074,"group":{"id":"ui.dialogs","version":"9"},"event":{"count":1,"data":{"code":1,"created":1651186827074,"plugin_type":"PLATFORM","type":"close"},"id":"com.intellij.openapi.progress.util.ProgressDialog$MyDialogWrapper"}}
{"recorder_version":"9","session":"571f41407320","build":"191.6183.87","bucket":"87","time":1651186827094,"group":{"id":"lifecycle","version":"9"},"event":{"count":1,"data":{"created":1651186827094,"time_ms":3498,"project":"c938f837cc5573a44f8c28b25263ac61ed2b50ac2c3a837cd72b373b06ece8fa"},"id":"project.opening.finished"}}
{"recorder_version":"9","session":"571f41407320","build":"191.6183.87","bucket":"87","time":1651186829922,"group":{"id":"performance","version":"9"},"event":{"count":1,"data":{"duration_ms":465,"created":1651186829922},"id":"ui.lagging"}}
