{"recorder_version":"9","session":"f31d52c79a23","build":"191.6183.87","bucket":"87","time":1651185775725,"group":{"id":"settings","version":"2"},"event":{"state":true,"data":{"created":1651185775725,"invoked":true},"id":"NotRoamableUiSettings"}}
{"recorder_version":"9","session":"f31d52c79a23","build":"191.6183.87","bucket":"87","time":1651185775733,"group":{"id":"settings","version":"2"},"event":{"state":true,"data":{"created":1651185775741,"invoked":true},"id":"UISettings"}}
{"recorder_version":"9","session":"f31d52c79a23","build":"191.6183.87","bucket":"87","time":1651185775741,"group":{"id":"system.os","version":"1"},"event":{"state":true,"data":{"created":1651185775751,"version":"10.0"},"id":"Windows"}}
{"recorder_version":"9","session":"f31d52c79a23","build":"191.6183.87","bucket":"87","time":1651185775741,"group":{"id":"system.os","version":"1"},"event":{"state":true,"data":{"created":1651185775751},"id":"invoked"}}
{"recorder_version":"9","session":"f31d52c79a23","build":"191.6183.87","bucket":"87","time":1651185775741,"group":{"id":"system.java","version":"1"},"event":{"state":true,"data":{"created":1651185775759,"version":"1.8"},"id":"JetBrains"}}
{"recorder_version":"9","session":"f31d52c79a23","build":"191.6183.87","bucket":"87","time":1651185775741,"group":{"id":"system.java","version":"1"},"event":{"state":true,"data":{"created":1651185775759},"id":"invoked"}}
{"recorder_version":"9","session":"f31d52c79a23","build":"191.6183.87","bucket":"87","time":1651185776764,"group":{"id":"settings","version":"2"},"event":{"state":true,"data":{"created":1651185776764,"invoked":true},"id":"GeneralSettings"}}
{"recorder_version":"9","session":"f31d52c79a23","build":"191.6183.87","bucket":"87","time":1651185777993,"group":{"id":"lifecycle","version":"9"},"event":{"count":1,"data":{"internal":true,"eap":false,"created":1651185777993},"id":"ide.start"}}
{"recorder_version":"9","session":"f31d52c79a23","build":"191.6183.87","bucket":"87","time":1651185778465,"group":{"id":"performance","version":"9"},"event":{"count":1,"data":{"duration_ms":1169,"created":1651185778465},"id":"ui.latency"}}
{"recorder_version":"9","session":"f31d52c79a23","build":"191.6183.87","bucket":"87","time":1651185778465,"group":{"id":"performance","version":"9"},"event":{"count":1,"data":{"duration_ms":1169,"created":1651185778465},"id":"ui.lagging"}}
{"recorder_version":"9","session":"f31d52c79a23","build":"191.6183.87","bucket":"87","time":1651185778473,"group":{"id":"performance","version":"9"},"event":{"count":1,"data":{"duration_ms":163,"created":1651185778473},"id":"ui.lagging"}}
{"recorder_version":"9","session":"f31d52c79a23","build":"191.6183.87","bucket":"87","time":1651185779255,"group":{"id":"actions","version":"9"},"event":{"count":1,"data":{"context_menu":false,"os":"Windows","created":1651185779255,"plugin_type":"PLATFORM","place":"unknown"},"id":"WelcomeScreen.CreateNewProject"}}
{"recorder_version":"9","session":"f31d52c79a23","build":"191.6183.87","bucket":"87","time":1651185783318,"group":{"id":"performance","version":"9"},"event":{"count":1,"data":{"duration_ms":4002,"created":1651185783318},"id":"ui.lagging"}}
{"recorder_version":"9","session":"f31d52c79a23","build":"191.6183.87","bucket":"87","time":1651185783318,"group":{"id":"performance","version":"9"},"event":{"count":1,"data":{"duration_ms":3001,"created":1651185783326},"id":"ui.lagging"}}
{"recorder_version":"9","session":"f31d52c79a23","build":"191.6183.87","bucket":"87","time":1651185783326,"group":{"id":"performance","version":"9"},"event":{"count":1,"data":{"duration_ms":2002,"created":1651185783326},"id":"ui.lagging"}}
{"recorder_version":"9","session":"f31d52c79a23","build":"191.6183.87","bucket":"87","time":1651185783334,"group":{"id":"performance","version":"9"},"event":{"count":1,"data":{"duration_ms":1005,"created":1651185783334},"id":"ui.lagging"}}
{"recorder_version":"9","session":"f31d52c79a23","build":"191.6183.87","bucket":"87","time":1651185783342,"group":{"id":"ui.dialogs","version":"9"},"event":{"count":1,"data":{"created":1651185783342,"plugin_type":"PLATFORM","type":"show"},"id":"com.intellij.ide.projectWizard.NewProjectWizard"}}
{"recorder_version":"9","session":"f31d52c79a23","build":"191.6183.87","bucket":"87","time":1651185785798,"group":{"id":"performance","version":"9"},"event":{"count":1,"data":{"duration_ms":1461,"created":1651185785798},"id":"ui.lagging"}}
{"recorder_version":"9","session":"f31d52c79a23","build":"191.6183.87","bucket":"87","time":1651185785798,"group":{"id":"performance","version":"9"},"event":{"count":1,"data":{"duration_ms":460,"created":1651185785798},"id":"ui.lagging"}}
{"recorder_version":"9","session":"f31d52c79a23","build":"191.6183.87","bucket":"87","time":1651185786022,"group":{"id":"ui.dialogs","version":"9"},"event":{"count":1,"data":{"created":1651185786030,"plugin_type":"PLATFORM","type":"show"},"id":"com.intellij.openapi.progress.util.ProgressDialog$MyDialogWrapper"}}
{"recorder_version":"9","session":"f31d52c79a23","build":"191.6183.87","bucket":"87","time":1651185786550,"group":{"id":"ui.dialogs","version":"9"},"event":{"count":1,"data":{"code":1,"created":1651185786550,"plugin_type":"PLATFORM","type":"close"},"id":"com.intellij.openapi.progress.util.ProgressDialog$MyDialogWrapper"}}
{"recorder_version":"9","session":"f31d52c79a23","build":"191.6183.87","bucket":"87","time":1651185788699,"group":{"id":"lifecycle","version":"9"},"event":{"count":1,"data":{"plugin":"unknown","created":1651185788699,"oom":false,"mapping_failed":false},"id":"ide.error"}}
{"recorder_version":"9","session":"f31d52c79a23","build":"191.6183.87","bucket":"87","time":1651185793384,"group":{"id":"ui.dialogs","version":"9"},"event":{"count":1,"data":{"code":0,"created":1651185793384,"plugin_type":"PLATFORM","type":"close"},"id":"com.intellij.ide.projectWizard.NewProjectWizard"}}
{"recorder_version":"9","session":"f31d52c79a23","build":"191.6183.87","bucket":"87","time":1651185798823,"group":{"id":"performance","version":"9"},"event":{"count":1,"data":{"duration_ms":4439,"created":1651185798823},"id":"ui.lagging"}}
{"recorder_version":"9","session":"f31d52c79a23","build":"191.6183.87","bucket":"87","time":1651185798823,"group":{"id":"performance","version":"9"},"event":{"count":1,"data":{"duration_ms":3437,"created":1651185798823},"id":"ui.lagging"}}
{"recorder_version":"9","session":"f31d52c79a23","build":"191.6183.87","bucket":"87","time":1651185798823,"group":{"id":"performance","version":"9"},"event":{"count":1,"data":{"duration_ms":2430,"created":1651185798823},"id":"ui.lagging"}}
{"recorder_version":"9","session":"f31d52c79a23","build":"191.6183.87","bucket":"87","time":1651185798823,"group":{"id":"performance","version":"9"},"event":{"count":1,"data":{"duration_ms":1423,"created":1651185798823},"id":"ui.lagging"}}
{"recorder_version":"9","session":"f31d52c79a23","build":"191.6183.87","bucket":"87","time":1651185798823,"group":{"id":"performance","version":"9"},"event":{"count":1,"data":{"duration_ms":416,"created":1651185798823},"id":"ui.lagging"}}
{"recorder_version":"9","session":"f31d52c79a23","build":"191.6183.87","bucket":"87","time":1651185798839,"group":{"id":"lifecycle","version":"9"},"event":{"count":1,"data":{"created":1651185798839,"project":"c938f837cc5573a44f8c28b25263ac61ed2b50ac2c3a837cd72b373b06ece8fa"},"id":"project.opened"}}
{"recorder_version":"9","session":"f31d52c79a23","build":"191.6183.87","bucket":"87","time":1651185800677,"group":{"id":"performance","version":"9"},"event":{"count":1,"data":{"duration_ms":1263,"created":1651185800677},"id":"ui.lagging"}}
{"recorder_version":"9","session":"f31d52c79a23","build":"191.6183.87","bucket":"87","time":1651185800677,"group":{"id":"performance","version":"9"},"event":{"count":1,"data":{"duration_ms":256,"created":1651185800677},"id":"ui.lagging"}}
{"recorder_version":"9","session":"f31d52c79a23","build":"191.6183.87","bucket":"87","time":1651185800677,"group":{"id":"ui.dialogs","version":"9"},"event":{"count":1,"data":{"created":1651185800685,"plugin_type":"PLATFORM","type":"show"},"id":"com.intellij.openapi.progress.util.ProgressDialog$MyDialogWrapper"}}
{"recorder_version":"9","session":"f31d52c79a23","build":"191.6183.87","bucket":"87","time":1651185801173,"group":{"id":"ui.tips","version":"1"},"event":{"count":1,"data":{"created":1651185801173},"id":"shown.automatically"}}
{"recorder_version":"9","session":"f31d52c79a23","build":"191.6183.87","bucket":"87","time":1651185801213,"group":{"id":"ui.dialogs","version":"9"},"event":{"count":1,"data":{"created":1651185801213,"plugin_type":"PLATFORM","type":"show"},"id":"com.intellij.ide.util.TipDialog"}}
{"recorder_version":"9","session":"f31d52c79a23","build":"191.6183.87","bucket":"87","time":1651185801252,"group":{"id":"ui.dialogs","version":"9"},"event":{"count":1,"data":{"code":1,"created":1651185801260,"plugin_type":"PLATFORM","type":"close"},"id":"com.intellij.openapi.progress.util.ProgressDialog$MyDialogWrapper"}}
{"recorder_version":"9","session":"f31d52c79a23","build":"191.6183.87","bucket":"87","time":1651185802597,"group":{"id":"performance","version":"9"},"event":{"count":1,"data":{"duration_ms":1169,"created":1651185802597},"id":"ui.lagging"}}
{"recorder_version":"9","session":"f31d52c79a23","build":"191.6183.87","bucket":"87","time":1651185802783,"group":{"id":"performance","version":"9"},"event":{"count":1,"data":{"duration_ms":354,"created":1651185802783},"id":"ui.lagging"}}
{"recorder_version":"9","session":"f31d52c79a23","build":"191.6183.87","bucket":"87","time":1651185802860,"group":{"id":"ui.dialogs","version":"9"},"event":{"count":1,"data":{"code":1,"created":1651185802860,"plugin_type":"PLATFORM","type":"close"},"id":"com.intellij.ide.util.TipDialog"}}
{"recorder_version":"9","session":"f31d52c79a23","build":"191.6183.87","bucket":"87","time":1651185802868,"group":{"id":"project.fs","version":"1"},"event":{"state":true,"data":{"os":"Windows","cs-project":false,"created":1651185802868,"project":"c938f837cc5573a44f8c28b25263ac61ed2b50ac2c3a837cd72b373b06ece8fa","cs-implicit":true,"cs-system":false},"id":"case-sensitivity"}}
{"recorder_version":"9","session":"f31d52c79a23","build":"191.6183.87","bucket":"87","time":1651185802868,"group":{"id":"project.fs","version":"1"},"event":{"state":true,"data":{"created":1651185802868},"id":"invoked"}}
{"recorder_version":"9","session":"f31d52c79a23","build":"191.6183.87","bucket":"87","time":1651185802876,"group":{"id":"project.fs","version":"1"},"event":{"state":true,"data":{"pct-non-watched":0,"created":1651185802876,"project":"c938f837cc5573a44f8c28b25263ac61ed2b50ac2c3a837cd72b373b06ece8fa"},"id":"roots-watched"}}
{"recorder_version":"9","session":"f31d52c79a23","build":"191.6183.87","bucket":"87","time":1651185802876,"group":{"id":"project.fs","version":"1"},"event":{"state":true,"data":{"created":1651185802876},"id":"invoked"}}
{"recorder_version":"9","session":"f31d52c79a23","build":"191.6183.87","bucket":"87","time":1651185803133,"group":{"id":"lifecycle","version":"9"},"event":{"count":1,"data":{"created":1651185803133,"time_ms":9718,"project":"c938f837cc5573a44f8c28b25263ac61ed2b50ac2c3a837cd72b373b06ece8fa"},"id":"project.opening.finished"}}
{"recorder_version":"9","session":"f31d52c79a23","build":"191.6183.87","bucket":"87","time":1651185809806,"group":{"id":"performance","version":"9"},"event":{"count":1,"data":{"duration_ms":352,"created":1651185809806},"id":"ui.lagging"}}
{"recorder_version":"9","session":"f31d52c79a23","build":"191.6183.87","bucket":"87","time":1651185870083,"group":{"id":"performance","version":"9"},"event":{"count":1,"data":{"duration_ms":787,"created":1651185870083},"id":"ui.lagging"}}
{"recorder_version":"9","session":"f31d52c79a23","build":"191.6183.87","bucket":"87","time":1651185870610,"group":{"id":"toolwindow","version":"9"},"event":{"count":1,"data":{"os":"Windows","created":1651185870618,"plugin_type":"PLATFORM"},"id":"Project"}}
{"recorder_version":"9","session":"f31d52c79a23","build":"191.6183.87","bucket":"87","time":1651185879373,"group":{"id":"performance","version":"9"},"event":{"count":1,"data":{"duration_ms":0,"created":1651185879373},"id":"ui.latency"}}
{"recorder_version":"9","session":"f31d52c79a23","build":"191.6183.87","bucket":"87","time":1651185907766,"group":{"id":"ui.dialogs","version":"9"},"event":{"count":1,"data":{"created":1651185907766,"plugin_type":"PLATFORM","type":"show"},"id":"com.intellij.openapi.ui.messages.MessageDialog"}}
{"recorder_version":"9","session":"f31d52c79a23","build":"191.6183.87","bucket":"87","time":1651185907782,"group":{"id":"performance","version":"9"},"event":{"count":1,"data":{"duration_ms":231,"created":1651185907782},"id":"ui.lagging"}}
{"recorder_version":"9","session":"f31d52c79a23","build":"191.6183.87","bucket":"87","time":1651185909505,"group":{"id":"lifecycle","version":"9"},"event":{"count":1,"data":{"restart":false,"created":1651185909505},"id":"ide.close"}}
{"recorder_version":"9","session":"f31d52c79a23","build":"191.6183.87","bucket":"87","time":1651185911962,"group":{"id":"lifecycle","version":"9"},"event":{"count":1,"data":{"created":1651185911962,"project":"c938f837cc5573a44f8c28b25263ac61ed2b50ac2c3a837cd72b373b06ece8fa"},"id":"project.closed"}}
