{"recorder_version":"9","session":"a6d59d5ed950","build":"191.6183.87","bucket":"87","time":1651189678384,"group":{"id":"settings","version":"2"},"event":{"state":true,"data":{"created":1651189678385,"invoked":true},"id":"NotRoamableUiSettings"}}
{"recorder_version":"9","session":"a6d59d5ed950","build":"191.6183.87","bucket":"87","time":1651189678394,"group":{"id":"settings","version":"2"},"event":{"state":true,"data":{"created":1651189678394,"invoked":true},"id":"UISettings"}}
{"recorder_version":"9","session":"a6d59d5ed950","build":"191.6183.87","bucket":"87","time":1651189678410,"group":{"id":"system.os","version":"1"},"event":{"state":true,"data":{"created":1651189678421,"version":"10.0"},"id":"Windows"}}
{"recorder_version":"9","session":"a6d59d5ed950","build":"191.6183.87","bucket":"87","time":1651189678410,"group":{"id":"system.os","version":"1"},"event":{"state":true,"data":{"created":1651189678422},"id":"invoked"}}
{"recorder_version":"9","session":"a6d59d5ed950","build":"191.6183.87","bucket":"87","time":1651189678410,"group":{"id":"system.java","version":"1"},"event":{"state":true,"data":{"created":1651189678422,"version":"1.8"},"id":"JetBrains"}}
{"recorder_version":"9","session":"a6d59d5ed950","build":"191.6183.87","bucket":"87","time":1651189678410,"group":{"id":"system.java","version":"1"},"event":{"state":true,"data":{"created":1651189678423},"id":"invoked"}}
{"recorder_version":"9","session":"a6d59d5ed950","build":"191.6183.87","bucket":"87","time":1651189683088,"group":{"id":"settings","version":"2"},"event":{"state":true,"data":{"created":1651189683089,"invoked":true},"id":"GeneralSettings"}}
{"recorder_version":"9","session":"a6d59d5ed950","build":"191.6183.87","bucket":"87","time":1651189698686,"group":{"id":"performance","version":"9"},"event":{"count":1,"data":{"duration_ms":16347,"created":1651189698686},"id":"ui.latency"}}
{"recorder_version":"9","session":"a6d59d5ed950","build":"191.6183.87","bucket":"87","time":1651189698686,"group":{"id":"performance","version":"9"},"event":{"count":1,"data":{"duration_ms":16347,"created":1651189698686},"id":"ui.lagging"}}
{"recorder_version":"9","session":"a6d59d5ed950","build":"191.6183.87","bucket":"87","time":1651189698686,"group":{"id":"performance","version":"9"},"event":{"count":1,"data":{"duration_ms":15302,"created":1651189698687},"id":"ui.lagging"}}
{"recorder_version":"9","session":"a6d59d5ed950","build":"191.6183.87","bucket":"87","time":1651189698697,"group":{"id":"performance","version":"9"},"event":{"count":1,"data":{"duration_ms":14313,"created":1651189698697},"id":"ui.lagging"}}
{"recorder_version":"9","session":"a6d59d5ed950","build":"191.6183.87","bucket":"87","time":1651189698697,"group":{"id":"performance","version":"9"},"event":{"count":1,"data":{"duration_ms":13313,"created":1651189698697},"id":"ui.lagging"}}
{"recorder_version":"9","session":"a6d59d5ed950","build":"191.6183.87","bucket":"87","time":1651189698697,"group":{"id":"performance","version":"9"},"event":{"count":1,"data":{"duration_ms":12310,"created":1651189698697},"id":"ui.lagging"}}
{"recorder_version":"9","session":"a6d59d5ed950","build":"191.6183.87","bucket":"87","time":1651189698697,"group":{"id":"performance","version":"9"},"event":{"count":1,"data":{"duration_ms":11310,"created":1651189698697},"id":"ui.lagging"}}
{"recorder_version":"9","session":"a6d59d5ed950","build":"191.6183.87","bucket":"87","time":1651189698697,"group":{"id":"performance","version":"9"},"event":{"count":1,"data":{"duration_ms":10266,"created":1651189698702},"id":"ui.lagging"}}
{"recorder_version":"9","session":"a6d59d5ed950","build":"191.6183.87","bucket":"87","time":1651189698697,"group":{"id":"performance","version":"9"},"event":{"count":1,"data":{"duration_ms":9263,"created":1651189698702},"id":"ui.lagging"}}
{"recorder_version":"9","session":"a6d59d5ed950","build":"191.6183.87","bucket":"87","time":1651189698697,"group":{"id":"performance","version":"9"},"event":{"count":1,"data":{"duration_ms":8257,"created":1651189698702},"id":"ui.lagging"}}
{"recorder_version":"9","session":"a6d59d5ed950","build":"191.6183.87","bucket":"87","time":1651189698697,"group":{"id":"performance","version":"9"},"event":{"count":1,"data":{"duration_ms":7256,"created":1651189698702},"id":"ui.lagging"}}
{"recorder_version":"9","session":"a6d59d5ed950","build":"191.6183.87","bucket":"87","time":1651189698697,"group":{"id":"performance","version":"9"},"event":{"count":1,"data":{"duration_ms":6243,"created":1651189698702},"id":"ui.lagging"}}
{"recorder_version":"9","session":"a6d59d5ed950","build":"191.6183.87","bucket":"87","time":1651189698697,"group":{"id":"performance","version":"9"},"event":{"count":1,"data":{"duration_ms":5232,"created":1651189698702},"id":"ui.lagging"}}
{"recorder_version":"9","session":"a6d59d5ed950","build":"191.6183.87","bucket":"87","time":1651189698697,"group":{"id":"performance","version":"9"},"event":{"count":1,"data":{"duration_ms":4231,"created":1651189698702},"id":"ui.lagging"}}
{"recorder_version":"9","session":"a6d59d5ed950","build":"191.6183.87","bucket":"87","time":1651189698697,"group":{"id":"performance","version":"9"},"event":{"count":1,"data":{"duration_ms":3213,"created":1651189698704},"id":"ui.lagging"}}
{"recorder_version":"9","session":"a6d59d5ed950","build":"191.6183.87","bucket":"87","time":1651189698722,"group":{"id":"performance","version":"9"},"event":{"count":1,"data":{"duration_ms":2235,"created":1651189698722},"id":"ui.lagging"}}
{"recorder_version":"9","session":"a6d59d5ed950","build":"191.6183.87","bucket":"87","time":1651189698724,"group":{"id":"performance","version":"9"},"event":{"count":1,"data":{"duration_ms":1232,"created":1651189698724},"id":"ui.lagging"}}
{"recorder_version":"9","session":"a6d59d5ed950","build":"191.6183.87","bucket":"87","time":1651189698724,"group":{"id":"performance","version":"9"},"event":{"count":1,"data":{"duration_ms":232,"created":1651189698724},"id":"ui.lagging"}}
{"recorder_version":"9","session":"a6d59d5ed950","build":"191.6183.87","bucket":"87","time":1651189699272,"group":{"id":"ui.dialogs","version":"9"},"event":{"count":1,"data":{"created":1651189699272,"plugin_type":"PLATFORM","type":"show"},"id":"com.intellij.openapi.progress.util.ProgressDialog$MyDialogWrapper"}}
{"recorder_version":"9","session":"a6d59d5ed950","build":"191.6183.87","bucket":"87","time":1651189699514,"group":{"id":"lifecycle","version":"9"},"event":{"count":1,"data":{"created":1651189699514,"duration_grouped":"10+","duration_s":18},"id":"ide.freeze"}}
{"recorder_version":"9","session":"a6d59d5ed950","build":"191.6183.87","bucket":"87","time":1651189699615,"group":{"id":"performance","version":"9"},"event":{"count":1,"data":{"duration_ms":113,"created":1651189699615},"id":"ui.lagging"}}
{"recorder_version":"9","session":"a6d59d5ed950","build":"191.6183.87","bucket":"87","time":1651189710728,"group":{"id":"ui.dialogs","version":"9"},"event":{"count":1,"data":{"code":1,"created":1651189710728,"plugin_type":"PLATFORM","type":"close"},"id":"com.intellij.openapi.progress.util.ProgressDialog$MyDialogWrapper"}}
{"recorder_version":"9","session":"a6d59d5ed950","build":"191.6183.87","bucket":"87","time":1651189710748,"group":{"id":"lifecycle","version":"9"},"event":{"count":1,"data":{"created":1651189710748,"project":"c938f837cc5573a44f8c28b25263ac61ed2b50ac2c3a837cd72b373b06ece8fa"},"id":"project.opened"}}
{"recorder_version":"9","session":"a6d59d5ed950","build":"191.6183.87","bucket":"87","time":1651189714289,"group":{"id":"performance","version":"9"},"event":{"count":1,"data":{"duration_ms":2686,"created":1651189714289},"id":"ui.lagging"}}
{"recorder_version":"9","session":"a6d59d5ed950","build":"191.6183.87","bucket":"87","time":1651189714289,"group":{"id":"performance","version":"9"},"event":{"count":1,"data":{"duration_ms":1670,"created":1651189714289},"id":"ui.lagging"}}
{"recorder_version":"9","session":"a6d59d5ed950","build":"191.6183.87","bucket":"87","time":1651189714289,"group":{"id":"performance","version":"9"},"event":{"count":1,"data":{"duration_ms":665,"created":1651189714289},"id":"ui.lagging"}}
{"recorder_version":"9","session":"a6d59d5ed950","build":"191.6183.87","bucket":"87","time":1651189714309,"group":{"id":"ui.dialogs","version":"9"},"event":{"count":1,"data":{"created":1651189714309,"plugin_type":"PLATFORM","type":"show"},"id":"com.intellij.openapi.progress.util.ProgressDialog$MyDialogWrapper"}}
{"recorder_version":"9","session":"a6d59d5ed950","build":"191.6183.87","bucket":"87","time":1651189714845,"group":{"id":"performance","version":"9"},"event":{"count":1,"data":{"duration_ms":213,"created":1651189714845},"id":"ui.lagging"}}
{"recorder_version":"9","session":"a6d59d5ed950","build":"191.6183.87","bucket":"87","time":1651189715517,"group":{"id":"toolwindow","version":"9"},"event":{"count":1,"data":{"os":"Windows","created":1651189715517,"plugin_type":"PLATFORM"},"id":"Project"}}
{"recorder_version":"9","session":"a6d59d5ed950","build":"191.6183.87","bucket":"87","time":1651189716814,"group":{"id":"lifecycle","version":"9"},"event":{"count":1,"data":{"internal":true,"eap":false,"created":1651189716814},"id":"ide.start"}}
{"recorder_version":"9","session":"a6d59d5ed950","build":"191.6183.87","bucket":"87","time":1651189718173,"group":{"id":"performance","version":"9"},"event":{"count":1,"data":{"duration_ms":2525,"created":1651189718173},"id":"ui.lagging"}}
{"recorder_version":"9","session":"a6d59d5ed950","build":"191.6183.87","bucket":"87","time":1651189718304,"group":{"id":"performance","version":"9"},"event":{"count":1,"data":{"duration_ms":1650,"created":1651189718304},"id":"ui.lagging"}}
{"recorder_version":"9","session":"a6d59d5ed950","build":"191.6183.87","bucket":"87","time":1651189718455,"group":{"id":"performance","version":"9"},"event":{"count":1,"data":{"duration_ms":800,"created":1651189718455},"id":"ui.lagging"}}
{"recorder_version":"9","session":"a6d59d5ed950","build":"191.6183.87","bucket":"87","time":1651189718465,"group":{"id":"ui.tips","version":"1"},"event":{"count":1,"data":{"created":1651189718465},"id":"shown.automatically"}}
{"recorder_version":"9","session":"a6d59d5ed950","build":"191.6183.87","bucket":"87","time":1651189718726,"group":{"id":"ui.dialogs","version":"9"},"event":{"count":1,"data":{"created":1651189718726,"plugin_type":"PLATFORM","type":"show"},"id":"com.intellij.ide.util.TipDialog"}}
{"recorder_version":"9","session":"a6d59d5ed950","build":"191.6183.87","bucket":"87","time":1651189719026,"group":{"id":"performance","version":"9"},"event":{"count":1,"data":{"duration_ms":363,"created":1651189719026},"id":"ui.lagging"}}
{"recorder_version":"9","session":"a6d59d5ed950","build":"191.6183.87","bucket":"87","time":1651189719098,"group":{"id":"project.fs","version":"1"},"event":{"state":true,"data":{"os":"Windows","cs-project":false,"created":1651189719098,"project":"c938f837cc5573a44f8c28b25263ac61ed2b50ac2c3a837cd72b373b06ece8fa","cs-implicit":true,"cs-system":false},"id":"case-sensitivity"}}
{"recorder_version":"9","session":"a6d59d5ed950","build":"191.6183.87","bucket":"87","time":1651189719098,"group":{"id":"project.fs","version":"1"},"event":{"state":true,"data":{"created":1651189719098},"id":"invoked"}}
{"recorder_version":"9","session":"a6d59d5ed950","build":"191.6183.87","bucket":"87","time":1651189719106,"group":{"id":"project.fs","version":"1"},"event":{"state":true,"data":{"pct-non-watched":0,"created":1651189719106,"project":"c938f837cc5573a44f8c28b25263ac61ed2b50ac2c3a837cd72b373b06ece8fa"},"id":"roots-watched"}}
{"recorder_version":"9","session":"a6d59d5ed950","build":"191.6183.87","bucket":"87","time":1651189719106,"group":{"id":"project.fs","version":"1"},"event":{"state":true,"data":{"created":1651189719106},"id":"invoked"}}
{"recorder_version":"9","session":"a6d59d5ed950","build":"191.6183.87","bucket":"87","time":1651189719301,"group":{"id":"ui.dialogs","version":"9"},"event":{"count":1,"data":{"code":1,"created":1651189719303,"plugin_type":"PLATFORM","type":"close"},"id":"com.intellij.openapi.progress.util.ProgressDialog$MyDialogWrapper"}}
{"recorder_version":"9","session":"a6d59d5ed950","build":"191.6183.87","bucket":"87","time":1651189719450,"group":{"id":"lifecycle","version":"9"},"event":{"count":1,"data":{"created":1651189719450,"time_ms":21382,"project":"c938f837cc5573a44f8c28b25263ac61ed2b50ac2c3a837cd72b373b06ece8fa"},"id":"project.opening.finished"}}
{"recorder_version":"9","session":"a6d59d5ed950","build":"191.6183.87","bucket":"87","time":1651189723098,"group":{"id":"performance","version":"9"},"event":{"count":1,"data":{"duration_ms":1420,"created":1651189723098},"id":"ui.lagging"}}
{"recorder_version":"9","session":"a6d59d5ed950","build":"191.6183.87","bucket":"87","time":1651189723098,"group":{"id":"performance","version":"9"},"event":{"count":1,"data":{"duration_ms":405,"created":1651189723098},"id":"ui.lagging"}}
{"recorder_version":"9","session":"a6d59d5ed950","build":"191.6183.87","bucket":"87","time":1651189723379,"group":{"id":"ui.dialogs","version":"9"},"event":{"count":1,"data":{"code":1,"created":1651189723379,"plugin_type":"PLATFORM","type":"close"},"id":"com.intellij.ide.util.TipDialog"}}
{"recorder_version":"9","session":"a6d59d5ed950","build":"191.6183.87","bucket":"87","time":1651189726481,"group":{"id":"performance","version":"9"},"event":{"count":1,"data":{"duration_ms":745,"created":1651189726481},"id":"ui.lagging"}}
{"recorder_version":"9","session":"a6d59d5ed950","build":"191.6183.87","bucket":"87","time":1651189731781,"group":{"id":"actions","version":"9"},"event":{"count":1,"data":{"context_menu":true,"os":"Windows","created":1651189731781,"plugin_type":"NOT_LISTED","project":"c938f837cc5573a44f8c28b25263ac61ed2b50ac2c3a837cd72b373b06ece8fa","place":"MainMenu"},"id":"third.party"}}
{"recorder_version":"9","session":"a6d59d5ed950","build":"191.6183.87","bucket":"87","time":1651189732364,"group":{"id":"performance","version":"9"},"event":{"count":1,"data":{"duration_ms":594,"created":1651189732364},"id":"ui.lagging"}}
{"recorder_version":"9","session":"a6d59d5ed950","build":"191.6183.87","bucket":"87","time":1651189736909,"group":{"id":"performance","version":"9"},"event":{"count":1,"data":{"duration_ms":100,"created":1651189736909},"id":"ui.lagging"}}
{"recorder_version":"9","session":"a6d59d5ed950","build":"191.6183.87","bucket":"87","time":1651189785955,"group":{"id":"ui.dialogs","version":"9"},"event":{"count":1,"data":{"created":1651189785955,"plugin_type":"PLATFORM","type":"show"},"id":"com.intellij.openapi.ui.messages.MessageDialog"}}
{"recorder_version":"9","session":"a6d59d5ed950","build":"191.6183.87","bucket":"87","time":1651189787863,"group":{"id":"lifecycle","version":"9"},"event":{"count":1,"data":{"restart":false,"created":1651189787863},"id":"ide.close"}}
{"recorder_version":"9","session":"a6d59d5ed950","build":"191.6183.87","bucket":"87","time":1651189788245,"group":{"id":"lifecycle","version":"9"},"event":{"count":1,"data":{"created":1651189788245,"project":"c938f837cc5573a44f8c28b25263ac61ed2b50ac2c3a837cd72b373b06ece8fa"},"id":"project.closed"}}
