{"recorder_version":"9","session":"35e8104cb74c","build":"191.6183.87","bucket":"87","time":1651186884857,"group":{"id":"settings","version":"2"},"event":{"state":true,"data":{"created":1651186884857,"invoked":true},"id":"NotRoamableUiSettings"}}
{"recorder_version":"9","session":"35e8104cb74c","build":"191.6183.87","bucket":"87","time":1651186884857,"group":{"id":"settings","version":"2"},"event":{"state":true,"data":{"created":1651186884865,"invoked":true},"id":"UISettings"}}
{"recorder_version":"9","session":"35e8104cb74c","build":"191.6183.87","bucket":"87","time":1651186884857,"group":{"id":"system.os","version":"1"},"event":{"state":true,"data":{"created":1651186884873,"version":"10.0"},"id":"Windows"}}
{"recorder_version":"9","session":"35e8104cb74c","build":"191.6183.87","bucket":"87","time":1651186884857,"group":{"id":"system.os","version":"1"},"event":{"state":true,"data":{"created":1651186884873},"id":"invoked"}}
{"recorder_version":"9","session":"35e8104cb74c","build":"191.6183.87","bucket":"87","time":1651186884857,"group":{"id":"system.java","version":"1"},"event":{"state":true,"data":{"created":1651186884873,"version":"1.8"},"id":"JetBrains"}}
{"recorder_version":"9","session":"35e8104cb74c","build":"191.6183.87","bucket":"87","time":1651186884857,"group":{"id":"system.java","version":"1"},"event":{"state":true,"data":{"created":1651186884873},"id":"invoked"}}
{"recorder_version":"9","session":"35e8104cb74c","build":"191.6183.87","bucket":"87","time":1651186885536,"group":{"id":"settings","version":"2"},"event":{"state":true,"data":{"created":1651186885536,"invoked":true},"id":"GeneralSettings"}}
{"recorder_version":"9","session":"35e8104cb74c","build":"191.6183.87","bucket":"87","time":1651186886656,"group":{"id":"performance","version":"9"},"event":{"count":1,"data":{"duration_ms":280,"created":1651186886656},"id":"ui.latency"}}
{"recorder_version":"9","session":"35e8104cb74c","build":"191.6183.87","bucket":"87","time":1651186886656,"group":{"id":"performance","version":"9"},"event":{"count":1,"data":{"duration_ms":280,"created":1651186886656},"id":"ui.lagging"}}
{"recorder_version":"9","session":"35e8104cb74c","build":"191.6183.87","bucket":"87","time":1651186886982,"group":{"id":"ui.dialogs","version":"9"},"event":{"count":1,"data":{"created":1651186886982,"plugin_type":"PLATFORM","type":"show"},"id":"com.intellij.openapi.progress.util.ProgressDialog$MyDialogWrapper"}}
{"recorder_version":"9","session":"35e8104cb74c","build":"191.6183.87","bucket":"87","time":1651186888186,"group":{"id":"ui.dialogs","version":"9"},"event":{"count":1,"data":{"code":1,"created":1651186888186,"plugin_type":"PLATFORM","type":"close"},"id":"com.intellij.openapi.progress.util.ProgressDialog$MyDialogWrapper"}}
{"recorder_version":"9","session":"35e8104cb74c","build":"191.6183.87","bucket":"87","time":1651186888194,"group":{"id":"lifecycle","version":"9"},"event":{"count":1,"data":{"created":1651186888202,"project":"c938f837cc5573a44f8c28b25263ac61ed2b50ac2c3a837cd72b373b06ece8fa"},"id":"project.opened"}}
{"recorder_version":"9","session":"35e8104cb74c","build":"191.6183.87","bucket":"87","time":1651186888937,"group":{"id":"performance","version":"9"},"event":{"count":1,"data":{"duration_ms":542,"created":1651186888937},"id":"ui.lagging"}}
{"recorder_version":"9","session":"35e8104cb74c","build":"191.6183.87","bucket":"87","time":1651186888968,"group":{"id":"lifecycle","version":"9"},"event":{"count":1,"data":{"plugin":"unknown","created":1651186888968,"oom":false,"mapping_failed":false},"id":"ide.error"}}
{"recorder_version":"9","session":"35e8104cb74c","build":"191.6183.87","bucket":"87","time":1651186888999,"group":{"id":"ui.dialogs","version":"9"},"event":{"count":1,"data":{"created":1651186889007,"plugin_type":"PLATFORM","type":"show"},"id":"com.intellij.openapi.progress.util.ProgressDialog$MyDialogWrapper"}}
{"recorder_version":"9","session":"35e8104cb74c","build":"191.6183.87","bucket":"87","time":1651186889175,"group":{"id":"toolwindow","version":"9"},"event":{"count":1,"data":{"os":"Windows","created":1651186889183,"plugin_type":"PLATFORM"},"id":"Project"}}
{"recorder_version":"9","session":"35e8104cb74c","build":"191.6183.87","bucket":"87","time":1651186889440,"group":{"id":"lifecycle","version":"9"},"event":{"count":1,"data":{"internal":true,"eap":false,"created":1651186889440},"id":"ide.start"}}
{"recorder_version":"9","session":"35e8104cb74c","build":"191.6183.87","bucket":"87","time":1651186889899,"group":{"id":"ui.tips","version":"1"},"event":{"count":1,"data":{"created":1651186889899},"id":"shown.automatically"}}
{"recorder_version":"9","session":"35e8104cb74c","build":"191.6183.87","bucket":"87","time":1651186889987,"group":{"id":"ui.dialogs","version":"9"},"event":{"count":1,"data":{"created":1651186889987,"plugin_type":"PLATFORM","type":"show"},"id":"com.intellij.ide.util.TipDialog"}}
{"recorder_version":"9","session":"35e8104cb74c","build":"191.6183.87","bucket":"87","time":1651186890126,"group":{"id":"project.fs","version":"1"},"event":{"state":true,"data":{"os":"Windows","cs-project":false,"created":1651186890126,"project":"c938f837cc5573a44f8c28b25263ac61ed2b50ac2c3a837cd72b373b06ece8fa","cs-implicit":true,"cs-system":false},"id":"case-sensitivity"}}
{"recorder_version":"9","session":"35e8104cb74c","build":"191.6183.87","bucket":"87","time":1651186890126,"group":{"id":"project.fs","version":"1"},"event":{"state":true,"data":{"created":1651186890128},"id":"invoked"}}
{"recorder_version":"9","session":"35e8104cb74c","build":"191.6183.87","bucket":"87","time":1651186890126,"group":{"id":"project.fs","version":"1"},"event":{"state":true,"data":{"pct-non-watched":0,"created":1651186890128,"project":"c938f837cc5573a44f8c28b25263ac61ed2b50ac2c3a837cd72b373b06ece8fa"},"id":"roots-watched"}}
{"recorder_version":"9","session":"35e8104cb74c","build":"191.6183.87","bucket":"87","time":1651186890128,"group":{"id":"project.fs","version":"1"},"event":{"state":true,"data":{"created":1651186890128},"id":"invoked"}}
{"recorder_version":"9","session":"35e8104cb74c","build":"191.6183.87","bucket":"87","time":1651186890192,"group":{"id":"ui.dialogs","version":"9"},"event":{"count":1,"data":{"code":1,"created":1651186890192,"plugin_type":"PLATFORM","type":"close"},"id":"com.intellij.openapi.progress.util.ProgressDialog$MyDialogWrapper"}}
{"recorder_version":"9","session":"35e8104cb74c","build":"191.6183.87","bucket":"87","time":1651186890267,"group":{"id":"lifecycle","version":"9"},"event":{"count":1,"data":{"created":1651186890267,"time_ms":3715,"project":"c938f837cc5573a44f8c28b25263ac61ed2b50ac2c3a837cd72b373b06ece8fa"},"id":"project.opening.finished"}}
{"recorder_version":"9","session":"35e8104cb74c","build":"191.6183.87","bucket":"87","time":1651186893557,"group":{"id":"performance","version":"9"},"event":{"count":1,"data":{"duration_ms":128,"created":1651186893557},"id":"ui.lagging"}}
{"recorder_version":"9","session":"35e8104cb74c","build":"191.6183.87","bucket":"87","time":1651186899091,"group":{"id":"ui.dialogs","version":"9"},"event":{"count":1,"data":{"code":1,"created":1651186899091,"plugin_type":"PLATFORM","type":"close"},"id":"com.intellij.ide.util.TipDialog"}}
{"recorder_version":"9","session":"35e8104cb74c","build":"191.6183.87","bucket":"87","time":1651186909326,"group":{"id":"ui.dialogs","version":"9"},"event":{"count":1,"data":{"created":1651186909326,"plugin_type":"PLATFORM","type":"show"},"id":"com.intellij.openapi.ui.messages.MessageDialog"}}
{"recorder_version":"9","session":"35e8104cb74c","build":"191.6183.87","bucket":"87","time":1651186911037,"group":{"id":"lifecycle","version":"9"},"event":{"count":1,"data":{"restart":false,"created":1651186911037},"id":"ide.close"}}
{"recorder_version":"9","session":"35e8104cb74c","build":"191.6183.87","bucket":"87","time":1651186911561,"group":{"id":"lifecycle","version":"9"},"event":{"count":1,"data":{"created":1651186911561,"project":"c938f837cc5573a44f8c28b25263ac61ed2b50ac2c3a837cd72b373b06ece8fa"},"id":"project.closed"}}
