{"recorder_version":"9","session":"cfc9d3deca76","build":"191.6183.87","bucket":"87","time":1651191656713,"group":{"id":"settings","version":"2"},"event":{"state":true,"data":{"created":1651191656713,"invoked":true},"id":"NotRoamableUiSettings"}}
{"recorder_version":"9","session":"cfc9d3deca76","build":"191.6183.87","bucket":"87","time":1651191656713,"group":{"id":"settings","version":"2"},"event":{"state":true,"data":{"created":1651191656729,"invoked":true},"id":"UISettings"}}
{"recorder_version":"9","session":"cfc9d3deca76","build":"191.6183.87","bucket":"87","time":1651191656713,"group":{"id":"system.os","version":"1"},"event":{"state":true,"data":{"created":1651191656735,"version":"10.0"},"id":"Windows"}}
{"recorder_version":"9","session":"cfc9d3deca76","build":"191.6183.87","bucket":"87","time":1651191656713,"group":{"id":"system.os","version":"1"},"event":{"state":true,"data":{"created":1651191656735},"id":"invoked"}}
{"recorder_version":"9","session":"cfc9d3deca76","build":"191.6183.87","bucket":"87","time":1651191656713,"group":{"id":"system.java","version":"1"},"event":{"state":true,"data":{"created":1651191656735,"version":"1.8"},"id":"JetBrains"}}
{"recorder_version":"9","session":"cfc9d3deca76","build":"191.6183.87","bucket":"87","time":1651191656713,"group":{"id":"system.java","version":"1"},"event":{"state":true,"data":{"created":1651191656735},"id":"invoked"}}
{"recorder_version":"9","session":"cfc9d3deca76","build":"191.6183.87","bucket":"87","time":1651191657380,"group":{"id":"settings","version":"2"},"event":{"state":true,"data":{"created":1651191657380,"invoked":true},"id":"GeneralSettings"}}
{"recorder_version":"9","session":"cfc9d3deca76","build":"191.6183.87","bucket":"87","time":1651191659125,"group":{"id":"performance","version":"9"},"event":{"count":1,"data":{"duration_ms":869,"created":1651191659125},"id":"ui.latency"}}
{"recorder_version":"9","session":"cfc9d3deca76","build":"191.6183.87","bucket":"87","time":1651191659125,"group":{"id":"performance","version":"9"},"event":{"count":1,"data":{"duration_ms":869,"created":1651191659127},"id":"ui.lagging"}}
{"recorder_version":"9","session":"cfc9d3deca76","build":"191.6183.87","bucket":"87","time":1651191659447,"group":{"id":"ui.dialogs","version":"9"},"event":{"count":1,"data":{"created":1651191659447,"plugin_type":"PLATFORM","type":"show"},"id":"com.intellij.openapi.progress.util.ProgressDialog$MyDialogWrapper"}}
{"recorder_version":"9","session":"cfc9d3deca76","build":"191.6183.87","bucket":"87","time":1651191661001,"group":{"id":"ui.dialogs","version":"9"},"event":{"count":1,"data":{"code":1,"created":1651191661001,"plugin_type":"PLATFORM","type":"close"},"id":"com.intellij.openapi.progress.util.ProgressDialog$MyDialogWrapper"}}
{"recorder_version":"9","session":"cfc9d3deca76","build":"191.6183.87","bucket":"87","time":1651191661019,"group":{"id":"lifecycle","version":"9"},"event":{"count":1,"data":{"created":1651191661019,"project":"c938f837cc5573a44f8c28b25263ac61ed2b50ac2c3a837cd72b373b06ece8fa"},"id":"project.opened"}}
{"recorder_version":"9","session":"cfc9d3deca76","build":"191.6183.87","bucket":"87","time":1651191662433,"group":{"id":"performance","version":"9"},"event":{"count":1,"data":{"duration_ms":1162,"created":1651191662433},"id":"ui.lagging"}}
{"recorder_version":"9","session":"cfc9d3deca76","build":"191.6183.87","bucket":"87","time":1651191662434,"group":{"id":"performance","version":"9"},"event":{"count":1,"data":{"duration_ms":162,"created":1651191662434},"id":"ui.lagging"}}
{"recorder_version":"9","session":"cfc9d3deca76","build":"191.6183.87","bucket":"87","time":1651191662476,"group":{"id":"ui.dialogs","version":"9"},"event":{"count":1,"data":{"created":1651191662476,"plugin_type":"PLATFORM","type":"show"},"id":"com.intellij.openapi.progress.util.ProgressDialog$MyDialogWrapper"}}
{"recorder_version":"9","session":"cfc9d3deca76","build":"191.6183.87","bucket":"87","time":1651191662862,"group":{"id":"toolwindow","version":"9"},"event":{"count":1,"data":{"os":"Windows","created":1651191662862,"plugin_type":"NOT_LISTED"},"id":"unknown"}}
{"recorder_version":"9","session":"cfc9d3deca76","build":"191.6183.87","bucket":"87","time":1651191663003,"group":{"id":"ui.tips","version":"1"},"event":{"count":1,"data":{"created":1651191663003},"id":"shown.automatically"}}
{"recorder_version":"9","session":"cfc9d3deca76","build":"191.6183.87","bucket":"87","time":1651191663053,"group":{"id":"ui.dialogs","version":"9"},"event":{"count":1,"data":{"created":1651191663053,"plugin_type":"PLATFORM","type":"show"},"id":"com.intellij.ide.util.TipDialog"}}
{"recorder_version":"9","session":"cfc9d3deca76","build":"191.6183.87","bucket":"87","time":1651191663094,"group":{"id":"lifecycle","version":"9"},"event":{"count":1,"data":{"internal":true,"eap":false,"created":1651191663102},"id":"ide.start"}}
{"recorder_version":"9","session":"cfc9d3deca76","build":"191.6183.87","bucket":"87","time":1651191663437,"group":{"id":"project.fs","version":"1"},"event":{"state":true,"data":{"os":"Windows","cs-project":false,"created":1651191663439,"project":"c938f837cc5573a44f8c28b25263ac61ed2b50ac2c3a837cd72b373b06ece8fa","cs-implicit":true,"cs-system":false},"id":"case-sensitivity"}}
{"recorder_version":"9","session":"cfc9d3deca76","build":"191.6183.87","bucket":"87","time":1651191663437,"group":{"id":"project.fs","version":"1"},"event":{"state":true,"data":{"created":1651191663439},"id":"invoked"}}
{"recorder_version":"9","session":"cfc9d3deca76","build":"191.6183.87","bucket":"87","time":1651191663449,"group":{"id":"project.fs","version":"1"},"event":{"state":true,"data":{"pct-non-watched":0,"created":1651191663449,"project":"c938f837cc5573a44f8c28b25263ac61ed2b50ac2c3a837cd72b373b06ece8fa"},"id":"roots-watched"}}
{"recorder_version":"9","session":"cfc9d3deca76","build":"191.6183.87","bucket":"87","time":1651191663449,"group":{"id":"project.fs","version":"1"},"event":{"state":true,"data":{"created":1651191663449},"id":"invoked"}}
{"recorder_version":"9","session":"cfc9d3deca76","build":"191.6183.87","bucket":"87","time":1651191663501,"group":{"id":"performance","version":"9"},"event":{"count":1,"data":{"duration_ms":227,"created":1651191663501},"id":"ui.lagging"}}
{"recorder_version":"9","session":"cfc9d3deca76","build":"191.6183.87","bucket":"87","time":1651191663582,"group":{"id":"ui.dialogs","version":"9"},"event":{"count":1,"data":{"code":1,"created":1651191663615,"plugin_type":"PLATFORM","type":"close"},"id":"com.intellij.openapi.progress.util.ProgressDialog$MyDialogWrapper"}}
{"recorder_version":"9","session":"cfc9d3deca76","build":"191.6183.87","bucket":"87","time":1651191663648,"group":{"id":"lifecycle","version":"9"},"event":{"count":1,"data":{"created":1651191663648,"time_ms":4648,"project":"c938f837cc5573a44f8c28b25263ac61ed2b50ac2c3a837cd72b373b06ece8fa"},"id":"project.opening.finished"}}
{"recorder_version":"9","session":"cfc9d3deca76","build":"191.6183.87","bucket":"87","time":1651191719648,"group":{"id":"performance","version":"9"},"event":{"count":1,"data":{"duration_ms":1795,"created":1651191719648},"id":"ui.lagging"}}
{"recorder_version":"9","session":"cfc9d3deca76","build":"191.6183.87","bucket":"87","time":1651191719648,"group":{"id":"performance","version":"9"},"event":{"count":1,"data":{"duration_ms":788,"created":1651191719648},"id":"ui.lagging"}}
{"recorder_version":"9","session":"cfc9d3deca76","build":"191.6183.87","bucket":"87","time":1651191726570,"group":{"id":"ui.dialogs","version":"9"},"event":{"count":1,"data":{"code":1,"created":1651191726570,"plugin_type":"PLATFORM","type":"close"},"id":"com.intellij.ide.util.TipDialog"}}
{"recorder_version":"9","session":"cfc9d3deca76","build":"191.6183.87","bucket":"87","time":1651191730894,"group":{"id":"performance","version":"9"},"event":{"count":1,"data":{"duration_ms":2025,"created":1651191730894},"id":"ui.lagging"}}
{"recorder_version":"9","session":"cfc9d3deca76","build":"191.6183.87","bucket":"87","time":1651191730896,"group":{"id":"performance","version":"9"},"event":{"count":1,"data":{"duration_ms":1026,"created":1651191730896},"id":"ui.lagging"}}
{"recorder_version":"9","session":"cfc9d3deca76","build":"191.6183.87","bucket":"87","time":1651191748891,"group":{"id":"actions","version":"9"},"event":{"count":1,"data":{"context_menu":true,"os":"Windows","created":1651191748892,"plugin_type":"PLATFORM","project":"c938f837cc5573a44f8c28b25263ac61ed2b50ac2c3a837cd72b373b06ece8fa","place":"MainMenu"},"id":"com.intellij.ide.actions.ActivateToolWindowAction"}}
{"recorder_version":"9","session":"cfc9d3deca76","build":"191.6183.87","bucket":"87","time":1651191759882,"group":{"id":"performance","version":"9"},"event":{"count":1,"data":{"duration_ms":0,"created":1651191759882},"id":"ui.latency"}}
{"recorder_version":"9","session":"cfc9d3deca76","build":"191.6183.87","bucket":"87","time":1651191761799,"group":{"id":"actions","version":"9"},"event":{"count":1,"data":{"context_menu":true,"os":"Windows","created":1651191761799,"plugin_type":"PLATFORM","project":"c938f837cc5573a44f8c28b25263ac61ed2b50ac2c3a837cd72b373b06ece8fa","place":"MainMenu"},"id":"com.intellij.ide.actions.ActivateToolWindowAction"}}
{"recorder_version":"9","session":"cfc9d3deca76","build":"191.6183.87","bucket":"87","time":1651191761799,"group":{"id":"toolwindow","version":"9"},"event":{"count":2,"data":{"os":"Windows","last":1651191766340,"created":1651191761799,"plugin_type":"NOT_LISTED"},"id":"unknown"}}
{"recorder_version":"9","session":"cfc9d3deca76","build":"191.6183.87","bucket":"87","time":1651191773957,"group":{"id":"actions","version":"9"},"event":{"count":1,"data":{"context_menu":true,"os":"Windows","created":1651191773957,"plugin_type":"PLATFORM","project":"c938f837cc5573a44f8c28b25263ac61ed2b50ac2c3a837cd72b373b06ece8fa","place":"ToolwindowPopup"},"id":"com.intellij.ide.actions.ToolWindowViewModeAction"}}
{"recorder_version":"9","session":"cfc9d3deca76","build":"191.6183.87","bucket":"87","time":1651191775177,"group":{"id":"toolwindow","version":"9"},"event":{"count":4,"data":{"os":"Windows","last":1651191777786,"created":1651191775177,"plugin_type":"NOT_LISTED"},"id":"unknown"}}
{"recorder_version":"9","session":"cfc9d3deca76","build":"191.6183.87","bucket":"87","time":1651191782730,"group":{"id":"actions","version":"9"},"event":{"count":1,"data":{"context_menu":true,"os":"Windows","created":1651191782730,"plugin_type":"PLATFORM","project":"c938f837cc5573a44f8c28b25263ac61ed2b50ac2c3a837cd72b373b06ece8fa","place":"ToolwindowPopup"},"id":"com.intellij.ide.actions.ToolWindowViewModeAction"}}
{"recorder_version":"9","session":"cfc9d3deca76","build":"191.6183.87","bucket":"87","time":1651191783015,"group":{"id":"performance","version":"9"},"event":{"count":1,"data":{"duration_ms":125,"created":1651191783017},"id":"ui.lagging"}}
{"recorder_version":"9","session":"cfc9d3deca76","build":"191.6183.87","bucket":"87","time":1651191784299,"group":{"id":"performance","version":"9"},"event":{"count":1,"data":{"duration_ms":408,"created":1651191784299},"id":"ui.lagging"}}
{"recorder_version":"9","session":"cfc9d3deca76","build":"191.6183.87","bucket":"87","time":1651191804730,"group":{"id":"actions","version":"9"},"event":{"count":1,"data":{"context_menu":false,"os":"Windows","created":1651191804730,"plugin_type":"PLATFORM","project":"c938f837cc5573a44f8c28b25263ac61ed2b50ac2c3a837cd72b373b06ece8fa","place":"ToolwindowTitle"},"id":"com.intellij.openapi.wm.impl.ToolWindowHeader$HideAction"}}
{"recorder_version":"9","session":"cfc9d3deca76","build":"191.6183.87","bucket":"87","time":1651191804860,"group":{"id":"toolbar","version":"9"},"event":{"count":1,"data":{"os":"Windows","created":1651191804860,"plugin_type":"PLATFORM","place":"ToolwindowTitle"},"id":"com.intellij.openapi.wm.impl.ToolWindowHeader$HideAction"}}
{"recorder_version":"9","session":"cfc9d3deca76","build":"191.6183.87","bucket":"87","time":1651191813220,"group":{"id":"toolwindow","version":"9"},"event":{"count":1,"data":{"os":"Windows","created":1651191813220,"plugin_type":"NOT_LISTED"},"id":"unknown"}}
{"recorder_version":"9","session":"cfc9d3deca76","build":"191.6183.87","bucket":"87","time":1651191816319,"group":{"id":"actions","version":"9"},"event":{"count":1,"data":{"context_menu":false,"os":"Windows","created":1651191816319,"plugin_type":"PLATFORM","project":"c938f837cc5573a44f8c28b25263ac61ed2b50ac2c3a837cd72b373b06ece8fa","place":"ToolwindowTitle"},"id":"com.intellij.openapi.wm.impl.ToolWindowHeader$ShowOptionsAction"}}
{"recorder_version":"9","session":"cfc9d3deca76","build":"191.6183.87","bucket":"87","time":1651191816326,"group":{"id":"toolbar","version":"9"},"event":{"count":1,"data":{"os":"Windows","created":1651191816326,"plugin_type":"PLATFORM","place":"ToolwindowTitle"},"id":"com.intellij.openapi.wm.impl.ToolWindowHeader$ShowOptionsAction"}}
{"recorder_version":"9","session":"cfc9d3deca76","build":"191.6183.87","bucket":"87","time":1651191859983,"group":{"id":"performance","version":"9"},"event":{"count":1,"data":{"duration_ms":0,"created":1651191859983},"id":"ui.latency"}}
{"recorder_version":"9","session":"cfc9d3deca76","build":"191.6183.87","bucket":"87","time":1651191936691,"group":{"id":"performance","version":"9"},"event":{"count":1,"data":{"duration_ms":273,"created":1651191936691},"id":"ui.lagging"}}
{"recorder_version":"9","session":"cfc9d3deca76","build":"191.6183.87","bucket":"87","time":1651191944176,"group":{"id":"toolwindow","version":"9"},"event":{"count":1,"data":{"os":"Windows","created":1651191944176,"plugin_type":"PLATFORM"},"id":"Project"}}
{"recorder_version":"9","session":"cfc9d3deca76","build":"191.6183.87","bucket":"87","time":1651191955062,"group":{"id":"ui.dialogs","version":"9"},"event":{"count":1,"data":{"created":1651191955062,"plugin_type":"PLATFORM","type":"show"},"id":"com.intellij.openapi.ui.messages.MessageDialog"}}
{"recorder_version":"9","session":"cfc9d3deca76","build":"191.6183.87","bucket":"87","time":1651191957269,"group":{"id":"lifecycle","version":"9"},"event":{"count":1,"data":{"restart":false,"created":1651191957269},"id":"ide.close"}}
{"recorder_version":"9","session":"cfc9d3deca76","build":"191.6183.87","bucket":"87","time":1651191958541,"group":{"id":"lifecycle","version":"9"},"event":{"count":1,"data":{"created":1651191958541,"project":"c938f837cc5573a44f8c28b25263ac61ed2b50ac2c3a837cd72b373b06ece8fa"},"id":"project.closed"}}
{"recorder_version":"9","session":"cfc9d3deca76","build":"191.6183.87","bucket":"87","time":1651191959127,"group":{"id":"build.tools.actions","version":"1"},"event":{"count":1,"data":{"created":1651191959127},"id":"registered"}}
{"recorder_version":"9","session":"cfc9d3deca76","build":"191.6183.87","bucket":"87","time":1651191959127,"group":{"id":"file.types.usage","version":"9"},"event":{"count":1,"data":{"created":1651191959127},"id":"registered"}}
{"recorder_version":"9","session":"cfc9d3deca76","build":"191.6183.87","bucket":"87","time":1651191959127,"group":{"id":"actions.runAnything","version":"1"},"event":{"count":1,"data":{"created":1651191959127},"id":"registered"}}
{"recorder_version":"9","session":"cfc9d3deca76","build":"191.6183.87","bucket":"87","time":1651191959127,"group":{"id":"toolwindow","version":"9"},"event":{"count":1,"data":{"created":1651191959127},"id":"registered"}}
{"recorder_version":"9","session":"cfc9d3deca76","build":"191.6183.87","bucket":"87","time":1651191959127,"group":{"id":"live.templates","version":"9"},"event":{"count":1,"data":{"created":1651191959127},"id":"registered"}}
{"recorder_version":"9","session":"cfc9d3deca76","build":"191.6183.87","bucket":"87","time":1651191959127,"group":{"id":"ide.self.update","version":"1"},"event":{"count":1,"data":{"created":1651191959127},"id":"registered"}}
{"recorder_version":"9","session":"cfc9d3deca76","build":"191.6183.87","bucket":"87","time":1651191959127,"group":{"id":"lifecycle","version":"9"},"event":{"count":1,"data":{"created":1651191959127},"id":"registered"}}
{"recorder_version":"9","session":"cfc9d3deca76","build":"191.6183.87","bucket":"87","time":1651191959127,"group":{"id":"vcs.diff.trigger","version":"1"},"event":{"count":1,"data":{"created":1651191959127},"id":"registered"}}
{"recorder_version":"9","session":"cfc9d3deca76","build":"191.6183.87","bucket":"87","time":1651191959127,"group":{"id":"vcs.log.trigger","version":"1"},"event":{"count":1,"data":{"created":1651191959127},"id":"registered"}}
{"recorder_version":"9","session":"cfc9d3deca76","build":"191.6183.87","bucket":"87","time":1651191959127,"group":{"id":"productivity","version":"9"},"event":{"count":1,"data":{"created":1651191959127},"id":"registered"}}
{"recorder_version":"9","session":"cfc9d3deca76","build":"191.6183.87","bucket":"87","time":1651191959127,"group":{"id":"debugger.breakpoints.usage","version":"1"},"event":{"count":1,"data":{"created":1651191959127},"id":"registered"}}
{"recorder_version":"9","session":"cfc9d3deca76","build":"191.6183.87","bucket":"87","time":1651191959127,"group":{"id":"build.maven.actions","version":"1"},"event":{"count":1,"data":{"created":1651191959127},"id":"registered"}}
{"recorder_version":"9","session":"cfc9d3deca76","build":"191.6183.87","bucket":"87","time":1651191959127,"group":{"id":"intentions","version":"9"},"event":{"count":1,"data":{"created":1651191959127},"id":"registered"}}
{"recorder_version":"9","session":"cfc9d3deca76","build":"191.6183.87","bucket":"87","time":1651191959127,"group":{"id":"ui.dialogs","version":"9"},"event":{"count":1,"data":{"created":1651191959127},"id":"registered"}}
{"recorder_version":"9","session":"cfc9d3deca76","build":"191.6183.87","bucket":"87","time":1651191959127,"group":{"id":"vcs.back.forward.trigger","version":"1"},"event":{"count":1,"data":{"created":1651191959127},"id":"registered"}}
{"recorder_version":"9","session":"cfc9d3deca76","build":"191.6183.87","bucket":"87","time":1651191959127,"group":{"id":"toolbar","version":"9"},"event":{"count":1,"data":{"created":1651191959127},"id":"registered"}}
{"recorder_version":"9","session":"cfc9d3deca76","build":"191.6183.87","bucket":"87","time":1651191959127,"group":{"id":"build.gradle.actions","version":"1"},"event":{"count":1,"data":{"created":1651191959127},"id":"registered"}}
{"recorder_version":"9","session":"cfc9d3deca76","build":"191.6183.87","bucket":"87","time":1651191959127,"group":{"id":"performance","version":"9"},"event":{"count":1,"data":{"created":1651191959127},"id":"registered"}}
{"recorder_version":"9","session":"cfc9d3deca76","build":"191.6183.87","bucket":"87","time":1651191959127,"group":{"id":"searchEverywhere","version":"1"},"event":{"count":1,"data":{"created":1651191959127},"id":"registered"}}
{"recorder_version":"9","session":"cfc9d3deca76","build":"191.6183.87","bucket":"87","time":1651191959127,"group":{"id":"ui.tips","version":"1"},"event":{"count":1,"data":{"created":1651191959127},"id":"registered"}}
{"recorder_version":"9","session":"cfc9d3deca76","build":"191.6183.87","bucket":"87","time":1651191959127,"group":{"id":"import.old.config","version":"1"},"event":{"count":1,"data":{"created":1651191959127},"id":"registered"}}
{"recorder_version":"9","session":"cfc9d3deca76","build":"191.6183.87","bucket":"87","time":1651191959127,"group":{"id":"json.schema","version":"1"},"event":{"count":1,"data":{"created":1651191959127},"id":"registered"}}
{"recorder_version":"9","session":"cfc9d3deca76","build":"191.6183.87","bucket":"87","time":1651191959127,"group":{"id":"terminalShell","version":"1"},"event":{"count":1,"data":{"created":1651191959127},"id":"registered"}}
{"recorder_version":"9","session":"cfc9d3deca76","build":"191.6183.87","bucket":"87","time":1651191959127,"group":{"id":"completion.postfix","version":"9"},"event":{"count":1,"data":{"created":1651191959127},"id":"registered"}}
{"recorder_version":"9","session":"cfc9d3deca76","build":"191.6183.87","bucket":"87","time":1651191959127,"group":{"id":"actions","version":"9"},"event":{"count":1,"data":{"created":1651191959127},"id":"registered"}}
{"recorder_version":"9","session":"cfc9d3deca76","build":"191.6183.87","bucket":"87","time":1651191959127,"group":{"id":"run.configuration.exec","version":"9"},"event":{"count":1,"data":{"created":1651191959127},"id":"registered"}}
